Flow report for Lab6
Thu Oct 28 19:52:53 2021
Quartus Prime Version 20.1.1 Build 720 11/11/2020 SJ Lite Edition


---------------------
; Table of Contents ;
---------------------
  1. Legal Notice
  2. Flow Summary
  3. Flow Settings
  4. Flow Non-Default Global Settings
  5. Flow Elapsed Time
  6. Flow OS Summary
  7. Flow Log
  8. Flow Messages
  9. Flow Suppressed Messages



----------------
; Legal Notice ;
----------------
Copyright (C) 2020  Intel Corporation. All rights reserved.
Your use of Intel Corporation's design tools, logic functions 
and other software and tools, and any partner logic 
functions, and any output files from any of the foregoing 
(including device programming or simulation files), and any 
associated documentation or information are expressly subject 
to the terms and conditions of the Intel Program License 
Subscription Agreement, the Intel Quartus Prime License Agreement,
the Intel FPGA IP License Agreement, or other applicable license
agreement, including, without limitation, that your use is for
the sole purpose of programming logic devices manufactured by
Intel and sold by Intel or its authorized distributors.  Please
refer to the applicable agreement for further details, at
https://fpgasoftware.intel.com/eula.



+----------------------------------------------------------------------------------+
; Flow Summary                                                                     ;
+------------------------------------+---------------------------------------------+
; Flow Status                        ; Successful - Thu Oct 28 19:52:53 2021       ;
; Quartus Prime Version              ; 20.1.1 Build 720 11/11/2020 SJ Lite Edition ;
; Revision Name                      ; Lab6                                        ;
; Top-level Entity Name              ; ALU                                         ;
; Family                             ; Cyclone IV E                                ;
; Device                             ; EP4CE6E22C8                                 ;
; Timing Models                      ; Final                                       ;
; Total logic elements               ; 23 / 6,272 ( < 1 % )                        ;
;     Total combinational functions  ; 23 / 6,272 ( < 1 % )                        ;
;     Dedicated logic registers      ; 0 / 6,272 ( 0 % )                           ;
; Total registers                    ; 0                                           ;
; Total pins                         ; 18 / 92 ( 20 % )                            ;
; Total virtual pins                 ; 0                                           ;
; Total memory bits                  ; 0 / 276,480 ( 0 % )                         ;
; Embedded Multiplier 9-bit elements ; 0 / 30 ( 0 % )                              ;
; Total PLLs                         ; 0 / 2 ( 0 % )                               ;
+------------------------------------+---------------------------------------------+


+-----------------------------------------+
; Flow Settings                           ;
+-------------------+---------------------+
; Option            ; Setting             ;
+-------------------+---------------------+
; Start date & time ; 10/28/2021 19:42:12 ;
; Main task         ; Compilation         ;
; Revision Name     ; Lab6                ;
+-------------------+---------------------+


+-------------------------------------------------------------------------------------------------------------------------+
; Flow Non-Default Global Settings                                                                                        ;
+-------------------------------------+----------------------------------------+---------------+-------------+------------+
; Assignment Name                     ; Value                                  ; Default Value ; Entity Name ; Section Id ;
+-------------------------------------+----------------------------------------+---------------+-------------+------------+
; COMPILER_SIGNATURE_ID               ; 66120941290093.163541053210524         ; --            ; --          ; --         ;
; MAX_CORE_JUNCTION_TEMP              ; 85                                     ; --            ; --          ; --         ;
; MIN_CORE_JUNCTION_TEMP              ; 0                                      ; --            ; --          ; --         ;
; NOMINAL_CORE_SUPPLY_VOLTAGE         ; 1.2V                                   ; --            ; --          ; --         ;
; PARTITION_COLOR                     ; -- (Not supported for targeted family) ; --            ; ALU         ; Top        ;
; PARTITION_FITTER_PRESERVATION_LEVEL ; -- (Not supported for targeted family) ; --            ; ALU         ; Top        ;
; PARTITION_NETLIST_TYPE              ; -- (Not supported for targeted family) ; --            ; ALU         ; Top        ;
; PROJECT_OUTPUT_DIRECTORY            ; output_files                           ; --            ; --          ; --         ;
; TOP_LEVEL_ENTITY                    ; ALU                                    ; Lab6          ; --          ; --         ;
+-------------------------------------+----------------------------------------+---------------+-------------+------------+


+--------------------------------------------------------------------------------------------------------------------------+
; Flow Elapsed Time                                                                                                        ;
+----------------------+--------------+-------------------------+---------------------+------------------------------------+
; Module Name          ; Elapsed Time ; Average Processors Used ; Peak Virtual Memory ; Total CPU Time (on all processors) ;
+----------------------+--------------+-------------------------+---------------------+------------------------------------+
; Analysis & Synthesis ; 00:00:08     ; 1.0                     ; 4742 MB             ; 00:00:19                           ;
; Fitter               ; 00:00:03     ; 1.0                     ; 5483 MB             ; 00:00:03                           ;
; Assembler            ; 00:00:01     ; 1.0                     ; 4675 MB             ; 00:00:01                           ;
; Timing Analyzer      ; 00:00:01     ; 1.0                     ; 4751 MB             ; 00:00:01                           ;
; EDA Netlist Writer   ; 00:00:01     ; 1.0                     ; 4626 MB             ; 00:00:00                           ;
; EDA Netlist Writer   ; 00:00:01     ; 1.0                     ; 4633 MB             ; 00:00:01                           ;
; EDA Netlist Writer   ; 00:00:00     ; 1.0                     ; 4626 MB             ; 00:00:00                           ;
; EDA Netlist Writer   ; 00:00:01     ; 1.0                     ; 4633 MB             ; 00:00:01                           ;
; EDA Netlist Writer   ; 00:00:01     ; 1.0                     ; 4626 MB             ; 00:00:00                           ;
; EDA Netlist Writer   ; 00:00:00     ; 1.0                     ; 4633 MB             ; 00:00:01                           ;
; EDA Netlist Writer   ; 00:00:01     ; 1.0                     ; 4626 MB             ; 00:00:00                           ;
; EDA Netlist Writer   ; 00:00:01     ; 1.0                     ; 4633 MB             ; 00:00:00                           ;
; EDA Netlist Writer   ; 00:00:01     ; 1.0                     ; 4626 MB             ; 00:00:00                           ;
; EDA Netlist Writer   ; 00:00:01     ; 1.0                     ; 4633 MB             ; 00:00:01                           ;
; EDA Netlist Writer   ; 00:00:01     ; 1.0                     ; 4626 MB             ; 00:00:00                           ;
; EDA Netlist Writer   ; 00:00:01     ; 1.0                     ; 4633 MB             ; 00:00:01                           ;
; EDA Netlist Writer   ; 00:00:00     ; 1.0                     ; 4626 MB             ; 00:00:00                           ;
; EDA Netlist Writer   ; 00:00:00     ; 1.0                     ; 4633 MB             ; 00:00:00                           ;
; EDA Netlist Writer   ; 00:00:01     ; 1.0                     ; 4626 MB             ; 00:00:00                           ;
; EDA Netlist Writer   ; 00:00:01     ; 1.0                     ; 4633 MB             ; 00:00:01                           ;
; EDA Netlist Writer   ; 00:00:00     ; 1.0                     ; 4626 MB             ; 00:00:00                           ;
; EDA Netlist Writer   ; 00:00:00     ; 1.0                     ; 4633 MB             ; 00:00:00                           ;
; EDA Netlist Writer   ; 00:00:00     ; 1.0                     ; 4626 MB             ; 00:00:00                           ;
; EDA Netlist Writer   ; 00:00:00     ; 1.0                     ; 4633 MB             ; 00:00:00                           ;
; EDA Netlist Writer   ; 00:00:00     ; 1.0                     ; 4626 MB             ; 00:00:00                           ;
; EDA Netlist Writer   ; 00:00:00     ; 1.0                     ; 4633 MB             ; 00:00:01                           ;
; EDA Netlist Writer   ; 00:00:00     ; 1.0                     ; 4626 MB             ; 00:00:00                           ;
; EDA Netlist Writer   ; 00:00:01     ; 1.0                     ; 4633 MB             ; 00:00:00                           ;
; EDA Netlist Writer   ; 00:00:01     ; 1.0                     ; 4626 MB             ; 00:00:00                           ;
; EDA Netlist Writer   ; 00:00:00     ; 1.0                     ; 4633 MB             ; 00:00:00                           ;
; Total                ; 00:00:27     ; --                      ; --                  ; 00:00:31                           ;
+----------------------+--------------+-------------------------+---------------------+------------------------------------+


+------------------------------------------------------------------------------------+
; Flow OS Summary                                                                    ;
+----------------------+------------------+------------+------------+----------------+
; Module Name          ; Machine Hostname ; OS Name    ; OS Version ; Processor type ;
+----------------------+------------------+------------+------------+----------------+
; Analysis & Synthesis ; DESKTOP-UA0312G  ; Windows 10 ; 10.0       ; x86_64         ;
; Fitter               ; DESKTOP-UA0312G  ; Windows 10 ; 10.0       ; x86_64         ;
; Assembler            ; DESKTOP-UA0312G  ; Windows 10 ; 10.0       ; x86_64         ;
; Timing Analyzer      ; DESKTOP-UA0312G  ; Windows 10 ; 10.0       ; x86_64         ;
; EDA Netlist Writer   ; DESKTOP-UA0312G  ; Windows 10 ; 10.0       ; x86_64         ;
; EDA Netlist Writer   ; DESKTOP-UA0312G  ; Windows 10 ; 10.0       ; x86_64         ;
; EDA Netlist Writer   ; DESKTOP-UA0312G  ; Windows 10 ; 10.0       ; x86_64         ;
; EDA Netlist Writer   ; DESKTOP-UA0312G  ; Windows 10 ; 10.0       ; x86_64         ;
; EDA Netlist Writer   ; DESKTOP-UA0312G  ; Windows 10 ; 10.0       ; x86_64         ;
; EDA Netlist Writer   ; DESKTOP-UA0312G  ; Windows 10 ; 10.0       ; x86_64         ;
; EDA Netlist Writer   ; DESKTOP-UA0312G  ; Windows 10 ; 10.0       ; x86_64         ;
; EDA Netlist Writer   ; DESKTOP-UA0312G  ; Windows 10 ; 10.0       ; x86_64         ;
; EDA Netlist Writer   ; DESKTOP-UA0312G  ; Windows 10 ; 10.0       ; x86_64         ;
; EDA Netlist Writer   ; DESKTOP-UA0312G  ; Windows 10 ; 10.0       ; x86_64         ;
; EDA Netlist Writer   ; DESKTOP-UA0312G  ; Windows 10 ; 10.0       ; x86_64         ;
; EDA Netlist Writer   ; DESKTOP-UA0312G  ; Windows 10 ; 10.0       ; x86_64         ;
; EDA Netlist Writer   ; DESKTOP-UA0312G  ; Windows 10 ; 10.0       ; x86_64         ;
; EDA Netlist Writer   ; DESKTOP-UA0312G  ; Windows 10 ; 10.0       ; x86_64         ;
; EDA Netlist Writer   ; DESKTOP-UA0312G  ; Windows 10 ; 10.0       ; x86_64         ;
; EDA Netlist Writer   ; DESKTOP-UA0312G  ; Windows 10 ; 10.0       ; x86_64         ;
; EDA Netlist Writer   ; DESKTOP-UA0312G  ; Windows 10 ; 10.0       ; x86_64         ;
; EDA Netlist Writer   ; DESKTOP-UA0312G  ; Windows 10 ; 10.0       ; x86_64         ;
; EDA Netlist Writer   ; DESKTOP-UA0312G  ; Windows 10 ; 10.0       ; x86_64         ;
; EDA Netlist Writer   ; DESKTOP-UA0312G  ; Windows 10 ; 10.0       ; x86_64         ;
; EDA Netlist Writer   ; DESKTOP-UA0312G  ; Windows 10 ; 10.0       ; x86_64         ;
; EDA Netlist Writer   ; DESKTOP-UA0312G  ; Windows 10 ; 10.0       ; x86_64         ;
; EDA Netlist Writer   ; DESKTOP-UA0312G  ; Windows 10 ; 10.0       ; x86_64         ;
; EDA Netlist Writer   ; DESKTOP-UA0312G  ; Windows 10 ; 10.0       ; x86_64         ;
; EDA Netlist Writer   ; DESKTOP-UA0312G  ; Windows 10 ; 10.0       ; x86_64         ;
; EDA Netlist Writer   ; DESKTOP-UA0312G  ; Windows 10 ; 10.0       ; x86_64         ;
+----------------------+------------------+------------+------------+----------------+


------------
; Flow Log ;
------------
quartus_map --read_settings_files=on --write_settings_files=off Lab6 -c Lab6
quartus_fit --read_settings_files=off --write_settings_files=off Lab6 -c Lab6
quartus_asm --read_settings_files=off --write_settings_files=off Lab6 -c Lab6
quartus_sta Lab6 -c Lab6
quartus_eda --gen_testbench --tool=modelsim_oem --format=verilog --write_settings_files=off Lab6 -c Lab6 --vector_source=C:/Users/sc2co/Desktop/13244785/Lab6/Waveform2.vwf --testbench_file=C:/Users/sc2co/Desktop/13244785/Lab6/simulation/qsim/Waveform2.vwf.vt
quartus_eda --write_settings_files=off --simulation=on --functional=on --flatten_buses=off --tool=modelsim_oem --format=verilog --output_directory=C:/Users/sc2co/Desktop/13244785/Lab6/simulation/qsim/ Lab6 -c Lab6
quartus_eda --gen_testbench --tool=modelsim_oem --format=verilog --write_settings_files=off Lab6 -c Lab6 --vector_source=C:/Users/sc2co/Desktop/13244785/Lab6/Waveform2.vwf --testbench_file=C:/Users/sc2co/Desktop/13244785/Lab6/simulation/qsim/Waveform2.vwf.vt
quartus_eda --write_settings_files=off --simulation=on --functional=on --flatten_buses=off --tool=modelsim_oem --format=verilog --output_directory=C:/Users/sc2co/Desktop/13244785/Lab6/simulation/qsim/ Lab6 -c Lab6
quartus_eda --gen_testbench --tool=modelsim_oem --format=verilog --write_settings_files=off Lab6 -c Lab6 --vector_source=C:/Users/sc2co/Desktop/13244785/Lab6/Waveform2.vwf --testbench_file=C:/Users/sc2co/Desktop/13244785/Lab6/simulation/qsim/Waveform2.vwf.vt
quartus_eda --write_settings_files=off --simulation=on --functional=on --flatten_buses=off --tool=modelsim_oem --format=verilog --output_directory=C:/Users/sc2co/Desktop/13244785/Lab6/simulation/qsim/ Lab6 -c Lab6
quartus_eda --gen_testbench --tool=modelsim_oem --format=verilog --write_settings_files=off Lab6 -c Lab6 --vector_source=C:/Users/sc2co/Desktop/13244785/Lab6/Waveform2.vwf --testbench_file=C:/Users/sc2co/Desktop/13244785/Lab6/simulation/qsim/Waveform2.vwf.vt
quartus_eda --write_settings_files=off --simulation=on --functional=on --flatten_buses=off --tool=modelsim_oem --format=verilog --output_directory=C:/Users/sc2co/Desktop/13244785/Lab6/simulation/qsim/ Lab6 -c Lab6
quartus_eda --gen_testbench --tool=modelsim_oem --format=verilog --write_settings_files=off Lab6 -c Lab6 --vector_source=C:/Users/sc2co/Desktop/13244785/Lab6/Waveform2.vwf --testbench_file=C:/Users/sc2co/Desktop/13244785/Lab6/simulation/qsim/Waveform2.vwf.vt
quartus_eda --write_settings_files=off --simulation=on --functional=on --flatten_buses=off --tool=modelsim_oem --format=verilog --output_directory=C:/Users/sc2co/Desktop/13244785/Lab6/simulation/qsim/ Lab6 -c Lab6
quartus_eda --gen_testbench --tool=modelsim_oem --format=verilog --write_settings_files=off Lab6 -c Lab6 --vector_source=C:/Users/sc2co/Desktop/13244785/Lab6/Waveform2.vwf --testbench_file=C:/Users/sc2co/Desktop/13244785/Lab6/simulation/qsim/Waveform2.vwf.vt
quartus_eda --write_settings_files=off --simulation=on --functional=on --flatten_buses=off --tool=modelsim_oem --format=verilog --output_directory=C:/Users/sc2co/Desktop/13244785/Lab6/simulation/qsim/ Lab6 -c Lab6
quartus_eda --gen_testbench --tool=modelsim_oem --format=verilog --write_settings_files=off Lab6 -c Lab6 --vector_source=C:/Users/sc2co/Desktop/13244785/Lab6/Waveform2.vwf --testbench_file=C:/Users/sc2co/Desktop/13244785/Lab6/simulation/qsim/Waveform2.vwf.vt
quartus_eda --write_settings_files=off --simulation=on --functional=on --flatten_buses=off --tool=modelsim_oem --format=verilog --output_directory=C:/Users/sc2co/Desktop/13244785/Lab6/simulation/qsim/ Lab6 -c Lab6
quartus_eda --gen_testbench --tool=modelsim_oem --format=verilog --write_settings_files=off Lab6 -c Lab6 --vector_source=C:/Users/sc2co/Desktop/13244785/Lab6/Waveform2.vwf --testbench_file=C:/Users/sc2co/Desktop/13244785/Lab6/simulation/qsim/Waveform2.vwf.vt
quartus_eda --write_settings_files=off --simulation=on --functional=on --flatten_buses=off --tool=modelsim_oem --format=verilog --output_directory=C:/Users/sc2co/Desktop/13244785/Lab6/simulation/qsim/ Lab6 -c Lab6
quartus_eda --gen_testbench --tool=modelsim_oem --format=verilog --write_settings_files=off Lab6 -c Lab6 --vector_source=C:/Users/sc2co/Desktop/13244785/Lab6/Waveform2.vwf --testbench_file=C:/Users/sc2co/Desktop/13244785/Lab6/simulation/qsim/Waveform2.vwf.vt
quartus_eda --write_settings_files=off --simulation=on --functional=on --flatten_buses=off --tool=modelsim_oem --format=verilog --output_directory=C:/Users/sc2co/Desktop/13244785/Lab6/simulation/qsim/ Lab6 -c Lab6
quartus_eda --gen_testbench --tool=modelsim_oem --format=verilog --write_settings_files=off Lab6 -c Lab6 --vector_source=C:/Users/sc2co/Desktop/13244785/Lab6/Waveform2.vwf --testbench_file=C:/Users/sc2co/Desktop/13244785/Lab6/simulation/qsim/Waveform2.vwf.vt
quartus_eda --write_settings_files=off --simulation=on --functional=on --flatten_buses=off --tool=modelsim_oem --format=verilog --output_directory=C:/Users/sc2co/Desktop/13244785/Lab6/simulation/qsim/ Lab6 -c Lab6
quartus_eda --gen_testbench --tool=modelsim_oem --format=verilog --write_settings_files=off Lab6 -c Lab6 --vector_source=C:/Users/sc2co/Desktop/13244785/Lab6/Waveform2.vwf --testbench_file=C:/Users/sc2co/Desktop/13244785/Lab6/simulation/qsim/Waveform2.vwf.vt
quartus_eda --write_settings_files=off --simulation=on --functional=on --flatten_buses=off --tool=modelsim_oem --format=verilog --output_directory=C:/Users/sc2co/Desktop/13244785/Lab6/simulation/qsim/ Lab6 -c Lab6
quartus_eda --gen_testbench --tool=modelsim_oem --format=verilog --write_settings_files=off Lab6 -c Lab6 --vector_source=C:/Users/sc2co/Desktop/13244785/Lab6/Waveform2.vwf --testbench_file=C:/Users/sc2co/Desktop/13244785/Lab6/simulation/qsim/Waveform2.vwf.vt
quartus_eda --write_settings_files=off --simulation=on --functional=on --flatten_buses=off --tool=modelsim_oem --format=verilog --output_directory=C:/Users/sc2co/Desktop/13244785/Lab6/simulation/qsim/ Lab6 -c Lab6
quartus_eda --gen_testbench --tool=modelsim_oem --format=verilog --write_settings_files=off Lab6 -c Lab6 --vector_source=C:/Users/sc2co/Desktop/13244785/Lab6/Waveform2.vwf --testbench_file=C:/Users/sc2co/Desktop/13244785/Lab6/simulation/qsim/Waveform2.vwf.vt
quartus_eda --write_settings_files=off --simulation=on --functional=on --flatten_buses=off --tool=modelsim_oem --format=verilog --output_directory=C:/Users/sc2co/Desktop/13244785/Lab6/simulation/qsim/ Lab6 -c Lab6



