Analysis & Synthesis report for Lab6
Thu Oct 28 19:42:20 2021
Quartus Prime Version 20.1.1 Build 720 11/11/2020 SJ Lite Edition


---------------------
; Table of Contents ;
---------------------
  1. Legal Notice
  2. Analysis & Synthesis Summary
  3. Analysis & Synthesis Settings
  4. Parallel Compilation
  5. Analysis & Synthesis Source Files Read
  6. Analysis & Synthesis Resource Usage Summary
  7. Analysis & Synthesis Resource Utilization by Entity
  8. General Register Statistics
  9. Parameter Settings for User Entity Instance: ALU_1:inst3|MUX:inst3
 10. Parameter Settings for User Entity Instance: ALU_1:inst3|Logic:inst2|MUX:inst5
 11. Parameter Settings for User Entity Instance: ALU_1:inst|MUX:inst3
 12. Parameter Settings for User Entity Instance: ALU_1:inst|Logic:inst2|MUX:inst5
 13. Parameter Settings for User Entity Instance: ALU_1:inst2|MUX:inst3
 14. Parameter Settings for User Entity Instance: ALU_1:inst2|Logic:inst2|MUX:inst5
 15. Parameter Settings for User Entity Instance: ALU_1:inst4|MUX:inst3
 16. Parameter Settings for User Entity Instance: ALU_1:inst4|Logic:inst2|MUX:inst5
 17. Post-Synthesis Netlist Statistics for Top Partition
 18. Elapsed Time Per Partition
 19. Analysis & Synthesis Messages



----------------
; Legal Notice ;
----------------
Copyright (C) 2020  Intel Corporation. All rights reserved.
Your use of Intel Corporation's design tools, logic functions 
and other software and tools, and any partner logic 
functions, and any output files from any of the foregoing 
(including device programming or simulation files), and any 
associated documentation or information are expressly subject 
to the terms and conditions of the Intel Program License 
Subscription Agreement, the Intel Quartus Prime License Agreement,
the Intel FPGA IP License Agreement, or other applicable license
agreement, including, without limitation, that your use is for
the sole purpose of programming logic devices manufactured by
Intel and sold by Intel or its authorized distributors.  Please
refer to the applicable agreement for further details, at
https://fpgasoftware.intel.com/eula.



+----------------------------------------------------------------------------------+
; Analysis & Synthesis Summary                                                     ;
+------------------------------------+---------------------------------------------+
; Analysis & Synthesis Status        ; Successful - Thu Oct 28 19:42:20 2021       ;
; Quartus Prime Version              ; 20.1.1 Build 720 11/11/2020 SJ Lite Edition ;
; Revision Name                      ; Lab6                                        ;
; Top-level Entity Name              ; ALU                                         ;
; Family                             ; Cyclone IV E                                ;
; Total logic elements               ; 23                                          ;
;     Total combinational functions  ; 23                                          ;
;     Dedicated logic registers      ; 0                                           ;
; Total registers                    ; 0                                           ;
; Total pins                         ; 18                                          ;
; Total virtual pins                 ; 0                                           ;
; Total memory bits                  ; 0                                           ;
; Embedded Multiplier 9-bit elements ; 0                                           ;
; Total PLLs                         ; 0                                           ;
+------------------------------------+---------------------------------------------+


+------------------------------------------------------------------------------------------------------------+
; Analysis & Synthesis Settings                                                                              ;
+------------------------------------------------------------------+--------------------+--------------------+
; Option                                                           ; Setting            ; Default Value      ;
+------------------------------------------------------------------+--------------------+--------------------+
; Device                                                           ; EP4CE6E22C8        ;                    ;
; Top-level entity name                                            ; ALU                ; Lab6               ;
; Family name                                                      ; Cyclone IV E       ; Cyclone V          ;
; Use smart compilation                                            ; Off                ; Off                ;
; Enable parallel Assembler and Timing Analyzer during compilation ; On                 ; On                 ;
; Enable compact report table                                      ; Off                ; Off                ;
; Restructure Multiplexers                                         ; Auto               ; Auto               ;
; Create Debugging Nodes for IP Cores                              ; Off                ; Off                ;
; Preserve fewer node names                                        ; On                 ; On                 ;
; Intel FPGA IP Evaluation Mode                                    ; Enable             ; Enable             ;
; Verilog Version                                                  ; Verilog_2001       ; Verilog_2001       ;
; VHDL Version                                                     ; VHDL_1993          ; VHDL_1993          ;
; State Machine Processing                                         ; Auto               ; Auto               ;
; Safe State Machine                                               ; Off                ; Off                ;
; Extract Verilog State Machines                                   ; On                 ; On                 ;
; Extract VHDL State Machines                                      ; On                 ; On                 ;
; Ignore Verilog initial constructs                                ; Off                ; Off                ;
; Iteration limit for constant Verilog loops                       ; 5000               ; 5000               ;
; Iteration limit for non-constant Verilog loops                   ; 250                ; 250                ;
; Add Pass-Through Logic to Inferred RAMs                          ; On                 ; On                 ;
; Infer RAMs from Raw Logic                                        ; On                 ; On                 ;
; Parallel Synthesis                                               ; On                 ; On                 ;
; DSP Block Balancing                                              ; Auto               ; Auto               ;
; NOT Gate Push-Back                                               ; On                 ; On                 ;
; Power-Up Don't Care                                              ; On                 ; On                 ;
; Remove Redundant Logic Cells                                     ; Off                ; Off                ;
; Remove Duplicate Registers                                       ; On                 ; On                 ;
; Ignore CARRY Buffers                                             ; Off                ; Off                ;
; Ignore CASCADE Buffers                                           ; Off                ; Off                ;
; Ignore GLOBAL Buffers                                            ; Off                ; Off                ;
; Ignore ROW GLOBAL Buffers                                        ; Off                ; Off                ;
; Ignore LCELL Buffers                                             ; Off                ; Off                ;
; Ignore SOFT Buffers                                              ; On                 ; On                 ;
; Limit AHDL Integers to 32 Bits                                   ; Off                ; Off                ;
; Optimization Technique                                           ; Balanced           ; Balanced           ;
; Carry Chain Length                                               ; 70                 ; 70                 ;
; Auto Carry Chains                                                ; On                 ; On                 ;
; Auto Open-Drain Pins                                             ; On                 ; On                 ;
; Perform WYSIWYG Primitive Resynthesis                            ; Off                ; Off                ;
; Auto ROM Replacement                                             ; On                 ; On                 ;
; Auto RAM Replacement                                             ; On                 ; On                 ;
; Auto DSP Block Replacement                                       ; On                 ; On                 ;
; Auto Shift Register Replacement                                  ; Auto               ; Auto               ;
; Allow Shift Register Merging across Hierarchies                  ; Auto               ; Auto               ;
; Auto Clock Enable Replacement                                    ; On                 ; On                 ;
; Strict RAM Replacement                                           ; Off                ; Off                ;
; Allow Synchronous Control Signals                                ; On                 ; On                 ;
; Force Use of Synchronous Clear Signals                           ; Off                ; Off                ;
; Auto RAM Block Balancing                                         ; On                 ; On                 ;
; Auto RAM to Logic Cell Conversion                                ; Off                ; Off                ;
; Auto Resource Sharing                                            ; Off                ; Off                ;
; Allow Any RAM Size For Recognition                               ; Off                ; Off                ;
; Allow Any ROM Size For Recognition                               ; Off                ; Off                ;
; Allow Any Shift Register Size For Recognition                    ; Off                ; Off                ;
; Use LogicLock Constraints during Resource Balancing              ; On                 ; On                 ;
; Ignore translate_off and synthesis_off directives                ; Off                ; Off                ;
; Timing-Driven Synthesis                                          ; On                 ; On                 ;
; Report Parameter Settings                                        ; On                 ; On                 ;
; Report Source Assignments                                        ; On                 ; On                 ;
; Report Connectivity Checks                                       ; On                 ; On                 ;
; Ignore Maximum Fan-Out Assignments                               ; Off                ; Off                ;
; Synchronization Register Chain Length                            ; 2                  ; 2                  ;
; Power Optimization During Synthesis                              ; Normal compilation ; Normal compilation ;
; HDL message level                                                ; Level2             ; Level2             ;
; Suppress Register Optimization Related Messages                  ; Off                ; Off                ;
; Number of Removed Registers Reported in Synthesis Report         ; 5000               ; 5000               ;
; Number of Swept Nodes Reported in Synthesis Report               ; 5000               ; 5000               ;
; Number of Inverted Registers Reported in Synthesis Report        ; 100                ; 100                ;
; Clock MUX Protection                                             ; On                 ; On                 ;
; Auto Gated Clock Conversion                                      ; Off                ; Off                ;
; Block Design Naming                                              ; Auto               ; Auto               ;
; SDC constraint protection                                        ; Off                ; Off                ;
; Synthesis Effort                                                 ; Auto               ; Auto               ;
; Shift Register Replacement - Allow Asynchronous Clear Signal     ; On                 ; On                 ;
; Pre-Mapping Resynthesis Optimization                             ; Off                ; Off                ;
; Analysis & Synthesis Message Level                               ; Medium             ; Medium             ;
; Disable Register Merging Across Hierarchies                      ; Auto               ; Auto               ;
; Resource Aware Inference For Block RAM                           ; On                 ; On                 ;
+------------------------------------------------------------------+--------------------+--------------------+


+------------------------------------------+
; Parallel Compilation                     ;
+----------------------------+-------------+
; Processors                 ; Number      ;
+----------------------------+-------------+
; Number detected on machine ; 8           ;
; Maximum allowed            ; 4           ;
;                            ;             ;
; Average used               ; 1.00        ;
; Maximum used               ; 1           ;
;                            ;             ;
; Usage by Processor         ; % Time Used ;
;     Processor 1            ; 100.0%      ;
+----------------------------+-------------+


+---------------------------------------------------------------------------------------------------------------------------------------------------------------------------+
; Analysis & Synthesis Source Files Read                                                                                                                                    ;
+----------------------------------+-----------------+------------------------------------+-----------------------------------------------------------------------+---------+
; File Name with User-Entered Path ; Used in Netlist ; File Type                          ; File Name with Absolute Path                                          ; Library ;
+----------------------------------+-----------------+------------------------------------+-----------------------------------------------------------------------+---------+
; Arithm.bdf                       ; yes             ; User Block Diagram/Schematic File  ; C:/Users/sc2co/Desktop/13244785/Lab6/Arithm.bdf                       ;         ;
; Logic.bdf                        ; yes             ; User Block Diagram/Schematic File  ; C:/Users/sc2co/Desktop/13244785/Lab6/Logic.bdf                        ;         ;
; ALU.bdf                          ; yes             ; User Block Diagram/Schematic File  ; C:/Users/sc2co/Desktop/13244785/Lab6/ALU.bdf                          ;         ;
; ALU_1.bdf                        ; yes             ; User Block Diagram/Schematic File  ; C:/Users/sc2co/Desktop/13244785/Lab6/ALU_1.bdf                        ;         ;
; mux.tdf                          ; yes             ; Megafunction                       ; c:/intelfpga_lite/20.1/quartus/libraries/megafunctions/mux.tdf        ;         ;
; lpm_mux.inc                      ; yes             ; Megafunction                       ; c:/intelfpga_lite/20.1/quartus/libraries/megafunctions/lpm_mux.inc    ;         ;
; lpm_mux.tdf                      ; yes             ; Megafunction                       ; c:/intelfpga_lite/20.1/quartus/libraries/megafunctions/lpm_mux.tdf    ;         ;
; aglobal201.inc                   ; yes             ; Megafunction                       ; c:/intelfpga_lite/20.1/quartus/libraries/megafunctions/aglobal201.inc ;         ;
; muxlut.inc                       ; yes             ; Megafunction                       ; c:/intelfpga_lite/20.1/quartus/libraries/megafunctions/muxlut.inc     ;         ;
; bypassff.inc                     ; yes             ; Megafunction                       ; c:/intelfpga_lite/20.1/quartus/libraries/megafunctions/bypassff.inc   ;         ;
; altshift.inc                     ; yes             ; Megafunction                       ; c:/intelfpga_lite/20.1/quartus/libraries/megafunctions/altshift.inc   ;         ;
; db/mux_7rc.tdf                   ; yes             ; Auto-Generated Megafunction        ; C:/Users/sc2co/Desktop/13244785/Lab6/db/mux_7rc.tdf                   ;         ;
; db/mux_arc.tdf                   ; yes             ; Auto-Generated Megafunction        ; C:/Users/sc2co/Desktop/13244785/Lab6/db/mux_arc.tdf                   ;         ;
+----------------------------------+-----------------+------------------------------------+-----------------------------------------------------------------------+---------+


+--------------------------------------------------------+
; Analysis & Synthesis Resource Usage Summary            ;
+---------------------------------------------+----------+
; Resource                                    ; Usage    ;
+---------------------------------------------+----------+
; Estimated Total logic elements              ; 23       ;
;                                             ;          ;
; Total combinational functions               ; 23       ;
; Logic element usage by number of LUT inputs ;          ;
;     -- 4 input functions                    ; 10       ;
;     -- 3 input functions                    ; 13       ;
;     -- <=2 input functions                  ; 0        ;
;                                             ;          ;
; Logic elements by mode                      ;          ;
;     -- normal mode                          ; 23       ;
;     -- arithmetic mode                      ; 0        ;
;                                             ;          ;
; Total registers                             ; 0        ;
;     -- Dedicated logic registers            ; 0        ;
;     -- I/O registers                        ; 0        ;
;                                             ;          ;
; I/O pins                                    ; 18       ;
;                                             ;          ;
; Embedded Multiplier 9-bit elements          ; 0        ;
;                                             ;          ;
; Maximum fan-out node                        ; S0~input ;
; Maximum fan-out                             ; 12       ;
; Total fan-out                               ; 102      ;
; Average fan-out                             ; 1.73     ;
+---------------------------------------------+----------+


+-----------------------------------------------------------------------------------------------------------------------------------------------------------------------------------------------------------------------------------------------------------------+
; Analysis & Synthesis Resource Utilization by Entity                                                                                                                                                                                                             ;
+--------------------------------------+---------------------+---------------------------+-------------+--------------+---------+-----------+------+--------------+------------------------------------------------------------------+-------------+--------------+
; Compilation Hierarchy Node           ; Combinational ALUTs ; Dedicated Logic Registers ; Memory Bits ; DSP Elements ; DSP 9x9 ; DSP 18x18 ; Pins ; Virtual Pins ; Full Hierarchy Name                                              ; Entity Name ; Library Name ;
+--------------------------------------+---------------------+---------------------------+-------------+--------------+---------+-----------+------+--------------+------------------------------------------------------------------+-------------+--------------+
; |ALU                                 ; 23 (0)              ; 0 (0)                     ; 0           ; 0            ; 0       ; 0         ; 18   ; 0            ; |ALU                                                             ; ALU         ; work         ;
;    |ALU_1:inst2|                     ; 6 (0)               ; 0 (0)                     ; 0           ; 0            ; 0       ; 0         ; 0    ; 0            ; |ALU|ALU_1:inst2                                                 ; ALU_1       ; work         ;
;       |Arithm:inst|                  ; 2 (2)               ; 0 (0)                     ; 0           ; 0            ; 0       ; 0         ; 0    ; 0            ; |ALU|ALU_1:inst2|Arithm:inst                                     ; Arithm      ; work         ;
;       |mux:inst3|                    ; 4 (0)               ; 0 (0)                     ; 0           ; 0            ; 0       ; 0         ; 0    ; 0            ; |ALU|ALU_1:inst2|mux:inst3                                       ; mux         ; work         ;
;          |lpm_mux:$00001|            ; 4 (0)               ; 0 (0)                     ; 0           ; 0            ; 0       ; 0         ; 0    ; 0            ; |ALU|ALU_1:inst2|mux:inst3|lpm_mux:$00001                        ; lpm_mux     ; work         ;
;             |mux_7rc:auto_generated| ; 4 (4)               ; 0 (0)                     ; 0           ; 0            ; 0       ; 0         ; 0    ; 0            ; |ALU|ALU_1:inst2|mux:inst3|lpm_mux:$00001|mux_7rc:auto_generated ; mux_7rc     ; work         ;
;    |ALU_1:inst3|                     ; 6 (0)               ; 0 (0)                     ; 0           ; 0            ; 0       ; 0         ; 0    ; 0            ; |ALU|ALU_1:inst3                                                 ; ALU_1       ; work         ;
;       |Arithm:inst|                  ; 2 (2)               ; 0 (0)                     ; 0           ; 0            ; 0       ; 0         ; 0    ; 0            ; |ALU|ALU_1:inst3|Arithm:inst                                     ; Arithm      ; work         ;
;       |mux:inst3|                    ; 4 (0)               ; 0 (0)                     ; 0           ; 0            ; 0       ; 0         ; 0    ; 0            ; |ALU|ALU_1:inst3|mux:inst3                                       ; mux         ; work         ;
;          |lpm_mux:$00001|            ; 4 (0)               ; 0 (0)                     ; 0           ; 0            ; 0       ; 0         ; 0    ; 0            ; |ALU|ALU_1:inst3|mux:inst3|lpm_mux:$00001                        ; lpm_mux     ; work         ;
;             |mux_7rc:auto_generated| ; 4 (4)               ; 0 (0)                     ; 0           ; 0            ; 0       ; 0         ; 0    ; 0            ; |ALU|ALU_1:inst3|mux:inst3|lpm_mux:$00001|mux_7rc:auto_generated ; mux_7rc     ; work         ;
;    |ALU_1:inst4|                     ; 5 (0)               ; 0 (0)                     ; 0           ; 0            ; 0       ; 0         ; 0    ; 0            ; |ALU|ALU_1:inst4                                                 ; ALU_1       ; work         ;
;       |Arithm:inst|                  ; 2 (2)               ; 0 (0)                     ; 0           ; 0            ; 0       ; 0         ; 0    ; 0            ; |ALU|ALU_1:inst4|Arithm:inst                                     ; Arithm      ; work         ;
;       |mux:inst3|                    ; 3 (0)               ; 0 (0)                     ; 0           ; 0            ; 0       ; 0         ; 0    ; 0            ; |ALU|ALU_1:inst4|mux:inst3                                       ; mux         ; work         ;
;          |lpm_mux:$00001|            ; 3 (0)               ; 0 (0)                     ; 0           ; 0            ; 0       ; 0         ; 0    ; 0            ; |ALU|ALU_1:inst4|mux:inst3|lpm_mux:$00001                        ; lpm_mux     ; work         ;
;             |mux_7rc:auto_generated| ; 3 (3)               ; 0 (0)                     ; 0           ; 0            ; 0       ; 0         ; 0    ; 0            ; |ALU|ALU_1:inst4|mux:inst3|lpm_mux:$00001|mux_7rc:auto_generated ; mux_7rc     ; work         ;
;    |ALU_1:inst|                      ; 6 (0)               ; 0 (0)                     ; 0           ; 0            ; 0       ; 0         ; 0    ; 0            ; |ALU|ALU_1:inst                                                  ; ALU_1       ; work         ;
;       |Arithm:inst|                  ; 2 (2)               ; 0 (0)                     ; 0           ; 0            ; 0       ; 0         ; 0    ; 0            ; |ALU|ALU_1:inst|Arithm:inst                                      ; Arithm      ; work         ;
;       |mux:inst3|                    ; 4 (0)               ; 0 (0)                     ; 0           ; 0            ; 0       ; 0         ; 0    ; 0            ; |ALU|ALU_1:inst|mux:inst3                                        ; mux         ; work         ;
;          |lpm_mux:$00001|            ; 4 (0)               ; 0 (0)                     ; 0           ; 0            ; 0       ; 0         ; 0    ; 0            ; |ALU|ALU_1:inst|mux:inst3|lpm_mux:$00001                         ; lpm_mux     ; work         ;
;             |mux_7rc:auto_generated| ; 4 (4)               ; 0 (0)                     ; 0           ; 0            ; 0       ; 0         ; 0    ; 0            ; |ALU|ALU_1:inst|mux:inst3|lpm_mux:$00001|mux_7rc:auto_generated  ; mux_7rc     ; work         ;
+--------------------------------------+---------------------+---------------------------+-------------+--------------+---------+-----------+------+--------------+------------------------------------------------------------------+-------------+--------------+
Note: For table entries with two numbers listed, the numbers in parentheses indicate the number of resources of the given type used by the specific entity alone. The numbers listed outside of parentheses indicate the total resources of the given type used by the specific entity and all of its sub-entities in the hierarchy.


+------------------------------------------------------+
; General Register Statistics                          ;
+----------------------------------------------+-------+
; Statistic                                    ; Value ;
+----------------------------------------------+-------+
; Total registers                              ; 0     ;
; Number of registers using Synchronous Clear  ; 0     ;
; Number of registers using Synchronous Load   ; 0     ;
; Number of registers using Asynchronous Clear ; 0     ;
; Number of registers using Asynchronous Load  ; 0     ;
; Number of registers using Clock Enable       ; 0     ;
; Number of registers using Preset             ; 0     ;
+----------------------------------------------+-------+


+--------------------------------------------------------------------+
; Parameter Settings for User Entity Instance: ALU_1:inst3|MUX:inst3 ;
+----------------+-------+-------------------------------------------+
; Parameter Name ; Value ; Type                                      ;
+----------------+-------+-------------------------------------------+
; WIDTH          ; 2     ; Untyped                                   ;
; WIDTHS         ; 1     ; Untyped                                   ;
+----------------+-------+-------------------------------------------+
Note: In order to hide this table in the UI and the text report file, please set the "Show Parameter Settings in Synthesis Report" option in "Analysis and Synthesis Settings -> More Settings" to "Off".


+--------------------------------------------------------------------------------+
; Parameter Settings for User Entity Instance: ALU_1:inst3|Logic:inst2|MUX:inst5 ;
+----------------+-------+-------------------------------------------------------+
; Parameter Name ; Value ; Type                                                  ;
+----------------+-------+-------------------------------------------------------+
; WIDTH          ; 4     ; Untyped                                               ;
; WIDTHS         ; 2     ; Untyped                                               ;
+----------------+-------+-------------------------------------------------------+
Note: In order to hide this table in the UI and the text report file, please set the "Show Parameter Settings in Synthesis Report" option in "Analysis and Synthesis Settings -> More Settings" to "Off".


+-------------------------------------------------------------------+
; Parameter Settings for User Entity Instance: ALU_1:inst|MUX:inst3 ;
+----------------+-------+------------------------------------------+
; Parameter Name ; Value ; Type                                     ;
+----------------+-------+------------------------------------------+
; WIDTH          ; 2     ; Untyped                                  ;
; WIDTHS         ; 1     ; Untyped                                  ;
+----------------+-------+------------------------------------------+
Note: In order to hide this table in the UI and the text report file, please set the "Show Parameter Settings in Synthesis Report" option in "Analysis and Synthesis Settings -> More Settings" to "Off".


+-------------------------------------------------------------------------------+
; Parameter Settings for User Entity Instance: ALU_1:inst|Logic:inst2|MUX:inst5 ;
+----------------+-------+------------------------------------------------------+
; Parameter Name ; Value ; Type                                                 ;
+----------------+-------+------------------------------------------------------+
; WIDTH          ; 4     ; Untyped                                              ;
; WIDTHS         ; 2     ; Untyped                                              ;
+----------------+-------+------------------------------------------------------+
Note: In order to hide this table in the UI and the text report file, please set the "Show Parameter Settings in Synthesis Report" option in "Analysis and Synthesis Settings -> More Settings" to "Off".


+--------------------------------------------------------------------+
; Parameter Settings for User Entity Instance: ALU_1:inst2|MUX:inst3 ;
+----------------+-------+-------------------------------------------+
; Parameter Name ; Value ; Type                                      ;
+----------------+-------+-------------------------------------------+
; WIDTH          ; 2     ; Untyped                                   ;
; WIDTHS         ; 1     ; Untyped                                   ;
+----------------+-------+-------------------------------------------+
Note: In order to hide this table in the UI and the text report file, please set the "Show Parameter Settings in Synthesis Report" option in "Analysis and Synthesis Settings -> More Settings" to "Off".


+--------------------------------------------------------------------------------+
; Parameter Settings for User Entity Instance: ALU_1:inst2|Logic:inst2|MUX:inst5 ;
+----------------+-------+-------------------------------------------------------+
; Parameter Name ; Value ; Type                                                  ;
+----------------+-------+-------------------------------------------------------+
; WIDTH          ; 4     ; Untyped                                               ;
; WIDTHS         ; 2     ; Untyped                                               ;
+----------------+-------+-------------------------------------------------------+
Note: In order to hide this table in the UI and the text report file, please set the "Show Parameter Settings in Synthesis Report" option in "Analysis and Synthesis Settings -> More Settings" to "Off".


+--------------------------------------------------------------------+
; Parameter Settings for User Entity Instance: ALU_1:inst4|MUX:inst3 ;
+----------------+-------+-------------------------------------------+
; Parameter Name ; Value ; Type                                      ;
+----------------+-------+-------------------------------------------+
; WIDTH          ; 2     ; Untyped                                   ;
; WIDTHS         ; 1     ; Untyped                                   ;
+----------------+-------+-------------------------------------------+
Note: In order to hide this table in the UI and the text report file, please set the "Show Parameter Settings in Synthesis Report" option in "Analysis and Synthesis Settings -> More Settings" to "Off".


+--------------------------------------------------------------------------------+
; Parameter Settings for User Entity Instance: ALU_1:inst4|Logic:inst2|MUX:inst5 ;
+----------------+-------+-------------------------------------------------------+
; Parameter Name ; Value ; Type                                                  ;
+----------------+-------+-------------------------------------------------------+
; WIDTH          ; 4     ; Untyped                                               ;
; WIDTHS         ; 2     ; Untyped                                               ;
+----------------+-------+-------------------------------------------------------+
Note: In order to hide this table in the UI and the text report file, please set the "Show Parameter Settings in Synthesis Report" option in "Analysis and Synthesis Settings -> More Settings" to "Off".


+-----------------------------------------------------+
; Post-Synthesis Netlist Statistics for Top Partition ;
+-----------------------+-----------------------------+
; Type                  ; Count                       ;
+-----------------------+-----------------------------+
; boundary_port         ; 18                          ;
; cycloneiii_lcell_comb ; 27                          ;
;     normal            ; 27                          ;
;         1 data inputs ; 4                           ;
;         3 data inputs ; 13                          ;
;         4 data inputs ; 10                          ;
;                       ;                             ;
; Max LUT depth         ; 7.00                        ;
; Average LUT depth     ; 4.97                        ;
+-----------------------+-----------------------------+


+-------------------------------+
; Elapsed Time Per Partition    ;
+----------------+--------------+
; Partition Name ; Elapsed Time ;
+----------------+--------------+
; Top            ; 00:00:00     ;
+----------------+--------------+


+-------------------------------+
; Analysis & Synthesis Messages ;
+-------------------------------+
Info: *******************************************************************
Info: Running Quartus Prime Analysis & Synthesis
    Info: Version 20.1.1 Build 720 11/11/2020 SJ Lite Edition
    Info: Processing started: Thu Oct 28 19:42:12 2021
Info: Command: quartus_map --read_settings_files=on --write_settings_files=off Lab6 -c Lab6
Warning (18236): Number of processors has not been specified which may cause overloading on shared machines.  Set the global assignment NUM_PARALLEL_PROCESSORS in your QSF to an appropriate value for best performance.
Info (20030): Parallel compilation is enabled and will use 4 of the 4 processors detected
Info (12021): Found 1 design units, including 1 entities, in source file operand.bdf
    Info (12023): Found entity 1: Operand
Info (12021): Found 1 design units, including 1 entities, in source file arithm.bdf
    Info (12023): Found entity 1: Arithm
Info (12021): Found 1 design units, including 1 entities, in source file logic.bdf
    Info (12023): Found entity 1: Logic
Info (12021): Found 1 design units, including 1 entities, in source file alu.bdf
    Info (12023): Found entity 1: ALU
Info (12021): Found 1 design units, including 1 entities, in source file alu_1.bdf
    Info (12023): Found entity 1: ALU_1
Info (12127): Elaborating entity "ALU" for the top level hierarchy
Info (12128): Elaborating entity "ALU_1" for hierarchy "ALU_1:inst3"
Warning (275085): Found inconsistent dimensions for element "S2"
Warning (275080): Converted elements in bus name "S2" using legacy naming rules. Make any assignments on the new names, not on the original names.
    Warning (275081): Converted element name(s) from "S2[0]" to "S20"
    Warning (275081): Converted element name(s) from "S2[0]" to "S20"
Info (12128): Elaborating entity "Arithm" for hierarchy "ALU_1:inst3|Arithm:inst"
Info (12128): Elaborating entity "MUX" for hierarchy "ALU_1:inst3|MUX:inst3"
Info (12130): Elaborated megafunction instantiation "ALU_1:inst3|MUX:inst3"
Info (12133): Instantiated megafunction "ALU_1:inst3|MUX:inst3" with the following parameter:
    Info (12134): Parameter "WIDTH" = "2"
    Info (12134): Parameter "WIDTHS" = "1"
Info (12128): Elaborating entity "lpm_mux" for hierarchy "ALU_1:inst3|MUX:inst3|lpm_mux:$00001" File: c:/intelfpga_lite/20.1/quartus/libraries/megafunctions/mux.tdf Line: 44
Info (12131): Elaborated megafunction instantiation "ALU_1:inst3|MUX:inst3|lpm_mux:$00001", which is child of megafunction instantiation "ALU_1:inst3|MUX:inst3" File: c:/intelfpga_lite/20.1/quartus/libraries/megafunctions/mux.tdf Line: 44
Info (12021): Found 1 design units, including 1 entities, in source file db/mux_7rc.tdf
    Info (12023): Found entity 1: mux_7rc File: C:/Users/sc2co/Desktop/13244785/Lab6/db/mux_7rc.tdf Line: 23
Info (12128): Elaborating entity "mux_7rc" for hierarchy "ALU_1:inst3|MUX:inst3|lpm_mux:$00001|mux_7rc:auto_generated" File: c:/intelfpga_lite/20.1/quartus/libraries/megafunctions/lpm_mux.tdf Line: 87
Info (12128): Elaborating entity "Logic" for hierarchy "ALU_1:inst3|Logic:inst2"
Info (12128): Elaborating entity "MUX" for hierarchy "ALU_1:inst3|Logic:inst2|MUX:inst5"
Info (12130): Elaborated megafunction instantiation "ALU_1:inst3|Logic:inst2|MUX:inst5"
Info (12133): Instantiated megafunction "ALU_1:inst3|Logic:inst2|MUX:inst5" with the following parameter:
    Info (12134): Parameter "WIDTH" = "4"
    Info (12134): Parameter "WIDTHS" = "2"
Info (12128): Elaborating entity "lpm_mux" for hierarchy "ALU_1:inst3|Logic:inst2|MUX:inst5|lpm_mux:$00001" File: c:/intelfpga_lite/20.1/quartus/libraries/megafunctions/mux.tdf Line: 44
Info (12131): Elaborated megafunction instantiation "ALU_1:inst3|Logic:inst2|MUX:inst5|lpm_mux:$00001", which is child of megafunction instantiation "ALU_1:inst3|Logic:inst2|MUX:inst5" File: c:/intelfpga_lite/20.1/quartus/libraries/megafunctions/mux.tdf Line: 44
Info (12021): Found 1 design units, including 1 entities, in source file db/mux_arc.tdf
    Info (12023): Found entity 1: mux_arc File: C:/Users/sc2co/Desktop/13244785/Lab6/db/mux_arc.tdf Line: 23
Info (12128): Elaborating entity "mux_arc" for hierarchy "ALU_1:inst3|Logic:inst2|MUX:inst5|lpm_mux:$00001|mux_arc:auto_generated" File: c:/intelfpga_lite/20.1/quartus/libraries/megafunctions/lpm_mux.tdf Line: 87
Info (286030): Timing-Driven Synthesis is running
Info (16010): Generating hard_block partition "hard_block:auto_generated_inst"
    Info (16011): Adding 0 node(s), including 0 DDIO, 0 PLL, 0 transceiver and 0 LCELL
Info (21057): Implemented 41 device resources after synthesis - the final resource count might be different
    Info (21058): Implemented 13 input pins
    Info (21059): Implemented 5 output pins
    Info (21061): Implemented 23 logic cells
Info: Quartus Prime Analysis & Synthesis was successful. 0 errors, 5 warnings
    Info: Peak virtual memory: 4742 megabytes
    Info: Processing ended: Thu Oct 28 19:42:20 2021
    Info: Elapsed time: 00:00:08
    Info: Total CPU time (on all processors): 00:00:19


