Analysis & Synthesis report for FPGA
Thu Oct 28 11:49:45 2021
Quartus Prime Version 20.1.1 Build 720 11/11/2020 SJ Lite Edition


---------------------
; Table of Contents ;
---------------------
  1. Legal Notice
  2. Analysis & Synthesis Summary
  3. Analysis & Synthesis Settings
  4. Parallel Compilation
  5. Analysis & Synthesis Source Files Read
  6. Analysis & Synthesis Resource Usage Summary
  7. Analysis & Synthesis Resource Utilization by Entity
  8. User-Specified and Inferred Latches
  9. Registers Removed During Synthesis
 10. General Register Statistics
 11. Parameter Settings for User Entity Instance: FourDigitSSD:MUX|LPM_COUNTER:FrequencyDivider
 12. Parameter Settings for User Entity Instance: CounterWithPassword:inst|CounterSelecter:inst4|LPM_COUNTER:inst5
 13. Post-Synthesis Netlist Statistics for Top Partition
 14. Elapsed Time Per Partition
 15. Analysis & Synthesis Messages



----------------
; Legal Notice ;
----------------
Copyright (C) 2020  Intel Corporation. All rights reserved.
Your use of Intel Corporation's design tools, logic functions 
and other software and tools, and any partner logic 
functions, and any output files from any of the foregoing 
(including device programming or simulation files), and any 
associated documentation or information are expressly subject 
to the terms and conditions of the Intel Program License 
Subscription Agreement, the Intel Quartus Prime License Agreement,
the Intel FPGA IP License Agreement, or other applicable license
agreement, including, without limitation, that your use is for
the sole purpose of programming logic devices manufactured by
Intel and sold by Intel or its authorized distributors.  Please
refer to the applicable agreement for further details, at
https://fpgasoftware.intel.com/eula.



+----------------------------------------------------------------------------------+
; Analysis & Synthesis Summary                                                     ;
+------------------------------------+---------------------------------------------+
; Analysis & Synthesis Status        ; Successful - Thu Oct 28 11:49:45 2021       ;
; Quartus Prime Version              ; 20.1.1 Build 720 11/11/2020 SJ Lite Edition ;
; Revision Name                      ; FPGA                                        ;
; Top-level Entity Name              ; FPGA                                        ;
; Family                             ; Cyclone IV E                                ;
; Total logic elements               ; 186                                         ;
;     Total combinational functions  ; 178                                         ;
;     Dedicated logic registers      ; 87                                          ;
; Total registers                    ; 87                                          ;
; Total pins                         ; 35                                          ;
; Total virtual pins                 ; 0                                           ;
; Total memory bits                  ; 0                                           ;
; Embedded Multiplier 9-bit elements ; 0                                           ;
; Total PLLs                         ; 0                                           ;
+------------------------------------+---------------------------------------------+


+------------------------------------------------------------------------------------------------------------+
; Analysis & Synthesis Settings                                                                              ;
+------------------------------------------------------------------+--------------------+--------------------+
; Option                                                           ; Setting            ; Default Value      ;
+------------------------------------------------------------------+--------------------+--------------------+
; Device                                                           ; EP4CE6E22C8        ;                    ;
; Top-level entity name                                            ; FPGA               ; FPGA               ;
; Family name                                                      ; Cyclone IV E       ; Cyclone V          ;
; Use smart compilation                                            ; Off                ; Off                ;
; Enable parallel Assembler and Timing Analyzer during compilation ; On                 ; On                 ;
; Enable compact report table                                      ; Off                ; Off                ;
; Restructure Multiplexers                                         ; Auto               ; Auto               ;
; Create Debugging Nodes for IP Cores                              ; Off                ; Off                ;
; Preserve fewer node names                                        ; On                 ; On                 ;
; Intel FPGA IP Evaluation Mode                                    ; Enable             ; Enable             ;
; Verilog Version                                                  ; Verilog_2001       ; Verilog_2001       ;
; VHDL Version                                                     ; VHDL_1993          ; VHDL_1993          ;
; State Machine Processing                                         ; Auto               ; Auto               ;
; Safe State Machine                                               ; Off                ; Off                ;
; Extract Verilog State Machines                                   ; On                 ; On                 ;
; Extract VHDL State Machines                                      ; On                 ; On                 ;
; Ignore Verilog initial constructs                                ; Off                ; Off                ;
; Iteration limit for constant Verilog loops                       ; 5000               ; 5000               ;
; Iteration limit for non-constant Verilog loops                   ; 250                ; 250                ;
; Add Pass-Through Logic to Inferred RAMs                          ; On                 ; On                 ;
; Infer RAMs from Raw Logic                                        ; On                 ; On                 ;
; Parallel Synthesis                                               ; On                 ; On                 ;
; DSP Block Balancing                                              ; Auto               ; Auto               ;
; NOT Gate Push-Back                                               ; On                 ; On                 ;
; Power-Up Don't Care                                              ; On                 ; On                 ;
; Remove Redundant Logic Cells                                     ; Off                ; Off                ;
; Remove Duplicate Registers                                       ; On                 ; On                 ;
; Ignore CARRY Buffers                                             ; Off                ; Off                ;
; Ignore CASCADE Buffers                                           ; Off                ; Off                ;
; Ignore GLOBAL Buffers                                            ; Off                ; Off                ;
; Ignore ROW GLOBAL Buffers                                        ; Off                ; Off                ;
; Ignore LCELL Buffers                                             ; Off                ; Off                ;
; Ignore SOFT Buffers                                              ; On                 ; On                 ;
; Limit AHDL Integers to 32 Bits                                   ; Off                ; Off                ;
; Optimization Technique                                           ; Balanced           ; Balanced           ;
; Carry Chain Length                                               ; 70                 ; 70                 ;
; Auto Carry Chains                                                ; On                 ; On                 ;
; Auto Open-Drain Pins                                             ; On                 ; On                 ;
; Perform WYSIWYG Primitive Resynthesis                            ; Off                ; Off                ;
; Auto ROM Replacement                                             ; On                 ; On                 ;
; Auto RAM Replacement                                             ; On                 ; On                 ;
; Auto DSP Block Replacement                                       ; On                 ; On                 ;
; Auto Shift Register Replacement                                  ; Auto               ; Auto               ;
; Allow Shift Register Merging across Hierarchies                  ; Auto               ; Auto               ;
; Auto Clock Enable Replacement                                    ; On                 ; On                 ;
; Strict RAM Replacement                                           ; Off                ; Off                ;
; Allow Synchronous Control Signals                                ; On                 ; On                 ;
; Force Use of Synchronous Clear Signals                           ; Off                ; Off                ;
; Auto RAM Block Balancing                                         ; On                 ; On                 ;
; Auto RAM to Logic Cell Conversion                                ; Off                ; Off                ;
; Auto Resource Sharing                                            ; Off                ; Off                ;
; Allow Any RAM Size For Recognition                               ; Off                ; Off                ;
; Allow Any ROM Size For Recognition                               ; Off                ; Off                ;
; Allow Any Shift Register Size For Recognition                    ; Off                ; Off                ;
; Use LogicLock Constraints during Resource Balancing              ; On                 ; On                 ;
; Ignore translate_off and synthesis_off directives                ; Off                ; Off                ;
; Timing-Driven Synthesis                                          ; On                 ; On                 ;
; Report Parameter Settings                                        ; On                 ; On                 ;
; Report Source Assignments                                        ; On                 ; On                 ;
; Report Connectivity Checks                                       ; On                 ; On                 ;
; Ignore Maximum Fan-Out Assignments                               ; Off                ; Off                ;
; Synchronization Register Chain Length                            ; 2                  ; 2                  ;
; Power Optimization During Synthesis                              ; Normal compilation ; Normal compilation ;
; HDL message level                                                ; Level2             ; Level2             ;
; Suppress Register Optimization Related Messages                  ; Off                ; Off                ;
; Number of Removed Registers Reported in Synthesis Report         ; 5000               ; 5000               ;
; Number of Swept Nodes Reported in Synthesis Report               ; 5000               ; 5000               ;
; Number of Inverted Registers Reported in Synthesis Report        ; 100                ; 100                ;
; Clock MUX Protection                                             ; On                 ; On                 ;
; Auto Gated Clock Conversion                                      ; Off                ; Off                ;
; Block Design Naming                                              ; Auto               ; Auto               ;
; SDC constraint protection                                        ; Off                ; Off                ;
; Synthesis Effort                                                 ; Auto               ; Auto               ;
; Shift Register Replacement - Allow Asynchronous Clear Signal     ; On                 ; On                 ;
; Pre-Mapping Resynthesis Optimization                             ; Off                ; Off                ;
; Analysis & Synthesis Message Level                               ; Medium             ; Medium             ;
; Disable Register Merging Across Hierarchies                      ; Auto               ; Auto               ;
; Resource Aware Inference For Block RAM                           ; On                 ; On                 ;
+------------------------------------------------------------------+--------------------+--------------------+


+------------------------------------------+
; Parallel Compilation                     ;
+----------------------------+-------------+
; Processors                 ; Number      ;
+----------------------------+-------------+
; Number detected on machine ; 8           ;
; Maximum allowed            ; 4           ;
;                            ;             ;
; Average used               ; 1.00        ;
; Maximum used               ; 4           ;
;                            ;             ;
; Usage by Processor         ; % Time Used ;
;     Processor 1            ; 100.0%      ;
;     Processor 2            ;   0.0%      ;
;     Processors 3-4         ;   0.0%      ;
+----------------------------+-------------+


+------------------------------------------------------------------------------------------------------------------------------------------------------------------------------------------+
; Analysis & Synthesis Source Files Read                                                                                                                                                   ;
+----------------------------------+-----------------+------------------------------------------+--------------------------------------------------------------------------------+---------+
; File Name with User-Entered Path ; Used in Netlist ; File Type                                ; File Name with Absolute Path                                                   ; Library ;
+----------------------------------+-----------------+------------------------------------------+--------------------------------------------------------------------------------+---------+
; Sequencer.bdf                    ; yes             ; User Block Diagram/Schematic File        ; C:/Users/sc2co/Desktop/13244785/Sequencer.bdf                                  ;         ;
; Sept4x1Mutiplexer.bdf            ; yes             ; User Block Diagram/Schematic File        ; C:/Users/sc2co/Desktop/13244785/Sept4x1Mutiplexer.bdf                          ;         ;
; MUX4-1.bdf                       ; yes             ; User Block Diagram/Schematic File        ; C:/Users/sc2co/Desktop/13244785/MUX4-1.bdf                                     ;         ;
; HexToSSD.bdf                     ; yes             ; User Block Diagram/Schematic File        ; C:/Users/sc2co/Desktop/13244785/HexToSSD.bdf                                   ;         ;
; FourDigitSSD.bdf                 ; yes             ; User Block Diagram/Schematic File        ; C:/Users/sc2co/Desktop/13244785/FourDigitSSD.bdf                               ;         ;
; Decoder2to4.bdf                  ; yes             ; User Block Diagram/Schematic File        ; C:/Users/sc2co/Desktop/13244785/Decoder2to4.bdf                                ;         ;
; Debouncer.bdf                    ; yes             ; User Block Diagram/Schematic File        ; C:/Users/sc2co/Desktop/13244785/Debouncer.bdf                                  ;         ;
; BCDinputs.bdf                    ; yes             ; User Block Diagram/Schematic File        ; C:/Users/sc2co/Desktop/13244785/BCDinputs.bdf                                  ;         ;
; BCDCounter.bdf                   ; yes             ; User Block Diagram/Schematic File        ; C:/Users/sc2co/Desktop/13244785/BCDCounter.bdf                                 ;         ;
; BCDClockedCounterBus.bdf         ; yes             ; User Block Diagram/Schematic File        ; C:/Users/sc2co/Desktop/13244785/BCDClockedCounterBus.bdf                       ;         ;
; FPGA.bdf                         ; yes             ; User Block Diagram/Schematic File        ; C:/Users/sc2co/Desktop/13244785/FPGA.bdf                                       ;         ;
; HexToSSDBus.bdf                  ; yes             ; User Block Diagram/Schematic File        ; C:/Users/sc2co/Desktop/13244785/HexToSSDBus.bdf                                ;         ;
; RippleClockedCounterBus.bdf      ; yes             ; User Block Diagram/Schematic File        ; C:/Users/sc2co/Desktop/13244785/RippleClockedCounterBus.bdf                    ;         ;
; CounterWithPassword.bdf          ; yes             ; User Block Diagram/Schematic File        ; C:/Users/sc2co/Desktop/13244785/CounterWithPassword.bdf                        ;         ;
; CounterSelecter.bdf              ; yes             ; User Block Diagram/Schematic File        ; C:/Users/sc2co/Desktop/13244785/CounterSelecter.bdf                            ;         ;
; DigMux.bdf                       ; yes             ; User Block Diagram/Schematic File        ; C:/Users/sc2co/Desktop/13244785/DigMux.bdf                                     ;         ;
; Pass.bdf                         ; yes             ; User Block Diagram/Schematic File        ; C:/Users/sc2co/Desktop/13244785/Pass.bdf                                       ;         ;
; RecongniserLogicVerilog.v        ; yes             ; User Verilog HDL File                    ; C:/Users/sc2co/Desktop/13244785/RecongniserLogicVerilog.v                      ;         ;
; EdgeDetector.bdf                 ; yes             ; User Block Diagram/Schematic File        ; C:/Users/sc2co/Desktop/13244785/EdgeDetector.bdf                               ;         ;
; QuadEdgeTrigger.bdf              ; yes             ; User Block Diagram/Schematic File        ; C:/Users/sc2co/Desktop/13244785/QuadEdgeTrigger.bdf                            ;         ;
; lpm_counter.tdf                  ; yes             ; Megafunction                             ; c:/intelfpga_lite/20.1/quartus/libraries/megafunctions/lpm_counter.tdf         ;         ;
; lpm_constant.inc                 ; yes             ; Megafunction                             ; c:/intelfpga_lite/20.1/quartus/libraries/megafunctions/lpm_constant.inc        ;         ;
; lpm_decode.inc                   ; yes             ; Megafunction                             ; c:/intelfpga_lite/20.1/quartus/libraries/megafunctions/lpm_decode.inc          ;         ;
; lpm_add_sub.inc                  ; yes             ; Megafunction                             ; c:/intelfpga_lite/20.1/quartus/libraries/megafunctions/lpm_add_sub.inc         ;         ;
; cmpconst.inc                     ; yes             ; Megafunction                             ; c:/intelfpga_lite/20.1/quartus/libraries/megafunctions/cmpconst.inc            ;         ;
; lpm_compare.inc                  ; yes             ; Megafunction                             ; c:/intelfpga_lite/20.1/quartus/libraries/megafunctions/lpm_compare.inc         ;         ;
; lpm_counter.inc                  ; yes             ; Megafunction                             ; c:/intelfpga_lite/20.1/quartus/libraries/megafunctions/lpm_counter.inc         ;         ;
; dffeea.inc                       ; yes             ; Megafunction                             ; c:/intelfpga_lite/20.1/quartus/libraries/megafunctions/dffeea.inc              ;         ;
; alt_counter_stratix.inc          ; yes             ; Megafunction                             ; c:/intelfpga_lite/20.1/quartus/libraries/megafunctions/alt_counter_stratix.inc ;         ;
; aglobal201.inc                   ; yes             ; Megafunction                             ; c:/intelfpga_lite/20.1/quartus/libraries/megafunctions/aglobal201.inc          ;         ;
; db/cntr_c3g.tdf                  ; yes             ; Auto-Generated Megafunction              ; C:/Users/sc2co/Desktop/13244785/db/cntr_c3g.tdf                                ;         ;
; db/cntr_rqh.tdf                  ; yes             ; Auto-Generated Megafunction              ; C:/Users/sc2co/Desktop/13244785/db/cntr_rqh.tdf                                ;         ;
; hexcounter.bdf                   ; yes             ; Auto-Found Block Diagram/Schematic File  ; C:/Users/sc2co/Desktop/13244785/hexcounter.bdf                                 ;         ;
+----------------------------------+-----------------+------------------------------------------+--------------------------------------------------------------------------------+---------+


+-----------------------------------------------------------+
; Analysis & Synthesis Resource Usage Summary               ;
+---------------------------------------------+-------------+
; Resource                                    ; Usage       ;
+---------------------------------------------+-------------+
; Estimated Total logic elements              ; 186         ;
;                                             ;             ;
; Total combinational functions               ; 178         ;
; Logic element usage by number of LUT inputs ;             ;
;     -- 4 input functions                    ; 82          ;
;     -- 3 input functions                    ; 27          ;
;     -- <=2 input functions                  ; 69          ;
;                                             ;             ;
; Logic elements by mode                      ;             ;
;     -- normal mode                          ; 142         ;
;     -- arithmetic mode                      ; 36          ;
;                                             ;             ;
; Total registers                             ; 87          ;
;     -- Dedicated logic registers            ; 87          ;
;     -- I/O registers                        ; 0           ;
;                                             ;             ;
; I/O pins                                    ; 35          ;
;                                             ;             ;
; Embedded Multiplier 9-bit elements          ; 0           ;
;                                             ;             ;
; Maximum fan-out node                        ; Clock~input ;
; Maximum fan-out                             ; 57          ;
; Total fan-out                               ; 790         ;
; Average fan-out                             ; 2.36        ;
+---------------------------------------------+-------------+


+-------------------------------------------------------------------------------------------------------------------------------------------------------------------------------------------------------------------------------------------------------------------------------------------------------------------------------+
; Analysis & Synthesis Resource Utilization by Entity                                                                                                                                                                                                                                                                           ;
+------------------------------------------+---------------------+---------------------------+-------------+--------------+---------+-----------+------+--------------+----------------------------------------------------------------------------------------------------------------+-------------------------+--------------+
; Compilation Hierarchy Node               ; Combinational ALUTs ; Dedicated Logic Registers ; Memory Bits ; DSP Elements ; DSP 9x9 ; DSP 18x18 ; Pins ; Virtual Pins ; Full Hierarchy Name                                                                                            ; Entity Name             ; Library Name ;
+------------------------------------------+---------------------+---------------------------+-------------+--------------+---------+-----------+------+--------------+----------------------------------------------------------------------------------------------------------------+-------------------------+--------------+
; |FPGA                                    ; 178 (0)             ; 87 (0)                    ; 0           ; 0            ; 0       ; 0         ; 35   ; 0            ; |FPGA                                                                                                          ; FPGA                    ; work         ;
;    |CounterWithPassword:inst|            ; 97 (1)              ; 60 (0)                    ; 0           ; 0            ; 0       ; 0         ; 0    ; 0            ; |FPGA|CounterWithPassword:inst                                                                                 ; CounterWithPassword     ; work         ;
;       |CounterSelecter:inst4|            ; 80 (2)              ; 57 (0)                    ; 0           ; 0            ; 0       ; 0         ; 0    ; 0            ; |FPGA|CounterWithPassword:inst|CounterSelecter:inst4                                                           ; CounterSelecter         ; work         ;
;          |BCDClockedCounterBus:inst|     ; 19 (0)              ; 16 (0)                    ; 0           ; 0            ; 0       ; 0         ; 0    ; 0            ; |FPGA|CounterWithPassword:inst|CounterSelecter:inst4|BCDClockedCounterBus:inst                                 ; BCDClockedCounterBus    ; work         ;
;             |BCDinputs:inst|             ; 19 (0)              ; 16 (0)                    ; 0           ; 0            ; 0       ; 0         ; 0    ; 0            ; |FPGA|CounterWithPassword:inst|CounterSelecter:inst4|BCDClockedCounterBus:inst|BCDinputs:inst                  ; BCDinputs               ; work         ;
;                |BCDCounter:inst4|        ; 5 (5)               ; 4 (4)                     ; 0           ; 0            ; 0       ; 0         ; 0    ; 0            ; |FPGA|CounterWithPassword:inst|CounterSelecter:inst4|BCDClockedCounterBus:inst|BCDinputs:inst|BCDCounter:inst4 ; BCDCounter              ; work         ;
;                |BCDCounter:inst5|        ; 5 (5)               ; 4 (4)                     ; 0           ; 0            ; 0       ; 0         ; 0    ; 0            ; |FPGA|CounterWithPassword:inst|CounterSelecter:inst4|BCDClockedCounterBus:inst|BCDinputs:inst|BCDCounter:inst5 ; BCDCounter              ; work         ;
;                |BCDCounter:inst6|        ; 5 (5)               ; 4 (4)                     ; 0           ; 0            ; 0       ; 0         ; 0    ; 0            ; |FPGA|CounterWithPassword:inst|CounterSelecter:inst4|BCDClockedCounterBus:inst|BCDinputs:inst|BCDCounter:inst6 ; BCDCounter              ; work         ;
;                |BCDCounter:inst7|        ; 4 (4)               ; 4 (4)                     ; 0           ; 0            ; 0       ; 0         ; 0    ; 0            ; |FPGA|CounterWithPassword:inst|CounterSelecter:inst4|BCDClockedCounterBus:inst|BCDinputs:inst|BCDCounter:inst7 ; BCDCounter              ; work         ;
;          |DigMux:inst10|                 ; 5 (0)               ; 0 (0)                     ; 0           ; 0            ; 0       ; 0         ; 0    ; 0            ; |FPGA|CounterWithPassword:inst|CounterSelecter:inst4|DigMux:inst10                                             ; DigMux                  ; work         ;
;             |MUX4-1:inst3|               ; 2 (2)               ; 0 (0)                     ; 0           ; 0            ; 0       ; 0         ; 0    ; 0            ; |FPGA|CounterWithPassword:inst|CounterSelecter:inst4|DigMux:inst10|MUX4-1:inst3                                ; MUX4-1                  ; work         ;
;             |MUX4-1:inst4|               ; 1 (1)               ; 0 (0)                     ; 0           ; 0            ; 0       ; 0         ; 0    ; 0            ; |FPGA|CounterWithPassword:inst|CounterSelecter:inst4|DigMux:inst10|MUX4-1:inst4                                ; MUX4-1                  ; work         ;
;             |MUX4-1:inst5|               ; 1 (1)               ; 0 (0)                     ; 0           ; 0            ; 0       ; 0         ; 0    ; 0            ; |FPGA|CounterWithPassword:inst|CounterSelecter:inst4|DigMux:inst10|MUX4-1:inst5                                ; MUX4-1                  ; work         ;
;             |MUX4-1:inst6|               ; 1 (1)               ; 0 (0)                     ; 0           ; 0            ; 0       ; 0         ; 0    ; 0            ; |FPGA|CounterWithPassword:inst|CounterSelecter:inst4|DigMux:inst10|MUX4-1:inst6                                ; MUX4-1                  ; work         ;
;          |DigMux:inst11|                 ; 5 (0)               ; 0 (0)                     ; 0           ; 0            ; 0       ; 0         ; 0    ; 0            ; |FPGA|CounterWithPassword:inst|CounterSelecter:inst4|DigMux:inst11                                             ; DigMux                  ; work         ;
;             |MUX4-1:inst3|               ; 2 (2)               ; 0 (0)                     ; 0           ; 0            ; 0       ; 0         ; 0    ; 0            ; |FPGA|CounterWithPassword:inst|CounterSelecter:inst4|DigMux:inst11|MUX4-1:inst3                                ; MUX4-1                  ; work         ;
;             |MUX4-1:inst4|               ; 1 (1)               ; 0 (0)                     ; 0           ; 0            ; 0       ; 0         ; 0    ; 0            ; |FPGA|CounterWithPassword:inst|CounterSelecter:inst4|DigMux:inst11|MUX4-1:inst4                                ; MUX4-1                  ; work         ;
;             |MUX4-1:inst5|               ; 1 (1)               ; 0 (0)                     ; 0           ; 0            ; 0       ; 0         ; 0    ; 0            ; |FPGA|CounterWithPassword:inst|CounterSelecter:inst4|DigMux:inst11|MUX4-1:inst5                                ; MUX4-1                  ; work         ;
;             |MUX4-1:inst6|               ; 1 (1)               ; 0 (0)                     ; 0           ; 0            ; 0       ; 0         ; 0    ; 0            ; |FPGA|CounterWithPassword:inst|CounterSelecter:inst4|DigMux:inst11|MUX4-1:inst6                                ; MUX4-1                  ; work         ;
;          |DigMux:inst12|                 ; 4 (0)               ; 0 (0)                     ; 0           ; 0            ; 0       ; 0         ; 0    ; 0            ; |FPGA|CounterWithPassword:inst|CounterSelecter:inst4|DigMux:inst12                                             ; DigMux                  ; work         ;
;             |MUX4-1:inst3|               ; 1 (1)               ; 0 (0)                     ; 0           ; 0            ; 0       ; 0         ; 0    ; 0            ; |FPGA|CounterWithPassword:inst|CounterSelecter:inst4|DigMux:inst12|MUX4-1:inst3                                ; MUX4-1                  ; work         ;
;             |MUX4-1:inst4|               ; 1 (1)               ; 0 (0)                     ; 0           ; 0            ; 0       ; 0         ; 0    ; 0            ; |FPGA|CounterWithPassword:inst|CounterSelecter:inst4|DigMux:inst12|MUX4-1:inst4                                ; MUX4-1                  ; work         ;
;             |MUX4-1:inst5|               ; 1 (1)               ; 0 (0)                     ; 0           ; 0            ; 0       ; 0         ; 0    ; 0            ; |FPGA|CounterWithPassword:inst|CounterSelecter:inst4|DigMux:inst12|MUX4-1:inst5                                ; MUX4-1                  ; work         ;
;             |MUX4-1:inst6|               ; 1 (1)               ; 0 (0)                     ; 0           ; 0            ; 0       ; 0         ; 0    ; 0            ; |FPGA|CounterWithPassword:inst|CounterSelecter:inst4|DigMux:inst12|MUX4-1:inst6                                ; MUX4-1                  ; work         ;
;          |DigMux:inst9|                  ; 4 (0)               ; 0 (0)                     ; 0           ; 0            ; 0       ; 0         ; 0    ; 0            ; |FPGA|CounterWithPassword:inst|CounterSelecter:inst4|DigMux:inst9                                              ; DigMux                  ; work         ;
;             |MUX4-1:inst3|               ; 1 (1)               ; 0 (0)                     ; 0           ; 0            ; 0       ; 0         ; 0    ; 0            ; |FPGA|CounterWithPassword:inst|CounterSelecter:inst4|DigMux:inst9|MUX4-1:inst3                                 ; MUX4-1                  ; work         ;
;             |MUX4-1:inst4|               ; 1 (1)               ; 0 (0)                     ; 0           ; 0            ; 0       ; 0         ; 0    ; 0            ; |FPGA|CounterWithPassword:inst|CounterSelecter:inst4|DigMux:inst9|MUX4-1:inst4                                 ; MUX4-1                  ; work         ;
;             |MUX4-1:inst5|               ; 1 (1)               ; 0 (0)                     ; 0           ; 0            ; 0       ; 0         ; 0    ; 0            ; |FPGA|CounterWithPassword:inst|CounterSelecter:inst4|DigMux:inst9|MUX4-1:inst5                                 ; MUX4-1                  ; work         ;
;             |MUX4-1:inst6|               ; 1 (1)               ; 0 (0)                     ; 0           ; 0            ; 0       ; 0         ; 0    ; 0            ; |FPGA|CounterWithPassword:inst|CounterSelecter:inst4|DigMux:inst9|MUX4-1:inst6                                 ; MUX4-1                  ; work         ;
;          |RippleClockedCounterBus:inst2| ; 16 (0)              ; 16 (0)                    ; 0           ; 0            ; 0       ; 0         ; 0    ; 0            ; |FPGA|CounterWithPassword:inst|CounterSelecter:inst4|RippleClockedCounterBus:inst2                             ; RippleClockedCounterBus ; work         ;
;             |HexCounter:inst1|           ; 4 (4)               ; 4 (4)                     ; 0           ; 0            ; 0       ; 0         ; 0    ; 0            ; |FPGA|CounterWithPassword:inst|CounterSelecter:inst4|RippleClockedCounterBus:inst2|HexCounter:inst1            ; HexCounter              ; work         ;
;             |HexCounter:inst2|           ; 4 (4)               ; 4 (4)                     ; 0           ; 0            ; 0       ; 0         ; 0    ; 0            ; |FPGA|CounterWithPassword:inst|CounterSelecter:inst4|RippleClockedCounterBus:inst2|HexCounter:inst2            ; HexCounter              ; work         ;
;             |HexCounter:inst3|           ; 4 (4)               ; 4 (4)                     ; 0           ; 0            ; 0       ; 0         ; 0    ; 0            ; |FPGA|CounterWithPassword:inst|CounterSelecter:inst4|RippleClockedCounterBus:inst2|HexCounter:inst3            ; HexCounter              ; work         ;
;             |HexCounter:inst|            ; 4 (4)               ; 4 (4)                     ; 0           ; 0            ; 0       ; 0         ; 0    ; 0            ; |FPGA|CounterWithPassword:inst|CounterSelecter:inst4|RippleClockedCounterBus:inst2|HexCounter:inst             ; HexCounter              ; work         ;
;          |lpm_counter:inst5|             ; 25 (0)              ; 25 (0)                    ; 0           ; 0            ; 0       ; 0         ; 0    ; 0            ; |FPGA|CounterWithPassword:inst|CounterSelecter:inst4|lpm_counter:inst5                                         ; lpm_counter             ; work         ;
;             |cntr_rqh:auto_generated|    ; 25 (25)             ; 25 (25)                   ; 0           ; 0            ; 0       ; 0         ; 0    ; 0            ; |FPGA|CounterWithPassword:inst|CounterSelecter:inst4|lpm_counter:inst5|cntr_rqh:auto_generated                 ; cntr_rqh                ; work         ;
;       |QuadEdgeTrigger:edge|             ; 8 (0)               ; 0 (0)                     ; 0           ; 0            ; 0       ; 0         ; 0    ; 0            ; |FPGA|CounterWithPassword:inst|QuadEdgeTrigger:edge                                                            ; QuadEdgeTrigger         ; work         ;
;          |EdgeDetector:inst1|            ; 2 (2)               ; 0 (0)                     ; 0           ; 0            ; 0       ; 0         ; 0    ; 0            ; |FPGA|CounterWithPassword:inst|QuadEdgeTrigger:edge|EdgeDetector:inst1                                         ; EdgeDetector            ; work         ;
;          |EdgeDetector:inst2|            ; 2 (2)               ; 0 (0)                     ; 0           ; 0            ; 0       ; 0         ; 0    ; 0            ; |FPGA|CounterWithPassword:inst|QuadEdgeTrigger:edge|EdgeDetector:inst2                                         ; EdgeDetector            ; work         ;
;          |EdgeDetector:inst3|            ; 2 (2)               ; 0 (0)                     ; 0           ; 0            ; 0       ; 0         ; 0    ; 0            ; |FPGA|CounterWithPassword:inst|QuadEdgeTrigger:edge|EdgeDetector:inst3                                         ; EdgeDetector            ; work         ;
;          |EdgeDetector:inst|             ; 2 (2)               ; 0 (0)                     ; 0           ; 0            ; 0       ; 0         ; 0    ; 0            ; |FPGA|CounterWithPassword:inst|QuadEdgeTrigger:edge|EdgeDetector:inst                                          ; EdgeDetector            ; work         ;
;       |RecongniserLogicVerilog:inst|     ; 8 (8)               ; 3 (3)                     ; 0           ; 0            ; 0       ; 0         ; 0    ; 0            ; |FPGA|CounterWithPassword:inst|RecongniserLogicVerilog:inst                                                    ; RecongniserLogicVerilog ; work         ;
;    |Debouncer:inst2|                     ; 2 (2)               ; 3 (3)                     ; 0           ; 0            ; 0       ; 0         ; 0    ; 0            ; |FPGA|Debouncer:inst2                                                                                          ; Debouncer               ; work         ;
;    |Debouncer:inst3|                     ; 2 (2)               ; 3 (3)                     ; 0           ; 0            ; 0       ; 0         ; 0    ; 0            ; |FPGA|Debouncer:inst3                                                                                          ; Debouncer               ; work         ;
;    |Debouncer:inst4|                     ; 2 (2)               ; 3 (3)                     ; 0           ; 0            ; 0       ; 0         ; 0    ; 0            ; |FPGA|Debouncer:inst4                                                                                          ; Debouncer               ; work         ;
;    |Debouncer:inst5|                     ; 2 (2)               ; 3 (3)                     ; 0           ; 0            ; 0       ; 0         ; 0    ; 0            ; |FPGA|Debouncer:inst5                                                                                          ; Debouncer               ; work         ;
;    |FourDigitSSD:MUX|                    ; 66 (0)              ; 15 (0)                    ; 0           ; 0            ; 0       ; 0         ; 0    ; 0            ; |FPGA|FourDigitSSD:MUX                                                                                         ; FourDigitSSD            ; work         ;
;       |Sept4x1Mutiplexer:inst3|          ; 51 (0)              ; 0 (0)                     ; 0           ; 0            ; 0       ; 0         ; 0    ; 0            ; |FPGA|FourDigitSSD:MUX|Sept4x1Mutiplexer:inst3                                                                 ; Sept4x1Mutiplexer       ; work         ;
;          |MUX4-1:inst1|                  ; 6 (6)               ; 0 (0)                     ; 0           ; 0            ; 0       ; 0         ; 0    ; 0            ; |FPGA|FourDigitSSD:MUX|Sept4x1Mutiplexer:inst3|MUX4-1:inst1                                                    ; MUX4-1                  ; work         ;
;          |MUX4-1:inst2|                  ; 9 (6)               ; 0 (0)                     ; 0           ; 0            ; 0       ; 0         ; 0    ; 0            ; |FPGA|FourDigitSSD:MUX|Sept4x1Mutiplexer:inst3|MUX4-1:inst2                                                    ; MUX4-1                  ; work         ;
;             |Decoder2to4:inst|           ; 3 (3)               ; 0 (0)                     ; 0           ; 0            ; 0       ; 0         ; 0    ; 0            ; |FPGA|FourDigitSSD:MUX|Sept4x1Mutiplexer:inst3|MUX4-1:inst2|Decoder2to4:inst                                   ; Decoder2to4             ; work         ;
;          |MUX4-1:inst3|                  ; 6 (6)               ; 0 (0)                     ; 0           ; 0            ; 0       ; 0         ; 0    ; 0            ; |FPGA|FourDigitSSD:MUX|Sept4x1Mutiplexer:inst3|MUX4-1:inst3                                                    ; MUX4-1                  ; work         ;
;          |MUX4-1:inst4|                  ; 7 (6)               ; 0 (0)                     ; 0           ; 0            ; 0       ; 0         ; 0    ; 0            ; |FPGA|FourDigitSSD:MUX|Sept4x1Mutiplexer:inst3|MUX4-1:inst4                                                    ; MUX4-1                  ; work         ;
;             |Decoder2to4:inst|           ; 1 (1)               ; 0 (0)                     ; 0           ; 0            ; 0       ; 0         ; 0    ; 0            ; |FPGA|FourDigitSSD:MUX|Sept4x1Mutiplexer:inst3|MUX4-1:inst4|Decoder2to4:inst                                   ; Decoder2to4             ; work         ;
;          |MUX4-1:inst5|                  ; 11 (11)             ; 0 (0)                     ; 0           ; 0            ; 0       ; 0         ; 0    ; 0            ; |FPGA|FourDigitSSD:MUX|Sept4x1Mutiplexer:inst3|MUX4-1:inst5                                                    ; MUX4-1                  ; work         ;
;          |MUX4-1:inst6|                  ; 6 (6)               ; 0 (0)                     ; 0           ; 0            ; 0       ; 0         ; 0    ; 0            ; |FPGA|FourDigitSSD:MUX|Sept4x1Mutiplexer:inst3|MUX4-1:inst6                                                    ; MUX4-1                  ; work         ;
;          |MUX4-1:inst7|                  ; 6 (6)               ; 0 (0)                     ; 0           ; 0            ; 0       ; 0         ; 0    ; 0            ; |FPGA|FourDigitSSD:MUX|Sept4x1Mutiplexer:inst3|MUX4-1:inst7                                                    ; MUX4-1                  ; work         ;
;       |Sequencer:inst2|                  ; 2 (2)               ; 2 (2)                     ; 0           ; 0            ; 0       ; 0         ; 0    ; 0            ; |FPGA|FourDigitSSD:MUX|Sequencer:inst2                                                                         ; Sequencer               ; work         ;
;       |lpm_counter:FrequencyDivider|     ; 13 (0)              ; 13 (0)                    ; 0           ; 0            ; 0       ; 0         ; 0    ; 0            ; |FPGA|FourDigitSSD:MUX|lpm_counter:FrequencyDivider                                                            ; lpm_counter             ; work         ;
;          |cntr_c3g:auto_generated|       ; 13 (13)             ; 13 (13)                   ; 0           ; 0            ; 0       ; 0         ; 0    ; 0            ; |FPGA|FourDigitSSD:MUX|lpm_counter:FrequencyDivider|cntr_c3g:auto_generated                                    ; cntr_c3g                ; work         ;
;    |HexToSSDBus:Dig0|                    ; 7 (0)               ; 0 (0)                     ; 0           ; 0            ; 0       ; 0         ; 0    ; 0            ; |FPGA|HexToSSDBus:Dig0                                                                                         ; HexToSSDBus             ; work         ;
;       |HexToSSD:inst|                    ; 7 (7)               ; 0 (0)                     ; 0           ; 0            ; 0       ; 0         ; 0    ; 0            ; |FPGA|HexToSSDBus:Dig0|HexToSSD:inst                                                                           ; HexToSSD                ; work         ;
+------------------------------------------+---------------------+---------------------------+-------------+--------------+---------+-----------+------+--------------+----------------------------------------------------------------------------------------------------------------+-------------------------+--------------+
Note: For table entries with two numbers listed, the numbers in parentheses indicate the number of resources of the given type used by the specific entity alone. The numbers listed outside of parentheses indicate the total resources of the given type used by the specific entity and all of its sub-entities in the hierarchy.


+----------------------------------------------------------------------------------------------------------------------+
; User-Specified and Inferred Latches                                                                                  ;
+-----------------------------------------------------------------------+---------------------+------------------------+
; Latch Name                                                            ; Latch Enable Signal ; Free of Timing Hazards ;
+-----------------------------------------------------------------------+---------------------+------------------------+
; CounterWithPassword:inst|QuadEdgeTrigger:edge|EdgeDetector:inst|inst  ; Clock               ; yes                    ;
; CounterWithPassword:inst|QuadEdgeTrigger:edge|EdgeDetector:inst1|inst ; Clock               ; yes                    ;
; CounterWithPassword:inst|QuadEdgeTrigger:edge|EdgeDetector:inst2|inst ; Clock               ; yes                    ;
; CounterWithPassword:inst|QuadEdgeTrigger:edge|EdgeDetector:inst3|inst ; Clock               ; yes                    ;
; Number of user-specified and inferred latches = 4                     ;                     ;                        ;
+-----------------------------------------------------------------------+---------------------+------------------------+
Note: All latches listed above may not be present at the end of synthesis due to various synthesis optimizations.


+---------------------------------------------------------------------------------------------------------------------------------------+
; Registers Removed During Synthesis                                                                                                    ;
+------------------------------------------------------------------------------------------------------------------+--------------------+
; Register name                                                                                                    ; Reason for Removal ;
+------------------------------------------------------------------------------------------------------------------+--------------------+
; CounterWithPassword:inst|CounterSelecter:inst4|lpm_counter:inst5|cntr_rqh:auto_generated|counter_reg_bit[25..31] ; Lost fanout        ;
; FourDigitSSD:MUX|lpm_counter:FrequencyDivider|cntr_c3g:auto_generated|counter_reg_bit[13..31]                    ; Lost fanout        ;
; Total Number of Removed Registers = 26                                                                           ;                    ;
+------------------------------------------------------------------------------------------------------------------+--------------------+


+------------------------------------------------------+
; General Register Statistics                          ;
+----------------------------------------------+-------+
; Statistic                                    ; Value ;
+----------------------------------------------+-------+
; Total registers                              ; 87    ;
; Number of registers using Synchronous Clear  ; 0     ;
; Number of registers using Synchronous Load   ; 0     ;
; Number of registers using Asynchronous Clear ; 32    ;
; Number of registers using Asynchronous Load  ; 0     ;
; Number of registers using Clock Enable       ; 0     ;
; Number of registers using Preset             ; 0     ;
+----------------------------------------------+-------+


+--------------------------------------------------------------------------------------------+
; Parameter Settings for User Entity Instance: FourDigitSSD:MUX|LPM_COUNTER:FrequencyDivider ;
+------------------------+-------------------+-----------------------------------------------+
; Parameter Name         ; Value             ; Type                                          ;
+------------------------+-------------------+-----------------------------------------------+
; AUTO_CARRY_CHAINS      ; ON                ; AUTO_CARRY                                    ;
; IGNORE_CARRY_BUFFERS   ; OFF               ; IGNORE_CARRY                                  ;
; AUTO_CASCADE_CHAINS    ; ON                ; AUTO_CASCADE                                  ;
; IGNORE_CASCADE_BUFFERS ; OFF               ; IGNORE_CASCADE                                ;
; LPM_WIDTH              ; 32                ; Signed Integer                                ;
; LPM_DIRECTION          ; DEFAULT           ; Untyped                                       ;
; LPM_MODULUS            ; 0                 ; Untyped                                       ;
; LPM_AVALUE             ; UNUSED            ; Untyped                                       ;
; LPM_SVALUE             ; UNUSED            ; Untyped                                       ;
; LPM_PORT_UPDOWN        ; PORT_CONNECTIVITY ; Untyped                                       ;
; DEVICE_FAMILY          ; Cyclone IV E      ; Untyped                                       ;
; CARRY_CHAIN            ; MANUAL            ; Untyped                                       ;
; CARRY_CHAIN_LENGTH     ; 48                ; CARRY_CHAIN_LENGTH                            ;
; NOT_GATE_PUSH_BACK     ; ON                ; NOT_GATE_PUSH_BACK                            ;
; CARRY_CNT_EN           ; SMART             ; Untyped                                       ;
; LABWIDE_SCLR           ; ON                ; Untyped                                       ;
; USE_NEW_VERSION        ; TRUE              ; Untyped                                       ;
; CBXI_PARAMETER         ; cntr_c3g          ; Untyped                                       ;
+------------------------+-------------------+-----------------------------------------------+
Note: In order to hide this table in the UI and the text report file, please set the "Show Parameter Settings in Synthesis Report" option in "Analysis and Synthesis Settings -> More Settings" to "Off".


+---------------------------------------------------------------------------------------------------------------+
; Parameter Settings for User Entity Instance: CounterWithPassword:inst|CounterSelecter:inst4|LPM_COUNTER:inst5 ;
+------------------------+-------------------+------------------------------------------------------------------+
; Parameter Name         ; Value             ; Type                                                             ;
+------------------------+-------------------+------------------------------------------------------------------+
; AUTO_CARRY_CHAINS      ; ON                ; AUTO_CARRY                                                       ;
; IGNORE_CARRY_BUFFERS   ; OFF               ; IGNORE_CARRY                                                     ;
; AUTO_CASCADE_CHAINS    ; ON                ; AUTO_CASCADE                                                     ;
; IGNORE_CASCADE_BUFFERS ; OFF               ; IGNORE_CASCADE                                                   ;
; LPM_WIDTH              ; 32                ; Signed Integer                                                   ;
; LPM_DIRECTION          ; UP                ; Untyped                                                          ;
; LPM_MODULUS            ; 0                 ; Untyped                                                          ;
; LPM_AVALUE             ; UNUSED            ; Untyped                                                          ;
; LPM_SVALUE             ; UNUSED            ; Untyped                                                          ;
; LPM_PORT_UPDOWN        ; PORT_CONNECTIVITY ; Untyped                                                          ;
; DEVICE_FAMILY          ; Cyclone IV E      ; Untyped                                                          ;
; CARRY_CHAIN            ; MANUAL            ; Untyped                                                          ;
; CARRY_CHAIN_LENGTH     ; 48                ; CARRY_CHAIN_LENGTH                                               ;
; NOT_GATE_PUSH_BACK     ; ON                ; NOT_GATE_PUSH_BACK                                               ;
; CARRY_CNT_EN           ; SMART             ; Untyped                                                          ;
; LABWIDE_SCLR           ; ON                ; Untyped                                                          ;
; USE_NEW_VERSION        ; TRUE              ; Untyped                                                          ;
; CBXI_PARAMETER         ; cntr_rqh          ; Untyped                                                          ;
+------------------------+-------------------+------------------------------------------------------------------+
Note: In order to hide this table in the UI and the text report file, please set the "Show Parameter Settings in Synthesis Report" option in "Analysis and Synthesis Settings -> More Settings" to "Off".


+-----------------------------------------------------+
; Post-Synthesis Netlist Statistics for Top Partition ;
+-----------------------+-----------------------------+
; Type                  ; Count                       ;
+-----------------------+-----------------------------+
; boundary_port         ; 35                          ;
; cycloneiii_ff         ; 87                          ;
;     CLR               ; 32                          ;
;     plain             ; 55                          ;
; cycloneiii_lcell_comb ; 188                         ;
;     arith             ; 36                          ;
;         2 data inputs ; 36                          ;
;     normal            ; 152                         ;
;         1 data inputs ; 38                          ;
;         2 data inputs ; 5                           ;
;         3 data inputs ; 27                          ;
;         4 data inputs ; 82                          ;
;                       ;                             ;
; Max LUT depth         ; 6.00                        ;
; Average LUT depth     ; 3.49                        ;
+-----------------------+-----------------------------+


+-------------------------------+
; Elapsed Time Per Partition    ;
+----------------+--------------+
; Partition Name ; Elapsed Time ;
+----------------+--------------+
; Top            ; 00:00:00     ;
+----------------+--------------+


+-------------------------------+
; Analysis & Synthesis Messages ;
+-------------------------------+
Info: *******************************************************************
Info: Running Quartus Prime Analysis & Synthesis
    Info: Version 20.1.1 Build 720 11/11/2020 SJ Lite Edition
    Info: Processing started: Thu Oct 28 11:49:36 2021
Info: Command: quartus_map --read_settings_files=on --write_settings_files=off FPGA -c FPGA
Warning (18236): Number of processors has not been specified which may cause overloading on shared machines.  Set the global assignment NUM_PARALLEL_PROCESSORS in your QSF to an appropriate value for best performance.
Info (20030): Parallel compilation is enabled and will use 4 of the 4 processors detected
Info (12021): Found 1 design units, including 1 entities, in source file sequencer.bdf
    Info (12023): Found entity 1: Sequencer
Info (12021): Found 1 design units, including 1 entities, in source file sept4x1mutiplexer.bdf
    Info (12023): Found entity 1: Sept4x1Mutiplexer
Info (12021): Found 1 design units, including 1 entities, in source file positiveedgetriggeredflipflop.bdf
    Info (12023): Found entity 1: PositiveEdgeTriggeredFlipFlop
Info (12021): Found 1 design units, including 1 entities, in source file mux6-1.bdf
    Info (12023): Found entity 1: MUX6-1
Info (12021): Found 1 design units, including 1 entities, in source file mux4-1.bdf
    Info (12023): Found entity 1: MUX4-1
Info (12021): Found 1 design units, including 1 entities, in source file multifrequency.bdf
    Info (12023): Found entity 1: MultiFrequency
Info (12021): Found 1 design units, including 1 entities, in source file muliplexerquad4-1.bdf
    Info (12023): Found entity 1: MuliplexerQuad4-1
Info (12021): Found 1 design units, including 1 entities, in source file muliplexer6x6-1.bdf
    Info (12023): Found entity 1: Muliplexer6x6-1
Info (12021): Found 1 design units, including 1 entities, in source file hextossd.bdf
    Info (12023): Found entity 1: HexToSSD
Info (12021): Found 1 design units, including 1 entities, in source file fourdigitssd.bdf
    Info (12023): Found entity 1: FourDigitSSD
Info (12021): Found 1 design units, including 1 entities, in source file decoder3to6.bdf
    Info (12023): Found entity 1: Decoder3to6
Info (12021): Found 1 design units, including 1 entities, in source file decoder2to4.bdf
    Info (12023): Found entity 1: Decoder2to4
Info (12021): Found 1 design units, including 1 entities, in source file debouncer.bdf
    Info (12023): Found entity 1: Debouncer
Info (12021): Found 1 design units, including 1 entities, in source file clockedsrlatch.bdf
    Info (12023): Found entity 1: ClockedSRlatch
Info (12021): Found 1 design units, including 1 entities, in source file bcdinputs.bdf
    Info (12023): Found entity 1: BCDinputs
Info (12021): Found 1 design units, including 1 entities, in source file bcdcounter.bdf
    Info (12023): Found entity 1: BCDCounter
Info (12021): Found 1 design units, including 1 entities, in source file bcdclockedcounterbus.bdf
    Info (12023): Found entity 1: BCDClockedCounterBus
Info (12021): Found 1 design units, including 1 entities, in source file fpga.bdf
    Info (12023): Found entity 1: FPGA
Info (12021): Found 1 design units, including 1 entities, in source file frequencydividerhl.bdf
    Info (12023): Found entity 1: FrequencyDividerHL
Info (12021): Found 1 design units, including 1 entities, in source file hextossdbus.bdf
    Info (12023): Found entity 1: HexToSSDBus
Info (12021): Found 1 design units, including 1 entities, in source file rippleclockedcounterbus.bdf
    Info (12023): Found entity 1: RippleClockedCounterBus
Info (12021): Found 1 design units, including 1 entities, in source file hextossdtoplevel.bdf
    Info (12023): Found entity 1: HexToSSDTopLevel
Info (12021): Found 1 design units, including 1 entities, in source file decoder3to8.bdf
    Info (12023): Found entity 1: Decoder3to8
Info (12021): Found 1 design units, including 1 entities, in source file digitshifter.bdf
    Info (12023): Found entity 1: DigitShifter
Info (12021): Found 1 design units, including 1 entities, in source file fpgalpm.bdf
    Info (12023): Found entity 1: FPGALPM
Info (12021): Found 1 design units, including 1 entities, in source file recongniserlogic.bdf
    Info (12023): Found entity 1: RecongniserLogic
Info (12021): Found 1 design units, including 1 entities, in source file counterwithpassword.bdf
    Info (12023): Found entity 1: CounterWithPassword
Info (12021): Found 1 design units, including 1 entities, in source file counterselecter.bdf
    Info (12023): Found entity 1: CounterSelecter
Info (12021): Found 1 design units, including 1 entities, in source file digmux.bdf
    Info (12023): Found entity 1: DigMux
Info (12021): Found 1 design units, including 1 entities, in source file stateholder.bdf
    Info (12023): Found entity 1: StateHolder
Info (12021): Found 1 design units, including 1 entities, in source file tflipflop.bdf
    Info (12023): Found entity 1: TFlipFlop
Info (12021): Found 1 design units, including 1 entities, in source file pass.bdf
    Info (12023): Found entity 1: Pass
Info (12021): Found 1 design units, including 1 entities, in source file test.bdf
    Info (12023): Found entity 1: Test
Info (12021): Found 1 design units, including 1 entities, in source file recongniserlogicverilog.v
    Info (12023): Found entity 1: RecongniserLogicVerilog File: C:/Users/sc2co/Desktop/13244785/RecongniserLogicVerilog.v Line: 20
Info (12021): Found 1 design units, including 1 entities, in source file edgedetector.bdf
    Info (12023): Found entity 1: EdgeDetector
Info (12021): Found 1 design units, including 1 entities, in source file quadedgetrigger.bdf
    Info (12023): Found entity 1: QuadEdgeTrigger
Info (12127): Elaborating entity "FPGA" for the top level hierarchy
Info (12128): Elaborating entity "FourDigitSSD" for hierarchy "FourDigitSSD:MUX"
Info (12128): Elaborating entity "Decoder2to4" for hierarchy "FourDigitSSD:MUX|Decoder2to4:inst"
Info (12128): Elaborating entity "Sequencer" for hierarchy "FourDigitSSD:MUX|Sequencer:inst2"
Info (12128): Elaborating entity "LPM_COUNTER" for hierarchy "FourDigitSSD:MUX|LPM_COUNTER:FrequencyDivider"
Info (12130): Elaborated megafunction instantiation "FourDigitSSD:MUX|LPM_COUNTER:FrequencyDivider"
Info (12133): Instantiated megafunction "FourDigitSSD:MUX|LPM_COUNTER:FrequencyDivider" with the following parameter:
    Info (12134): Parameter "LPM_WIDTH" = "32"
Info (12021): Found 1 design units, including 1 entities, in source file db/cntr_c3g.tdf
    Info (12023): Found entity 1: cntr_c3g File: C:/Users/sc2co/Desktop/13244785/db/cntr_c3g.tdf Line: 26
Info (12128): Elaborating entity "cntr_c3g" for hierarchy "FourDigitSSD:MUX|LPM_COUNTER:FrequencyDivider|cntr_c3g:auto_generated" File: c:/intelfpga_lite/20.1/quartus/libraries/megafunctions/lpm_counter.tdf Line: 259
Info (12128): Elaborating entity "Sept4x1Mutiplexer" for hierarchy "FourDigitSSD:MUX|Sept4x1Mutiplexer:inst3"
Info (12128): Elaborating entity "MUX4-1" for hierarchy "FourDigitSSD:MUX|Sept4x1Mutiplexer:inst3|MUX4-1:inst3"
Info (12128): Elaborating entity "HexToSSDBus" for hierarchy "HexToSSDBus:Dig0"
Info (12128): Elaborating entity "HexToSSD" for hierarchy "HexToSSDBus:Dig0|HexToSSD:inst"
Info (12128): Elaborating entity "CounterWithPassword" for hierarchy "CounterWithPassword:inst"
Info (12128): Elaborating entity "QuadEdgeTrigger" for hierarchy "CounterWithPassword:inst|QuadEdgeTrigger:edge"
Info (12128): Elaborating entity "EdgeDetector" for hierarchy "CounterWithPassword:inst|QuadEdgeTrigger:edge|EdgeDetector:inst"
Info (12128): Elaborating entity "CounterSelecter" for hierarchy "CounterWithPassword:inst|CounterSelecter:inst4"
Info (12128): Elaborating entity "DigMux" for hierarchy "CounterWithPassword:inst|CounterSelecter:inst4|DigMux:inst9"
Info (12128): Elaborating entity "BCDClockedCounterBus" for hierarchy "CounterWithPassword:inst|CounterSelecter:inst4|BCDClockedCounterBus:inst"
Warning (275002): No superset bus at connection
Info (12128): Elaborating entity "BCDinputs" for hierarchy "CounterWithPassword:inst|CounterSelecter:inst4|BCDClockedCounterBus:inst|BCDinputs:inst"
Info (12128): Elaborating entity "BCDCounter" for hierarchy "CounterWithPassword:inst|CounterSelecter:inst4|BCDClockedCounterBus:inst|BCDinputs:inst|BCDCounter:inst5"
Info (12128): Elaborating entity "LPM_COUNTER" for hierarchy "CounterWithPassword:inst|CounterSelecter:inst4|LPM_COUNTER:inst5"
Info (12130): Elaborated megafunction instantiation "CounterWithPassword:inst|CounterSelecter:inst4|LPM_COUNTER:inst5"
Info (12133): Instantiated megafunction "CounterWithPassword:inst|CounterSelecter:inst4|LPM_COUNTER:inst5" with the following parameter:
    Info (12134): Parameter "LPM_DIRECTION" = "UP"
    Info (12134): Parameter "LPM_WIDTH" = "32"
Info (12021): Found 1 design units, including 1 entities, in source file db/cntr_rqh.tdf
    Info (12023): Found entity 1: cntr_rqh File: C:/Users/sc2co/Desktop/13244785/db/cntr_rqh.tdf Line: 26
Info (12128): Elaborating entity "cntr_rqh" for hierarchy "CounterWithPassword:inst|CounterSelecter:inst4|LPM_COUNTER:inst5|cntr_rqh:auto_generated" File: c:/intelfpga_lite/20.1/quartus/libraries/megafunctions/lpm_counter.tdf Line: 259
Info (12128): Elaborating entity "RippleClockedCounterBus" for hierarchy "CounterWithPassword:inst|CounterSelecter:inst4|RippleClockedCounterBus:inst2"
Warning (12125): Using design file hexcounter.bdf, which is not specified as a design file for the current project, but contains definitions for 1 design units and 1 entities in project
    Info (12023): Found entity 1: HexCounter
Info (12128): Elaborating entity "HexCounter" for hierarchy "CounterWithPassword:inst|CounterSelecter:inst4|RippleClockedCounterBus:inst2|HexCounter:inst"
Info (12128): Elaborating entity "RecongniserLogicVerilog" for hierarchy "CounterWithPassword:inst|RecongniserLogicVerilog:inst"
Info (12128): Elaborating entity "Pass" for hierarchy "CounterWithPassword:inst|RecongniserLogicVerilog:inst|Pass:b2v_inst30" File: C:/Users/sc2co/Desktop/13244785/RecongniserLogicVerilog.v Line: 62
Info (12128): Elaborating entity "Debouncer" for hierarchy "Debouncer:inst2"
Info (286030): Timing-Driven Synthesis is running
Info (17049): 26 registers lost all their fanouts during netlist optimizations.
Info (16010): Generating hard_block partition "hard_block:auto_generated_inst"
    Info (16011): Adding 0 node(s), including 0 DDIO, 0 PLL, 0 transceiver and 0 LCELL
Info (21057): Implemented 221 device resources after synthesis - the final resource count might be different
    Info (21058): Implemented 5 input pins
    Info (21059): Implemented 30 output pins
    Info (21061): Implemented 186 logic cells
Info: Quartus Prime Analysis & Synthesis was successful. 0 errors, 3 warnings
    Info: Peak virtual memory: 4782 megabytes
    Info: Processing ended: Thu Oct 28 11:49:45 2021
    Info: Elapsed time: 00:00:09
    Info: Total CPU time (on all processors): 00:00:21


