Analysis & Synthesis report for VGASystem
Tue Nov  5 07:08:29 2024
Quartus Prime Version 23.1std.1 Build 993 05/14/2024 SC Lite Edition


---------------------
; Table of Contents ;
---------------------
  1. Legal Notice
  2. Analysis & Synthesis Summary
  3. Analysis & Synthesis Settings
  4. Parallel Compilation
  5. Analysis & Synthesis Source Files Read
  6. Analysis & Synthesis Resource Usage Summary
  7. Analysis & Synthesis Resource Utilization by Entity
  8. State Machine - |VGASystem|wrapper:I2C_Read|i2c_master:i2c_master|process_counter
  9. Registers Removed During Synthesis
 10. Removed Registers Triggering Further Register Optimizations
 11. General Register Statistics
 12. Multiplexer Restructuring Statistics (Restructuring Performed)
 13. Parameter Settings for User Entity Instance: ip:inst2|altpll:altpll_component
 14. Parameter Settings for User Entity Instance: FourDigitSSD:MUX|LPM_COUNTER:FrequencyDivider
 15. Parameter Settings for User Entity Instance: wrapper:I2C_Read|i2c_master:i2c_master
 16. altpll Parameter Settings by Entity Instance
 17. Port Connectivity Checks: "wrapper:I2C_Read|i2c_master:i2c_master"
 18. Post-Synthesis Netlist Statistics for Top Partition
 19. Elapsed Time Per Partition
 20. Analysis & Synthesis Messages



----------------
; Legal Notice ;
----------------
Copyright (C) 2024  Intel Corporation. All rights reserved.
Your use of Intel Corporation's design tools, logic functions 
and other software and tools, and any partner logic 
functions, and any output files from any of the foregoing 
(including device programming or simulation files), and any 
associated documentation or information are expressly subject 
to the terms and conditions of the Intel Program License 
Subscription Agreement, the Intel Quartus Prime License Agreement,
the Intel FPGA IP License Agreement, or other applicable license
agreement, including, without limitation, that your use is for
the sole purpose of programming logic devices manufactured by
Intel and sold by Intel or its authorized distributors.  Please
refer to the applicable agreement for further details, at
https://fpgasoftware.intel.com/eula.



+-------------------------------------------------------------------------------------+
; Analysis & Synthesis Summary                                                        ;
+------------------------------------+------------------------------------------------+
; Analysis & Synthesis Status        ; Successful - Tue Nov  5 07:08:29 2024          ;
; Quartus Prime Version              ; 23.1std.1 Build 993 05/14/2024 SC Lite Edition ;
; Revision Name                      ; VGASystem                                      ;
; Top-level Entity Name              ; VGASystem                                      ;
; Family                             ; Cyclone IV E                                   ;
; Total logic elements               ; 242                                            ;
;     Total combinational functions  ; 239                                            ;
;     Dedicated logic registers      ; 80                                             ;
; Total registers                    ; 80                                             ;
; Total pins                         ; 30                                             ;
; Total virtual pins                 ; 0                                              ;
; Total memory bits                  ; 0                                              ;
; Embedded Multiplier 9-bit elements ; 0                                              ;
; Total PLLs                         ; 1                                              ;
+------------------------------------+------------------------------------------------+


+------------------------------------------------------------------------------------------------------------+
; Analysis & Synthesis Settings                                                                              ;
+------------------------------------------------------------------+--------------------+--------------------+
; Option                                                           ; Setting            ; Default Value      ;
+------------------------------------------------------------------+--------------------+--------------------+
; Device                                                           ; EP4CE6E22C8        ;                    ;
; Top-level entity name                                            ; VGASystem          ; VGASystem          ;
; Family name                                                      ; Cyclone IV E       ; Cyclone V          ;
; Use smart compilation                                            ; Off                ; Off                ;
; Enable parallel Assembler and Timing Analyzer during compilation ; On                 ; On                 ;
; Enable compact report table                                      ; Off                ; Off                ;
; Restructure Multiplexers                                         ; Auto               ; Auto               ;
; Create Debugging Nodes for IP Cores                              ; Off                ; Off                ;
; Preserve fewer node names                                        ; On                 ; On                 ;
; Intel FPGA IP Evaluation Mode                                    ; Enable             ; Enable             ;
; Verilog Version                                                  ; Verilog_2001       ; Verilog_2001       ;
; VHDL Version                                                     ; VHDL_1993          ; VHDL_1993          ;
; State Machine Processing                                         ; Auto               ; Auto               ;
; Safe State Machine                                               ; Off                ; Off                ;
; Extract Verilog State Machines                                   ; On                 ; On                 ;
; Extract VHDL State Machines                                      ; On                 ; On                 ;
; Ignore Verilog initial constructs                                ; Off                ; Off                ;
; Iteration limit for constant Verilog loops                       ; 5000               ; 5000               ;
; Iteration limit for non-constant Verilog loops                   ; 250                ; 250                ;
; Add Pass-Through Logic to Inferred RAMs                          ; On                 ; On                 ;
; Infer RAMs from Raw Logic                                        ; On                 ; On                 ;
; Parallel Synthesis                                               ; On                 ; On                 ;
; DSP Block Balancing                                              ; Auto               ; Auto               ;
; NOT Gate Push-Back                                               ; On                 ; On                 ;
; Power-Up Don't Care                                              ; On                 ; On                 ;
; Remove Redundant Logic Cells                                     ; Off                ; Off                ;
; Remove Duplicate Registers                                       ; On                 ; On                 ;
; Ignore CARRY Buffers                                             ; Off                ; Off                ;
; Ignore CASCADE Buffers                                           ; Off                ; Off                ;
; Ignore GLOBAL Buffers                                            ; Off                ; Off                ;
; Ignore ROW GLOBAL Buffers                                        ; Off                ; Off                ;
; Ignore LCELL Buffers                                             ; Off                ; Off                ;
; Ignore SOFT Buffers                                              ; On                 ; On                 ;
; Limit AHDL Integers to 32 Bits                                   ; Off                ; Off                ;
; Optimization Technique                                           ; Balanced           ; Balanced           ;
; Carry Chain Length                                               ; 70                 ; 70                 ;
; Auto Carry Chains                                                ; On                 ; On                 ;
; Auto Open-Drain Pins                                             ; On                 ; On                 ;
; Perform WYSIWYG Primitive Resynthesis                            ; Off                ; Off                ;
; Auto ROM Replacement                                             ; On                 ; On                 ;
; Auto RAM Replacement                                             ; On                 ; On                 ;
; Auto DSP Block Replacement                                       ; On                 ; On                 ;
; Auto Shift Register Replacement                                  ; Auto               ; Auto               ;
; Allow Shift Register Merging across Hierarchies                  ; Auto               ; Auto               ;
; Auto Clock Enable Replacement                                    ; On                 ; On                 ;
; Strict RAM Replacement                                           ; Off                ; Off                ;
; Allow Synchronous Control Signals                                ; On                 ; On                 ;
; Force Use of Synchronous Clear Signals                           ; Off                ; Off                ;
; Auto RAM Block Balancing                                         ; On                 ; On                 ;
; Auto RAM to Logic Cell Conversion                                ; Off                ; Off                ;
; Auto Resource Sharing                                            ; Off                ; Off                ;
; Allow Any RAM Size For Recognition                               ; Off                ; Off                ;
; Allow Any ROM Size For Recognition                               ; Off                ; Off                ;
; Allow Any Shift Register Size For Recognition                    ; Off                ; Off                ;
; Use LogicLock Constraints during Resource Balancing              ; On                 ; On                 ;
; Ignore translate_off and synthesis_off directives                ; Off                ; Off                ;
; Timing-Driven Synthesis                                          ; On                 ; On                 ;
; Report Parameter Settings                                        ; On                 ; On                 ;
; Report Source Assignments                                        ; On                 ; On                 ;
; Report Connectivity Checks                                       ; On                 ; On                 ;
; Ignore Maximum Fan-Out Assignments                               ; Off                ; Off                ;
; Synchronization Register Chain Length                            ; 2                  ; 2                  ;
; Power Optimization During Synthesis                              ; Normal compilation ; Normal compilation ;
; HDL message level                                                ; Level2             ; Level2             ;
; Suppress Register Optimization Related Messages                  ; Off                ; Off                ;
; Number of Removed Registers Reported in Synthesis Report         ; 5000               ; 5000               ;
; Number of Swept Nodes Reported in Synthesis Report               ; 5000               ; 5000               ;
; Number of Inverted Registers Reported in Synthesis Report        ; 100                ; 100                ;
; Clock MUX Protection                                             ; On                 ; On                 ;
; Auto Gated Clock Conversion                                      ; Off                ; Off                ;
; Block Design Naming                                              ; Auto               ; Auto               ;
; SDC constraint protection                                        ; Off                ; Off                ;
; Synthesis Effort                                                 ; Auto               ; Auto               ;
; Shift Register Replacement - Allow Asynchronous Clear Signal     ; On                 ; On                 ;
; Pre-Mapping Resynthesis Optimization                             ; Off                ; Off                ;
; Analysis & Synthesis Message Level                               ; Medium             ; Medium             ;
; Disable Register Merging Across Hierarchies                      ; Auto               ; Auto               ;
; Resource Aware Inference For Block RAM                           ; On                 ; On                 ;
+------------------------------------------------------------------+--------------------+--------------------+


+------------------------------------------+
; Parallel Compilation                     ;
+----------------------------+-------------+
; Processors                 ; Number      ;
+----------------------------+-------------+
; Number detected on machine ; 8           ;
; Maximum allowed            ; 4           ;
;                            ;             ;
; Average used               ; 1.00        ;
; Maximum used               ; 4           ;
;                            ;             ;
; Usage by Processor         ; % Time Used ;
;     Processor 1            ; 100.0%      ;
;     Processor 2            ;   0.0%      ;
;     Processors 3-4         ;   0.0%      ;
+----------------------------+-------------+


+-----------------------------------------------------------------------------------------------------------------------------------------------------------------------------------------+
; Analysis & Synthesis Source Files Read                                                                                                                                                  ;
+----------------------------------+-----------------+------------------------------------+-------------------------------------------------------------------------------------+---------+
; File Name with User-Entered Path ; Used in Netlist ; File Type                          ; File Name with Absolute Path                                                        ; Library ;
+----------------------------------+-----------------+------------------------------------+-------------------------------------------------------------------------------------+---------+
; FourDigitSSD.bdf                 ; yes             ; User Block Diagram/Schematic File  ; C:/Users/Michael Cooke/Desktop/Repos/ESSA/VGASystem/FourDigitSSD.bdf                ;         ;
; Sequencer.bdf                    ; yes             ; User Block Diagram/Schematic File  ; C:/Users/Michael Cooke/Desktop/Repos/ESSA/VGASystem/Sequencer.bdf                   ;         ;
; Sept4x1Mutiplexer.bdf            ; yes             ; User Block Diagram/Schematic File  ; C:/Users/Michael Cooke/Desktop/Repos/ESSA/VGASystem/Sept4x1Mutiplexer.bdf           ;         ;
; MUX4-1.bdf                       ; yes             ; User Block Diagram/Schematic File  ; C:/Users/Michael Cooke/Desktop/Repos/ESSA/VGASystem/MUX4-1.bdf                      ;         ;
; Decoder2to4.bdf                  ; yes             ; User Block Diagram/Schematic File  ; C:/Users/Michael Cooke/Desktop/Repos/ESSA/VGASystem/Decoder2to4.bdf                 ;         ;
; HexToSSDBus.bdf                  ; yes             ; User Block Diagram/Schematic File  ; C:/Users/Michael Cooke/Desktop/Repos/ESSA/VGASystem/HexToSSDBus.bdf                 ;         ;
; HexToSSD.bdf                     ; yes             ; User Block Diagram/Schematic File  ; C:/Users/Michael Cooke/Desktop/Repos/ESSA/VGASystem/HexToSSD.bdf                    ;         ;
; Debouncer.bdf                    ; yes             ; User Block Diagram/Schematic File  ; C:/Users/Michael Cooke/Desktop/Repos/ESSA/VGASystem/Debouncer.bdf                   ;         ;
; writemem.v                       ; yes             ; User Verilog HDL File              ; C:/Users/Michael Cooke/Desktop/Repos/ESSA/VGASystem/writemem.v                      ;         ;
; readmem.v                        ; yes             ; User Verilog HDL File              ; C:/Users/Michael Cooke/Desktop/Repos/ESSA/VGASystem/readmem.v                       ;         ;
; VGADriver.v                      ; yes             ; User Verilog HDL File              ; C:/Users/Michael Cooke/Desktop/Repos/ESSA/VGASystem/VGADriver.v                     ;         ;
; ClkDivider.v                     ; yes             ; User Wizard-Generated File         ; C:/Users/Michael Cooke/Desktop/Repos/ESSA/VGASystem/ClkDivider.v                    ;         ;
; VGASystem.bdf                    ; yes             ; User Block Diagram/Schematic File  ; C:/Users/Michael Cooke/Desktop/Repos/ESSA/VGASystem/VGASystem.bdf                   ;         ;
; color_thirds.v                   ; yes             ; User Verilog HDL File              ; C:/Users/Michael Cooke/Desktop/Repos/ESSA/VGASystem/color_thirds.v                  ;         ;
; i2c_master.sv                    ; yes             ; User SystemVerilog HDL File        ; C:/Users/Michael Cooke/Desktop/Repos/ESSA/VGASystem/i2c_master.sv                   ;         ;
; i2c_wrapper.v                    ; yes             ; User Verilog HDL File              ; C:/Users/Michael Cooke/Desktop/Repos/ESSA/VGASystem/i2c_wrapper.v                   ;         ;
; altpll.tdf                       ; yes             ; Megafunction                       ; c:/users/public/quartus23.1/quartus/libraries/megafunctions/altpll.tdf              ;         ;
; aglobal231.inc                   ; yes             ; Megafunction                       ; c:/users/public/quartus23.1/quartus/libraries/megafunctions/aglobal231.inc          ;         ;
; stratix_pll.inc                  ; yes             ; Megafunction                       ; c:/users/public/quartus23.1/quartus/libraries/megafunctions/stratix_pll.inc         ;         ;
; stratixii_pll.inc                ; yes             ; Megafunction                       ; c:/users/public/quartus23.1/quartus/libraries/megafunctions/stratixii_pll.inc       ;         ;
; cycloneii_pll.inc                ; yes             ; Megafunction                       ; c:/users/public/quartus23.1/quartus/libraries/megafunctions/cycloneii_pll.inc       ;         ;
; db/ip_altpll.v                   ; yes             ; Auto-Generated Megafunction        ; C:/Users/Michael Cooke/Desktop/Repos/ESSA/VGASystem/db/ip_altpll.v                  ;         ;
; lpm_counter.tdf                  ; yes             ; Megafunction                       ; c:/users/public/quartus23.1/quartus/libraries/megafunctions/lpm_counter.tdf         ;         ;
; lpm_constant.inc                 ; yes             ; Megafunction                       ; c:/users/public/quartus23.1/quartus/libraries/megafunctions/lpm_constant.inc        ;         ;
; lpm_decode.inc                   ; yes             ; Megafunction                       ; c:/users/public/quartus23.1/quartus/libraries/megafunctions/lpm_decode.inc          ;         ;
; lpm_add_sub.inc                  ; yes             ; Megafunction                       ; c:/users/public/quartus23.1/quartus/libraries/megafunctions/lpm_add_sub.inc         ;         ;
; cmpconst.inc                     ; yes             ; Megafunction                       ; c:/users/public/quartus23.1/quartus/libraries/megafunctions/cmpconst.inc            ;         ;
; lpm_compare.inc                  ; yes             ; Megafunction                       ; c:/users/public/quartus23.1/quartus/libraries/megafunctions/lpm_compare.inc         ;         ;
; lpm_counter.inc                  ; yes             ; Megafunction                       ; c:/users/public/quartus23.1/quartus/libraries/megafunctions/lpm_counter.inc         ;         ;
; dffeea.inc                       ; yes             ; Megafunction                       ; c:/users/public/quartus23.1/quartus/libraries/megafunctions/dffeea.inc              ;         ;
; alt_counter_stratix.inc          ; yes             ; Megafunction                       ; c:/users/public/quartus23.1/quartus/libraries/megafunctions/alt_counter_stratix.inc ;         ;
; db/cntr_c3g.tdf                  ; yes             ; Auto-Generated Megafunction        ; C:/Users/Michael Cooke/Desktop/Repos/ESSA/VGASystem/db/cntr_c3g.tdf                 ;         ;
+----------------------------------+-----------------+------------------------------------+-------------------------------------------------------------------------------------+---------+


+---------------------------------------------------------+
; Analysis & Synthesis Resource Usage Summary             ;
+---------------------------------------------+-----------+
; Resource                                    ; Usage     ;
+---------------------------------------------+-----------+
; Estimated Total logic elements              ; 242       ;
;                                             ;           ;
; Total combinational functions               ; 239       ;
; Logic element usage by number of LUT inputs ;           ;
;     -- 4 input functions                    ; 144       ;
;     -- 3 input functions                    ; 17        ;
;     -- <=2 input functions                  ; 78        ;
;                                             ;           ;
; Logic elements by mode                      ;           ;
;     -- normal mode                          ; 187       ;
;     -- arithmetic mode                      ; 52        ;
;                                             ;           ;
; Total registers                             ; 80        ;
;     -- Dedicated logic registers            ; 80        ;
;     -- I/O registers                        ; 0         ;
;                                             ;           ;
; I/O pins                                    ; 30        ;
;                                             ;           ;
; Embedded Multiplier 9-bit elements          ; 0         ;
;                                             ;           ;
; Total PLLs                                  ; 1         ;
;     -- PLLs                                 ; 1         ;
;                                             ;           ;
; Maximum fan-out node                        ; RST~input ;
; Maximum fan-out                             ; 49        ;
; Total fan-out                               ; 1052      ;
; Average fan-out                             ; 2.75      ;
+---------------------------------------------+-----------+


+----------------------------------------------------------------------------------------------------------------------------------------------------------------------------------------------------------------------------------------------------------------------------------------+
; Analysis & Synthesis Resource Utilization by Entity                                                                                                                                                                                                                                    ;
+--------------------------------------+---------------------+---------------------------+-------------+--------------+---------+-----------+------+--------------+-----------------------------------------------------------------------------------+-------------------+--------------+
; Compilation Hierarchy Node           ; Combinational ALUTs ; Dedicated Logic Registers ; Memory Bits ; DSP Elements ; DSP 9x9 ; DSP 18x18 ; Pins ; Virtual Pins ; Full Hierarchy Name                                                               ; Entity Name       ; Library Name ;
+--------------------------------------+---------------------+---------------------------+-------------+--------------+---------+-----------+------+--------------+-----------------------------------------------------------------------------------+-------------------+--------------+
; |VGASystem                           ; 239 (1)             ; 80 (0)                    ; 0           ; 0            ; 0       ; 0         ; 30   ; 0            ; |VGASystem                                                                        ; VGASystem         ; work         ;
;    |Debouncer:inst8|                 ; 0 (0)               ; 3 (3)                     ; 0           ; 0            ; 0       ; 0         ; 0    ; 0            ; |VGASystem|Debouncer:inst8                                                        ; Debouncer         ; work         ;
;    |FourDigitSSD:MUX|                ; 19 (0)              ; 15 (0)                    ; 0           ; 0            ; 0       ; 0         ; 0    ; 0            ; |VGASystem|FourDigitSSD:MUX                                                       ; FourDigitSSD      ; work         ;
;       |Sept4x1Mutiplexer:inst3|      ; 4 (0)               ; 0 (0)                     ; 0           ; 0            ; 0       ; 0         ; 0    ; 0            ; |VGASystem|FourDigitSSD:MUX|Sept4x1Mutiplexer:inst3                               ; Sept4x1Mutiplexer ; work         ;
;          |MUX4-1:inst7|              ; 4 (0)               ; 0 (0)                     ; 0           ; 0            ; 0       ; 0         ; 0    ; 0            ; |VGASystem|FourDigitSSD:MUX|Sept4x1Mutiplexer:inst3|MUX4-1:inst7                  ; MUX4-1            ; work         ;
;             |Decoder2to4:inst|       ; 4 (4)               ; 0 (0)                     ; 0           ; 0            ; 0       ; 0         ; 0    ; 0            ; |VGASystem|FourDigitSSD:MUX|Sept4x1Mutiplexer:inst3|MUX4-1:inst7|Decoder2to4:inst ; Decoder2to4       ; work         ;
;       |Sequencer:inst2|              ; 2 (2)               ; 2 (2)                     ; 0           ; 0            ; 0       ; 0         ; 0    ; 0            ; |VGASystem|FourDigitSSD:MUX|Sequencer:inst2                                       ; Sequencer         ; work         ;
;       |lpm_counter:FrequencyDivider| ; 13 (0)              ; 13 (0)                    ; 0           ; 0            ; 0       ; 0         ; 0    ; 0            ; |VGASystem|FourDigitSSD:MUX|lpm_counter:FrequencyDivider                          ; lpm_counter       ; work         ;
;          |cntr_c3g:auto_generated|   ; 13 (13)             ; 13 (13)                   ; 0           ; 0            ; 0       ; 0         ; 0    ; 0            ; |VGASystem|FourDigitSSD:MUX|lpm_counter:FrequencyDivider|cntr_c3g:auto_generated  ; cntr_c3g          ; work         ;
;    |ip:inst2|                        ; 0 (0)               ; 0 (0)                     ; 0           ; 0            ; 0       ; 0         ; 0    ; 0            ; |VGASystem|ip:inst2                                                               ; ip                ; work         ;
;       |altpll:altpll_component|      ; 0 (0)               ; 0 (0)                     ; 0           ; 0            ; 0       ; 0         ; 0    ; 0            ; |VGASystem|ip:inst2|altpll:altpll_component                                       ; altpll            ; work         ;
;          |ip_altpll:auto_generated|  ; 0 (0)               ; 0 (0)                     ; 0           ; 0            ; 0       ; 0         ; 0    ; 0            ; |VGASystem|ip:inst2|altpll:altpll_component|ip_altpll:auto_generated              ; ip_altpll         ; work         ;
;    |vga_driver:inst|                 ; 38 (38)             ; 20 (20)                   ; 0           ; 0            ; 0       ; 0         ; 0    ; 0            ; |VGASystem|vga_driver:inst                                                        ; vga_driver        ; work         ;
;    |wrapper:I2C_Read|                ; 181 (0)             ; 42 (0)                    ; 0           ; 0            ; 0       ; 0         ; 0    ; 0            ; |VGASystem|wrapper:I2C_Read                                                       ; wrapper           ; work         ;
;       |i2c_master:i2c_master|        ; 181 (181)           ; 42 (42)                   ; 0           ; 0            ; 0       ; 0         ; 0    ; 0            ; |VGASystem|wrapper:I2C_Read|i2c_master:i2c_master                                 ; i2c_master        ; work         ;
+--------------------------------------+---------------------+---------------------------+-------------+--------------+---------+-----------+------+--------------+-----------------------------------------------------------------------------------+-------------------+--------------+
Note: For table entries with two numbers listed, the numbers in parentheses indicate the number of resources of the given type used by the specific entity alone. The numbers listed outside of parentheses indicate the total resources of the given type used by the specific entity and all of its sub-entities in the hierarchy.


Encoding Type:  One-Hot
+--------------------------------------------------------------------------------------------------------+
; State Machine - |VGASystem|wrapper:I2C_Read|i2c_master:i2c_master|process_counter                      ;
+--------------------+--------------------+--------------------+--------------------+--------------------+
; Name               ; process_counter.11 ; process_counter.10 ; process_counter.01 ; process_counter.00 ;
+--------------------+--------------------+--------------------+--------------------+--------------------+
; process_counter.00 ; 0                  ; 0                  ; 0                  ; 0                  ;
; process_counter.01 ; 0                  ; 0                  ; 1                  ; 1                  ;
; process_counter.10 ; 0                  ; 1                  ; 0                  ; 1                  ;
; process_counter.11 ; 1                  ; 0                  ; 0                  ; 1                  ;
+--------------------+--------------------+--------------------+--------------------+--------------------+


+-----------------------------------------------------------------------------------------------------------------------------------------------------------------------------+
; Registers Removed During Synthesis                                                                                                                                          ;
+-----------------------------------------------------------------------------------------------+-----------------------------------------------------------------------------+
; Register name                                                                                 ; Reason for Removal                                                          ;
+-----------------------------------------------------------------------------------------------+-----------------------------------------------------------------------------+
; FourDigitSSD:MUX|lpm_counter:FrequencyDivider|cntr_c3g:auto_generated|counter_reg_bit[13..31] ; Lost fanout                                                                 ;
; wrapper:I2C_Read|i2c_master:i2c_master|state[4..9,11..31]                                     ; Merged with wrapper:I2C_Read|i2c_master:i2c_master|state[10]                ;
; wrapper:I2C_Read|i2c_master:i2c_master|post_state[4..9,11..31]                                ; Merged with wrapper:I2C_Read|i2c_master:i2c_master|post_state[10]           ;
; wrapper:I2C_Read|i2c_master:i2c_master|saved_device_address[2..9,11..15]                      ; Merged with wrapper:I2C_Read|i2c_master:i2c_master|saved_device_address[10] ;
; wrapper:I2C_Read|i2c_master:i2c_master|saved_mosi_data[0..15]                                 ; Merged with wrapper:I2C_Read|i2c_master:i2c_master|saved_device_address[10] ;
; wrapper:I2C_Read|i2c_master:i2c_master|saved_register_address[0..15]                          ; Merged with wrapper:I2C_Read|i2c_master:i2c_master|saved_device_address[10] ;
; wrapper:I2C_Read|i2c_master:i2c_master|saved_device_address[10]                               ; Stuck at GND due to stuck port data_in                                      ;
; read_mem:inst6|out                                                                            ; Stuck at GND due to stuck port data_in                                      ;
; wrapper:I2C_Read|i2c_master:i2c_master|process_counter~2                                      ; Lost fanout                                                                 ;
; wrapper:I2C_Read|i2c_master:i2c_master|process_counter~3                                      ; Lost fanout                                                                 ;
; wrapper:I2C_Read|i2c_master:i2c_master|post_state[10]                                         ; Stuck at GND due to stuck port data_in                                      ;
; wrapper:I2C_Read|i2c_master:i2c_master|state[10]                                              ; Stuck at GND due to stuck port data_in                                      ;
; Total Number of Removed Registers = 124                                                       ;                                                                             ;
+-----------------------------------------------------------------------------------------------+-----------------------------------------------------------------------------+


+--------------------------------------------------------------------------------------------------------------------------------------+
; Removed Registers Triggering Further Register Optimizations                                                                          ;
+-------------------------------------------------------+---------------------------+--------------------------------------------------+
; Register name                                         ; Reason for Removal        ; Registers Removed due to This Register           ;
+-------------------------------------------------------+---------------------------+--------------------------------------------------+
; wrapper:I2C_Read|i2c_master:i2c_master|post_state[10] ; Stuck at GND              ; wrapper:I2C_Read|i2c_master:i2c_master|state[10] ;
;                                                       ; due to stuck port data_in ;                                                  ;
+-------------------------------------------------------+---------------------------+--------------------------------------------------+


+------------------------------------------------------+
; General Register Statistics                          ;
+----------------------------------------------+-------+
; Statistic                                    ; Value ;
+----------------------------------------------+-------+
; Total registers                              ; 80    ;
; Number of registers using Synchronous Clear  ; 33    ;
; Number of registers using Synchronous Load   ; 0     ;
; Number of registers using Asynchronous Clear ; 20    ;
; Number of registers using Asynchronous Load  ; 0     ;
; Number of registers using Clock Enable       ; 18    ;
; Number of registers using Preset             ; 0     ;
+----------------------------------------------+-------+


+------------------------------------------------------------------------------------------------------------------------------------------------------------------------------------+
; Multiplexer Restructuring Statistics (Restructuring Performed)                                                                                                                     ;
+--------------------+-----------+---------------+----------------------+------------------------+------------+----------------------------------------------------------------------+
; Multiplexer Inputs ; Bus Width ; Baseline Area ; Area if Restructured ; Saving if Restructured ; Registered ; Example Multiplexer Output                                           ;
+--------------------+-----------+---------------+----------------------+------------------------+------------+----------------------------------------------------------------------+
; 3:1                ; 16 bits   ; 32 LEs        ; 16 LEs               ; 16 LEs                 ; Yes        ; |VGASystem|wrapper:I2C_Read|i2c_master:i2c_master|divider_counter[0] ;
; 16:1               ; 8 bits    ; 80 LEs        ; 16 LEs               ; 64 LEs                 ; Yes        ; |VGASystem|wrapper:I2C_Read|i2c_master:i2c_master|bit_counter[6]     ;
; 8:1                ; 3 bits    ; 15 LEs        ; 9 LEs                ; 6 LEs                  ; No         ; |VGASystem|wrapper:I2C_Read|i2c_master:i2c_master|process_counter    ;
+--------------------+-----------+---------------+----------------------+------------------------+------------+----------------------------------------------------------------------+


+-------------------------------------------------------------------------------+
; Parameter Settings for User Entity Instance: ip:inst2|altpll:altpll_component ;
+-------------------------------+----------------------+------------------------+
; Parameter Name                ; Value                ; Type                   ;
+-------------------------------+----------------------+------------------------+
; OPERATION_MODE                ; NORMAL               ; Untyped                ;
; PLL_TYPE                      ; AUTO                 ; Untyped                ;
; LPM_HINT                      ; CBX_MODULE_PREFIX=ip ; Untyped                ;
; QUALIFY_CONF_DONE             ; OFF                  ; Untyped                ;
; COMPENSATE_CLOCK              ; CLK0                 ; Untyped                ;
; SCAN_CHAIN                    ; LONG                 ; Untyped                ;
; PRIMARY_CLOCK                 ; INCLK0               ; Untyped                ;
; INCLK0_INPUT_FREQUENCY        ; 20000                ; Signed Integer         ;
; INCLK1_INPUT_FREQUENCY        ; 0                    ; Untyped                ;
; GATE_LOCK_SIGNAL              ; NO                   ; Untyped                ;
; GATE_LOCK_COUNTER             ; 0                    ; Untyped                ;
; LOCK_HIGH                     ; 1                    ; Untyped                ;
; LOCK_LOW                      ; 1                    ; Untyped                ;
; VALID_LOCK_MULTIPLIER         ; 1                    ; Untyped                ;
; INVALID_LOCK_MULTIPLIER       ; 5                    ; Untyped                ;
; SWITCH_OVER_ON_LOSSCLK        ; OFF                  ; Untyped                ;
; SWITCH_OVER_ON_GATED_LOCK     ; OFF                  ; Untyped                ;
; ENABLE_SWITCH_OVER_COUNTER    ; OFF                  ; Untyped                ;
; SKIP_VCO                      ; OFF                  ; Untyped                ;
; SWITCH_OVER_COUNTER           ; 0                    ; Untyped                ;
; SWITCH_OVER_TYPE              ; AUTO                 ; Untyped                ;
; FEEDBACK_SOURCE               ; EXTCLK0              ; Untyped                ;
; BANDWIDTH                     ; 0                    ; Untyped                ;
; BANDWIDTH_TYPE                ; AUTO                 ; Untyped                ;
; SPREAD_FREQUENCY              ; 0                    ; Untyped                ;
; DOWN_SPREAD                   ; 0                    ; Untyped                ;
; SELF_RESET_ON_GATED_LOSS_LOCK ; OFF                  ; Untyped                ;
; SELF_RESET_ON_LOSS_LOCK       ; OFF                  ; Untyped                ;
; CLK9_MULTIPLY_BY              ; 0                    ; Untyped                ;
; CLK8_MULTIPLY_BY              ; 0                    ; Untyped                ;
; CLK7_MULTIPLY_BY              ; 0                    ; Untyped                ;
; CLK6_MULTIPLY_BY              ; 0                    ; Untyped                ;
; CLK5_MULTIPLY_BY              ; 1                    ; Untyped                ;
; CLK4_MULTIPLY_BY              ; 1                    ; Untyped                ;
; CLK3_MULTIPLY_BY              ; 1                    ; Untyped                ;
; CLK2_MULTIPLY_BY              ; 1                    ; Untyped                ;
; CLK1_MULTIPLY_BY              ; 1                    ; Untyped                ;
; CLK0_MULTIPLY_BY              ; 1                    ; Signed Integer         ;
; CLK9_DIVIDE_BY                ; 0                    ; Untyped                ;
; CLK8_DIVIDE_BY                ; 0                    ; Untyped                ;
; CLK7_DIVIDE_BY                ; 0                    ; Untyped                ;
; CLK6_DIVIDE_BY                ; 0                    ; Untyped                ;
; CLK5_DIVIDE_BY                ; 1                    ; Untyped                ;
; CLK4_DIVIDE_BY                ; 1                    ; Untyped                ;
; CLK3_DIVIDE_BY                ; 1                    ; Untyped                ;
; CLK2_DIVIDE_BY                ; 1                    ; Untyped                ;
; CLK1_DIVIDE_BY                ; 1                    ; Untyped                ;
; CLK0_DIVIDE_BY                ; 2                    ; Signed Integer         ;
; CLK9_PHASE_SHIFT              ; 0                    ; Untyped                ;
; CLK8_PHASE_SHIFT              ; 0                    ; Untyped                ;
; CLK7_PHASE_SHIFT              ; 0                    ; Untyped                ;
; CLK6_PHASE_SHIFT              ; 0                    ; Untyped                ;
; CLK5_PHASE_SHIFT              ; 0                    ; Untyped                ;
; CLK4_PHASE_SHIFT              ; 0                    ; Untyped                ;
; CLK3_PHASE_SHIFT              ; 0                    ; Untyped                ;
; CLK2_PHASE_SHIFT              ; 0                    ; Untyped                ;
; CLK1_PHASE_SHIFT              ; 0                    ; Untyped                ;
; CLK0_PHASE_SHIFT              ; 0                    ; Untyped                ;
; CLK5_TIME_DELAY               ; 0                    ; Untyped                ;
; CLK4_TIME_DELAY               ; 0                    ; Untyped                ;
; CLK3_TIME_DELAY               ; 0                    ; Untyped                ;
; CLK2_TIME_DELAY               ; 0                    ; Untyped                ;
; CLK1_TIME_DELAY               ; 0                    ; Untyped                ;
; CLK0_TIME_DELAY               ; 0                    ; Untyped                ;
; CLK9_DUTY_CYCLE               ; 50                   ; Untyped                ;
; CLK8_DUTY_CYCLE               ; 50                   ; Untyped                ;
; CLK7_DUTY_CYCLE               ; 50                   ; Untyped                ;
; CLK6_DUTY_CYCLE               ; 50                   ; Untyped                ;
; CLK5_DUTY_CYCLE               ; 50                   ; Untyped                ;
; CLK4_DUTY_CYCLE               ; 50                   ; Untyped                ;
; CLK3_DUTY_CYCLE               ; 50                   ; Untyped                ;
; CLK2_DUTY_CYCLE               ; 50                   ; Untyped                ;
; CLK1_DUTY_CYCLE               ; 50                   ; Untyped                ;
; CLK0_DUTY_CYCLE               ; 50                   ; Signed Integer         ;
; CLK9_USE_EVEN_COUNTER_MODE    ; OFF                  ; Untyped                ;
; CLK8_USE_EVEN_COUNTER_MODE    ; OFF                  ; Untyped                ;
; CLK7_USE_EVEN_COUNTER_MODE    ; OFF                  ; Untyped                ;
; CLK6_USE_EVEN_COUNTER_MODE    ; OFF                  ; Untyped                ;
; CLK5_USE_EVEN_COUNTER_MODE    ; OFF                  ; Untyped                ;
; CLK4_USE_EVEN_COUNTER_MODE    ; OFF                  ; Untyped                ;
; CLK3_USE_EVEN_COUNTER_MODE    ; OFF                  ; Untyped                ;
; CLK2_USE_EVEN_COUNTER_MODE    ; OFF                  ; Untyped                ;
; CLK1_USE_EVEN_COUNTER_MODE    ; OFF                  ; Untyped                ;
; CLK0_USE_EVEN_COUNTER_MODE    ; OFF                  ; Untyped                ;
; CLK9_USE_EVEN_COUNTER_VALUE   ; OFF                  ; Untyped                ;
; CLK8_USE_EVEN_COUNTER_VALUE   ; OFF                  ; Untyped                ;
; CLK7_USE_EVEN_COUNTER_VALUE   ; OFF                  ; Untyped                ;
; CLK6_USE_EVEN_COUNTER_VALUE   ; OFF                  ; Untyped                ;
; CLK5_USE_EVEN_COUNTER_VALUE   ; OFF                  ; Untyped                ;
; CLK4_USE_EVEN_COUNTER_VALUE   ; OFF                  ; Untyped                ;
; CLK3_USE_EVEN_COUNTER_VALUE   ; OFF                  ; Untyped                ;
; CLK2_USE_EVEN_COUNTER_VALUE   ; OFF                  ; Untyped                ;
; CLK1_USE_EVEN_COUNTER_VALUE   ; OFF                  ; Untyped                ;
; CLK0_USE_EVEN_COUNTER_VALUE   ; OFF                  ; Untyped                ;
; LOCK_WINDOW_UI                ;  0.05                ; Untyped                ;
; LOCK_WINDOW_UI_BITS           ; UNUSED               ; Untyped                ;
; VCO_RANGE_DETECTOR_LOW_BITS   ; UNUSED               ; Untyped                ;
; VCO_RANGE_DETECTOR_HIGH_BITS  ; UNUSED               ; Untyped                ;
; DPA_MULTIPLY_BY               ; 0                    ; Untyped                ;
; DPA_DIVIDE_BY                 ; 1                    ; Untyped                ;
; DPA_DIVIDER                   ; 0                    ; Untyped                ;
; EXTCLK3_MULTIPLY_BY           ; 1                    ; Untyped                ;
; EXTCLK2_MULTIPLY_BY           ; 1                    ; Untyped                ;
; EXTCLK1_MULTIPLY_BY           ; 1                    ; Untyped                ;
; EXTCLK0_MULTIPLY_BY           ; 1                    ; Untyped                ;
; EXTCLK3_DIVIDE_BY             ; 1                    ; Untyped                ;
; EXTCLK2_DIVIDE_BY             ; 1                    ; Untyped                ;
; EXTCLK1_DIVIDE_BY             ; 1                    ; Untyped                ;
; EXTCLK0_DIVIDE_BY             ; 1                    ; Untyped                ;
; EXTCLK3_PHASE_SHIFT           ; 0                    ; Untyped                ;
; EXTCLK2_PHASE_SHIFT           ; 0                    ; Untyped                ;
; EXTCLK1_PHASE_SHIFT           ; 0                    ; Untyped                ;
; EXTCLK0_PHASE_SHIFT           ; 0                    ; Untyped                ;
; EXTCLK3_TIME_DELAY            ; 0                    ; Untyped                ;
; EXTCLK2_TIME_DELAY            ; 0                    ; Untyped                ;
; EXTCLK1_TIME_DELAY            ; 0                    ; Untyped                ;
; EXTCLK0_TIME_DELAY            ; 0                    ; Untyped                ;
; EXTCLK3_DUTY_CYCLE            ; 50                   ; Untyped                ;
; EXTCLK2_DUTY_CYCLE            ; 50                   ; Untyped                ;
; EXTCLK1_DUTY_CYCLE            ; 50                   ; Untyped                ;
; EXTCLK0_DUTY_CYCLE            ; 50                   ; Untyped                ;
; VCO_MULTIPLY_BY               ; 0                    ; Untyped                ;
; VCO_DIVIDE_BY                 ; 0                    ; Untyped                ;
; SCLKOUT0_PHASE_SHIFT          ; 0                    ; Untyped                ;
; SCLKOUT1_PHASE_SHIFT          ; 0                    ; Untyped                ;
; VCO_MIN                       ; 0                    ; Untyped                ;
; VCO_MAX                       ; 0                    ; Untyped                ;
; VCO_CENTER                    ; 0                    ; Untyped                ;
; PFD_MIN                       ; 0                    ; Untyped                ;
; PFD_MAX                       ; 0                    ; Untyped                ;
; M_INITIAL                     ; 0                    ; Untyped                ;
; M                             ; 0                    ; Untyped                ;
; N                             ; 1                    ; Untyped                ;
; M2                            ; 1                    ; Untyped                ;
; N2                            ; 1                    ; Untyped                ;
; SS                            ; 1                    ; Untyped                ;
; C0_HIGH                       ; 0                    ; Untyped                ;
; C1_HIGH                       ; 0                    ; Untyped                ;
; C2_HIGH                       ; 0                    ; Untyped                ;
; C3_HIGH                       ; 0                    ; Untyped                ;
; C4_HIGH                       ; 0                    ; Untyped                ;
; C5_HIGH                       ; 0                    ; Untyped                ;
; C6_HIGH                       ; 0                    ; Untyped                ;
; C7_HIGH                       ; 0                    ; Untyped                ;
; C8_HIGH                       ; 0                    ; Untyped                ;
; C9_HIGH                       ; 0                    ; Untyped                ;
; C0_LOW                        ; 0                    ; Untyped                ;
; C1_LOW                        ; 0                    ; Untyped                ;
; C2_LOW                        ; 0                    ; Untyped                ;
; C3_LOW                        ; 0                    ; Untyped                ;
; C4_LOW                        ; 0                    ; Untyped                ;
; C5_LOW                        ; 0                    ; Untyped                ;
; C6_LOW                        ; 0                    ; Untyped                ;
; C7_LOW                        ; 0                    ; Untyped                ;
; C8_LOW                        ; 0                    ; Untyped                ;
; C9_LOW                        ; 0                    ; Untyped                ;
; C0_INITIAL                    ; 0                    ; Untyped                ;
; C1_INITIAL                    ; 0                    ; Untyped                ;
; C2_INITIAL                    ; 0                    ; Untyped                ;
; C3_INITIAL                    ; 0                    ; Untyped                ;
; C4_INITIAL                    ; 0                    ; Untyped                ;
; C5_INITIAL                    ; 0                    ; Untyped                ;
; C6_INITIAL                    ; 0                    ; Untyped                ;
; C7_INITIAL                    ; 0                    ; Untyped                ;
; C8_INITIAL                    ; 0                    ; Untyped                ;
; C9_INITIAL                    ; 0                    ; Untyped                ;
; C0_MODE                       ; BYPASS               ; Untyped                ;
; C1_MODE                       ; BYPASS               ; Untyped                ;
; C2_MODE                       ; BYPASS               ; Untyped                ;
; C3_MODE                       ; BYPASS               ; Untyped                ;
; C4_MODE                       ; BYPASS               ; Untyped                ;
; C5_MODE                       ; BYPASS               ; Untyped                ;
; C6_MODE                       ; BYPASS               ; Untyped                ;
; C7_MODE                       ; BYPASS               ; Untyped                ;
; C8_MODE                       ; BYPASS               ; Untyped                ;
; C9_MODE                       ; BYPASS               ; Untyped                ;
; C0_PH                         ; 0                    ; Untyped                ;
; C1_PH                         ; 0                    ; Untyped                ;
; C2_PH                         ; 0                    ; Untyped                ;
; C3_PH                         ; 0                    ; Untyped                ;
; C4_PH                         ; 0                    ; Untyped                ;
; C5_PH                         ; 0                    ; Untyped                ;
; C6_PH                         ; 0                    ; Untyped                ;
; C7_PH                         ; 0                    ; Untyped                ;
; C8_PH                         ; 0                    ; Untyped                ;
; C9_PH                         ; 0                    ; Untyped                ;
; L0_HIGH                       ; 1                    ; Untyped                ;
; L1_HIGH                       ; 1                    ; Untyped                ;
; G0_HIGH                       ; 1                    ; Untyped                ;
; G1_HIGH                       ; 1                    ; Untyped                ;
; G2_HIGH                       ; 1                    ; Untyped                ;
; G3_HIGH                       ; 1                    ; Untyped                ;
; E0_HIGH                       ; 1                    ; Untyped                ;
; E1_HIGH                       ; 1                    ; Untyped                ;
; E2_HIGH                       ; 1                    ; Untyped                ;
; E3_HIGH                       ; 1                    ; Untyped                ;
; L0_LOW                        ; 1                    ; Untyped                ;
; L1_LOW                        ; 1                    ; Untyped                ;
; G0_LOW                        ; 1                    ; Untyped                ;
; G1_LOW                        ; 1                    ; Untyped                ;
; G2_LOW                        ; 1                    ; Untyped                ;
; G3_LOW                        ; 1                    ; Untyped                ;
; E0_LOW                        ; 1                    ; Untyped                ;
; E1_LOW                        ; 1                    ; Untyped                ;
; E2_LOW                        ; 1                    ; Untyped                ;
; E3_LOW                        ; 1                    ; Untyped                ;
; L0_INITIAL                    ; 1                    ; Untyped                ;
; L1_INITIAL                    ; 1                    ; Untyped                ;
; G0_INITIAL                    ; 1                    ; Untyped                ;
; G1_INITIAL                    ; 1                    ; Untyped                ;
; G2_INITIAL                    ; 1                    ; Untyped                ;
; G3_INITIAL                    ; 1                    ; Untyped                ;
; E0_INITIAL                    ; 1                    ; Untyped                ;
; E1_INITIAL                    ; 1                    ; Untyped                ;
; E2_INITIAL                    ; 1                    ; Untyped                ;
; E3_INITIAL                    ; 1                    ; Untyped                ;
; L0_MODE                       ; BYPASS               ; Untyped                ;
; L1_MODE                       ; BYPASS               ; Untyped                ;
; G0_MODE                       ; BYPASS               ; Untyped                ;
; G1_MODE                       ; BYPASS               ; Untyped                ;
; G2_MODE                       ; BYPASS               ; Untyped                ;
; G3_MODE                       ; BYPASS               ; Untyped                ;
; E0_MODE                       ; BYPASS               ; Untyped                ;
; E1_MODE                       ; BYPASS               ; Untyped                ;
; E2_MODE                       ; BYPASS               ; Untyped                ;
; E3_MODE                       ; BYPASS               ; Untyped                ;
; L0_PH                         ; 0                    ; Untyped                ;
; L1_PH                         ; 0                    ; Untyped                ;
; G0_PH                         ; 0                    ; Untyped                ;
; G1_PH                         ; 0                    ; Untyped                ;
; G2_PH                         ; 0                    ; Untyped                ;
; G3_PH                         ; 0                    ; Untyped                ;
; E0_PH                         ; 0                    ; Untyped                ;
; E1_PH                         ; 0                    ; Untyped                ;
; E2_PH                         ; 0                    ; Untyped                ;
; E3_PH                         ; 0                    ; Untyped                ;
; M_PH                          ; 0                    ; Untyped                ;
; C1_USE_CASC_IN                ; OFF                  ; Untyped                ;
; C2_USE_CASC_IN                ; OFF                  ; Untyped                ;
; C3_USE_CASC_IN                ; OFF                  ; Untyped                ;
; C4_USE_CASC_IN                ; OFF                  ; Untyped                ;
; C5_USE_CASC_IN                ; OFF                  ; Untyped                ;
; C6_USE_CASC_IN                ; OFF                  ; Untyped                ;
; C7_USE_CASC_IN                ; OFF                  ; Untyped                ;
; C8_USE_CASC_IN                ; OFF                  ; Untyped                ;
; C9_USE_CASC_IN                ; OFF                  ; Untyped                ;
; CLK0_COUNTER                  ; G0                   ; Untyped                ;
; CLK1_COUNTER                  ; G0                   ; Untyped                ;
; CLK2_COUNTER                  ; G0                   ; Untyped                ;
; CLK3_COUNTER                  ; G0                   ; Untyped                ;
; CLK4_COUNTER                  ; G0                   ; Untyped                ;
; CLK5_COUNTER                  ; G0                   ; Untyped                ;
; CLK6_COUNTER                  ; E0                   ; Untyped                ;
; CLK7_COUNTER                  ; E1                   ; Untyped                ;
; CLK8_COUNTER                  ; E2                   ; Untyped                ;
; CLK9_COUNTER                  ; E3                   ; Untyped                ;
; L0_TIME_DELAY                 ; 0                    ; Untyped                ;
; L1_TIME_DELAY                 ; 0                    ; Untyped                ;
; G0_TIME_DELAY                 ; 0                    ; Untyped                ;
; G1_TIME_DELAY                 ; 0                    ; Untyped                ;
; G2_TIME_DELAY                 ; 0                    ; Untyped                ;
; G3_TIME_DELAY                 ; 0                    ; Untyped                ;
; E0_TIME_DELAY                 ; 0                    ; Untyped                ;
; E1_TIME_DELAY                 ; 0                    ; Untyped                ;
; E2_TIME_DELAY                 ; 0                    ; Untyped                ;
; E3_TIME_DELAY                 ; 0                    ; Untyped                ;
; M_TIME_DELAY                  ; 0                    ; Untyped                ;
; N_TIME_DELAY                  ; 0                    ; Untyped                ;
; EXTCLK3_COUNTER               ; E3                   ; Untyped                ;
; EXTCLK2_COUNTER               ; E2                   ; Untyped                ;
; EXTCLK1_COUNTER               ; E1                   ; Untyped                ;
; EXTCLK0_COUNTER               ; E0                   ; Untyped                ;
; ENABLE0_COUNTER               ; L0                   ; Untyped                ;
; ENABLE1_COUNTER               ; L0                   ; Untyped                ;
; CHARGE_PUMP_CURRENT           ; 2                    ; Untyped                ;
; LOOP_FILTER_R                 ;  1.000000            ; Untyped                ;
; LOOP_FILTER_C                 ; 5                    ; Untyped                ;
; CHARGE_PUMP_CURRENT_BITS      ; 9999                 ; Untyped                ;
; LOOP_FILTER_R_BITS            ; 9999                 ; Untyped                ;
; LOOP_FILTER_C_BITS            ; 9999                 ; Untyped                ;
; VCO_POST_SCALE                ; 0                    ; Untyped                ;
; CLK2_OUTPUT_FREQUENCY         ; 0                    ; Untyped                ;
; CLK1_OUTPUT_FREQUENCY         ; 0                    ; Untyped                ;
; CLK0_OUTPUT_FREQUENCY         ; 0                    ; Untyped                ;
; INTENDED_DEVICE_FAMILY        ; MAX 10               ; Untyped                ;
; PORT_CLKENA0                  ; PORT_UNUSED          ; Untyped                ;
; PORT_CLKENA1                  ; PORT_UNUSED          ; Untyped                ;
; PORT_CLKENA2                  ; PORT_UNUSED          ; Untyped                ;
; PORT_CLKENA3                  ; PORT_UNUSED          ; Untyped                ;
; PORT_CLKENA4                  ; PORT_UNUSED          ; Untyped                ;
; PORT_CLKENA5                  ; PORT_UNUSED          ; Untyped                ;
; PORT_EXTCLKENA0               ; PORT_CONNECTIVITY    ; Untyped                ;
; PORT_EXTCLKENA1               ; PORT_CONNECTIVITY    ; Untyped                ;
; PORT_EXTCLKENA2               ; PORT_CONNECTIVITY    ; Untyped                ;
; PORT_EXTCLKENA3               ; PORT_CONNECTIVITY    ; Untyped                ;
; PORT_EXTCLK0                  ; PORT_UNUSED          ; Untyped                ;
; PORT_EXTCLK1                  ; PORT_UNUSED          ; Untyped                ;
; PORT_EXTCLK2                  ; PORT_UNUSED          ; Untyped                ;
; PORT_EXTCLK3                  ; PORT_UNUSED          ; Untyped                ;
; PORT_CLKBAD0                  ; PORT_UNUSED          ; Untyped                ;
; PORT_CLKBAD1                  ; PORT_UNUSED          ; Untyped                ;
; PORT_CLK0                     ; PORT_USED            ; Untyped                ;
; PORT_CLK1                     ; PORT_UNUSED          ; Untyped                ;
; PORT_CLK2                     ; PORT_UNUSED          ; Untyped                ;
; PORT_CLK3                     ; PORT_UNUSED          ; Untyped                ;
; PORT_CLK4                     ; PORT_UNUSED          ; Untyped                ;
; PORT_CLK5                     ; PORT_UNUSED          ; Untyped                ;
; PORT_CLK6                     ; PORT_UNUSED          ; Untyped                ;
; PORT_CLK7                     ; PORT_UNUSED          ; Untyped                ;
; PORT_CLK8                     ; PORT_UNUSED          ; Untyped                ;
; PORT_CLK9                     ; PORT_UNUSED          ; Untyped                ;
; PORT_SCANDATA                 ; PORT_UNUSED          ; Untyped                ;
; PORT_SCANDATAOUT              ; PORT_UNUSED          ; Untyped                ;
; PORT_SCANDONE                 ; PORT_UNUSED          ; Untyped                ;
; PORT_SCLKOUT1                 ; PORT_CONNECTIVITY    ; Untyped                ;
; PORT_SCLKOUT0                 ; PORT_CONNECTIVITY    ; Untyped                ;
; PORT_ACTIVECLOCK              ; PORT_UNUSED          ; Untyped                ;
; PORT_CLKLOSS                  ; PORT_UNUSED          ; Untyped                ;
; PORT_INCLK1                   ; PORT_UNUSED          ; Untyped                ;
; PORT_INCLK0                   ; PORT_USED            ; Untyped                ;
; PORT_FBIN                     ; PORT_UNUSED          ; Untyped                ;
; PORT_PLLENA                   ; PORT_UNUSED          ; Untyped                ;
; PORT_CLKSWITCH                ; PORT_UNUSED          ; Untyped                ;
; PORT_ARESET                   ; PORT_USED            ; Untyped                ;
; PORT_PFDENA                   ; PORT_UNUSED          ; Untyped                ;
; PORT_SCANCLK                  ; PORT_UNUSED          ; Untyped                ;
; PORT_SCANACLR                 ; PORT_UNUSED          ; Untyped                ;
; PORT_SCANREAD                 ; PORT_UNUSED          ; Untyped                ;
; PORT_SCANWRITE                ; PORT_UNUSED          ; Untyped                ;
; PORT_ENABLE0                  ; PORT_CONNECTIVITY    ; Untyped                ;
; PORT_ENABLE1                  ; PORT_CONNECTIVITY    ; Untyped                ;
; PORT_LOCKED                   ; PORT_USED            ; Untyped                ;
; PORT_CONFIGUPDATE             ; PORT_UNUSED          ; Untyped                ;
; PORT_FBOUT                    ; PORT_CONNECTIVITY    ; Untyped                ;
; PORT_PHASEDONE                ; PORT_UNUSED          ; Untyped                ;
; PORT_PHASESTEP                ; PORT_UNUSED          ; Untyped                ;
; PORT_PHASEUPDOWN              ; PORT_UNUSED          ; Untyped                ;
; PORT_SCANCLKENA               ; PORT_UNUSED          ; Untyped                ;
; PORT_PHASECOUNTERSELECT       ; PORT_UNUSED          ; Untyped                ;
; PORT_VCOOVERRANGE             ; PORT_CONNECTIVITY    ; Untyped                ;
; PORT_VCOUNDERRANGE            ; PORT_CONNECTIVITY    ; Untyped                ;
; M_TEST_SOURCE                 ; 5                    ; Untyped                ;
; C0_TEST_SOURCE                ; 5                    ; Untyped                ;
; C1_TEST_SOURCE                ; 5                    ; Untyped                ;
; C2_TEST_SOURCE                ; 5                    ; Untyped                ;
; C3_TEST_SOURCE                ; 5                    ; Untyped                ;
; C4_TEST_SOURCE                ; 5                    ; Untyped                ;
; C5_TEST_SOURCE                ; 5                    ; Untyped                ;
; C6_TEST_SOURCE                ; 5                    ; Untyped                ;
; C7_TEST_SOURCE                ; 5                    ; Untyped                ;
; C8_TEST_SOURCE                ; 5                    ; Untyped                ;
; C9_TEST_SOURCE                ; 5                    ; Untyped                ;
; CBXI_PARAMETER                ; ip_altpll            ; Untyped                ;
; VCO_FREQUENCY_CONTROL         ; AUTO                 ; Untyped                ;
; VCO_PHASE_SHIFT_STEP          ; 0                    ; Untyped                ;
; WIDTH_CLOCK                   ; 5                    ; Signed Integer         ;
; WIDTH_PHASECOUNTERSELECT      ; 4                    ; Untyped                ;
; USING_FBMIMICBIDIR_PORT       ; OFF                  ; Untyped                ;
; DEVICE_FAMILY                 ; Cyclone IV E         ; Untyped                ;
; SCAN_CHAIN_MIF_FILE           ; UNUSED               ; Untyped                ;
; SIM_GATE_LOCK_DEVICE_BEHAVIOR ; OFF                  ; Untyped                ;
; AUTO_CARRY_CHAINS             ; ON                   ; AUTO_CARRY             ;
; IGNORE_CARRY_BUFFERS          ; OFF                  ; IGNORE_CARRY           ;
; AUTO_CASCADE_CHAINS           ; ON                   ; AUTO_CASCADE           ;
; IGNORE_CASCADE_BUFFERS        ; OFF                  ; IGNORE_CASCADE         ;
+-------------------------------+----------------------+------------------------+
Note: In order to hide this table in the UI and the text report file, please set the "Show Parameter Settings in Synthesis Report" option in "Analysis and Synthesis Settings -> More Settings" to "Off".


+--------------------------------------------------------------------------------------------+
; Parameter Settings for User Entity Instance: FourDigitSSD:MUX|LPM_COUNTER:FrequencyDivider ;
+------------------------+-------------------+-----------------------------------------------+
; Parameter Name         ; Value             ; Type                                          ;
+------------------------+-------------------+-----------------------------------------------+
; AUTO_CARRY_CHAINS      ; ON                ; AUTO_CARRY                                    ;
; IGNORE_CARRY_BUFFERS   ; OFF               ; IGNORE_CARRY                                  ;
; AUTO_CASCADE_CHAINS    ; ON                ; AUTO_CASCADE                                  ;
; IGNORE_CASCADE_BUFFERS ; OFF               ; IGNORE_CASCADE                                ;
; LPM_WIDTH              ; 32                ; Signed Integer                                ;
; LPM_DIRECTION          ; DEFAULT           ; Untyped                                       ;
; LPM_MODULUS            ; 0                 ; Untyped                                       ;
; LPM_AVALUE             ; UNUSED            ; Untyped                                       ;
; LPM_SVALUE             ; UNUSED            ; Untyped                                       ;
; LPM_PORT_UPDOWN        ; PORT_CONNECTIVITY ; Untyped                                       ;
; DEVICE_FAMILY          ; Cyclone IV E      ; Untyped                                       ;
; CARRY_CHAIN            ; MANUAL            ; Untyped                                       ;
; CARRY_CHAIN_LENGTH     ; 48                ; CARRY_CHAIN_LENGTH                            ;
; NOT_GATE_PUSH_BACK     ; ON                ; NOT_GATE_PUSH_BACK                            ;
; CARRY_CNT_EN           ; SMART             ; Untyped                                       ;
; LABWIDE_SCLR           ; ON                ; Untyped                                       ;
; USE_NEW_VERSION        ; TRUE              ; Untyped                                       ;
; CBXI_PARAMETER         ; cntr_c3g          ; Untyped                                       ;
+------------------------+-------------------+-----------------------------------------------+
Note: In order to hide this table in the UI and the text report file, please set the "Show Parameter Settings in Synthesis Report" option in "Analysis and Synthesis Settings -> More Settings" to "Off".


+-------------------------------------------------------------------------------------+
; Parameter Settings for User Entity Instance: wrapper:I2C_Read|i2c_master:i2c_master ;
+----------------+-------+------------------------------------------------------------+
; Parameter Name ; Value ; Type                                                       ;
+----------------+-------+------------------------------------------------------------+
; DATA_WIDTH     ; 16    ; Signed Integer                                             ;
; REGISTER_WIDTH ; 16    ; Signed Integer                                             ;
; ADDRESS_WIDTH  ; 15    ; Signed Integer                                             ;
+----------------+-------+------------------------------------------------------------+
Note: In order to hide this table in the UI and the text report file, please set the "Show Parameter Settings in Synthesis Report" option in "Analysis and Synthesis Settings -> More Settings" to "Off".


+------------------------------------------------------------------+
; altpll Parameter Settings by Entity Instance                     ;
+-------------------------------+----------------------------------+
; Name                          ; Value                            ;
+-------------------------------+----------------------------------+
; Number of entity instances    ; 1                                ;
; Entity Instance               ; ip:inst2|altpll:altpll_component ;
;     -- OPERATION_MODE         ; NORMAL                           ;
;     -- PLL_TYPE               ; AUTO                             ;
;     -- PRIMARY_CLOCK          ; INCLK0                           ;
;     -- INCLK0_INPUT_FREQUENCY ; 20000                            ;
;     -- INCLK1_INPUT_FREQUENCY ; 0                                ;
;     -- VCO_MULTIPLY_BY        ; 0                                ;
;     -- VCO_DIVIDE_BY          ; 0                                ;
+-------------------------------+----------------------------------+


+---------------------------------------------------------------------------------------------------------------------------------+
; Port Connectivity Checks: "wrapper:I2C_Read|i2c_master:i2c_master"                                                              ;
+-----------------------+--------+----------+-------------------------------------------------------------------------------------+
; Port                  ; Type   ; Severity ; Details                                                                             ;
+-----------------------+--------+----------+-------------------------------------------------------------------------------------+
; read_write            ; Input  ; Info     ; Stuck at VCC                                                                        ;
; mosi_data             ; Input  ; Info     ; Stuck at GND                                                                        ;
; register_address      ; Input  ; Info     ; Stuck at GND                                                                        ;
; device_address[14..1] ; Input  ; Info     ; Stuck at GND                                                                        ;
; device_address[0]     ; Input  ; Info     ; Stuck at VCC                                                                        ;
; divider[15..1]        ; Input  ; Info     ; Stuck at GND                                                                        ;
; divider[0]            ; Input  ; Info     ; Stuck at VCC                                                                        ;
; miso_data             ; Output ; Info     ; Connected to dangling logic. Logic that only feeds a dangling port will be removed. ;
; busy                  ; Output ; Info     ; Connected to dangling logic. Logic that only feeds a dangling port will be removed. ;
+-----------------------+--------+----------+-------------------------------------------------------------------------------------+


+-----------------------------------------------------+
; Post-Synthesis Netlist Statistics for Top Partition ;
+-----------------------+-----------------------------+
; Type                  ; Count                       ;
+-----------------------+-----------------------------+
; boundary_port         ; 30                          ;
; cycloneiii_ff         ; 80                          ;
;     CLR               ; 10                          ;
;     ENA               ; 8                           ;
;     ENA CLR           ; 10                          ;
;     SCLR              ; 33                          ;
;     plain             ; 19                          ;
; cycloneiii_io_obuf    ; 2                           ;
; cycloneiii_lcell_comb ; 246                         ;
;     arith             ; 52                          ;
;         2 data inputs ; 52                          ;
;     normal            ; 194                         ;
;         0 data inputs ; 2                           ;
;         1 data inputs ; 12                          ;
;         2 data inputs ; 19                          ;
;         3 data inputs ; 17                          ;
;         4 data inputs ; 144                         ;
; cycloneiii_pll        ; 1                           ;
;                       ;                             ;
; Max LUT depth         ; 7.00                        ;
; Average LUT depth     ; 3.66                        ;
+-----------------------+-----------------------------+


+-------------------------------+
; Elapsed Time Per Partition    ;
+----------------+--------------+
; Partition Name ; Elapsed Time ;
+----------------+--------------+
; Top            ; 00:00:01     ;
+----------------+--------------+


+-------------------------------+
; Analysis & Synthesis Messages ;
+-------------------------------+
Info: *******************************************************************
Info: Running Quartus Prime Analysis & Synthesis
    Info: Version 23.1std.1 Build 993 05/14/2024 SC Lite Edition
    Info: Processing started: Tue Nov  5 07:08:20 2024
Info: Command: quartus_map --read_settings_files=on --write_settings_files=off VGASystem -c VGASystem
Warning (18236): Number of processors has not been specified which may cause overloading on shared machines.  Set the global assignment NUM_PARALLEL_PROCESSORS in your QSF to an appropriate value for best performance.
Info (20030): Parallel compilation is enabled and will use 4 of the 4 processors detected
Info (12021): Found 1 design units, including 1 entities, in source file fourdigitssd.bdf
    Info (12023): Found entity 1: FourDigitSSD
Info (12021): Found 1 design units, including 1 entities, in source file sequencer.bdf
    Info (12023): Found entity 1: Sequencer
Info (12021): Found 1 design units, including 1 entities, in source file sept4x1mutiplexer.bdf
    Info (12023): Found entity 1: Sept4x1Mutiplexer
Info (12021): Found 1 design units, including 1 entities, in source file mux4-1.bdf
    Info (12023): Found entity 1: MUX4-1
Info (12021): Found 1 design units, including 1 entities, in source file decoder2to4.bdf
    Info (12023): Found entity 1: Decoder2to4
Info (12021): Found 1 design units, including 1 entities, in source file hextossdbus.bdf
    Info (12023): Found entity 1: HexToSSDBus
Info (12021): Found 1 design units, including 1 entities, in source file hextossd.bdf
    Info (12023): Found entity 1: HexToSSD
Info (12021): Found 1 design units, including 1 entities, in source file debouncer.bdf
    Info (12023): Found entity 1: Debouncer
Info (12021): Found 1 design units, including 1 entities, in source file writemem.v
    Info (12023): Found entity 1: write_mem File: C:/Users/Michael Cooke/Desktop/Repos/ESSA/VGASystem/writemem.v Line: 1
Info (12021): Found 1 design units, including 1 entities, in source file readmem.v
    Info (12023): Found entity 1: read_mem File: C:/Users/Michael Cooke/Desktop/Repos/ESSA/VGASystem/readmem.v Line: 1
Info (12021): Found 1 design units, including 1 entities, in source file vgadriver.v
    Info (12023): Found entity 1: vga_driver File: C:/Users/Michael Cooke/Desktop/Repos/ESSA/VGASystem/VGADriver.v Line: 1
Info (12021): Found 1 design units, including 1 entities, in source file clkdivider.v
    Info (12023): Found entity 1: ip File: C:/Users/Michael Cooke/Desktop/Repos/ESSA/VGASystem/ClkDivider.v Line: 40
Info (12021): Found 1 design units, including 1 entities, in source file checkeredpattern.v
    Info (12023): Found entity 1: pixel_pattern File: C:/Users/Michael Cooke/Desktop/Repos/ESSA/VGASystem/CheckeredPattern.v Line: 1
Info (12021): Found 1 design units, including 1 entities, in source file vgasystem.bdf
    Info (12023): Found entity 1: VGASystem
Info (12021): Found 1 design units, including 1 entities, in source file color_thirds.v
    Info (12023): Found entity 1: color_Thirds File: C:/Users/Michael Cooke/Desktop/Repos/ESSA/VGASystem/color_thirds.v Line: 1
Info (12021): Found 1 design units, including 1 entities, in source file i2c_master.sv
    Info (12023): Found entity 1: i2c_master File: C:/Users/Michael Cooke/Desktop/Repos/ESSA/VGASystem/i2c_master.sv Line: 22
Info (12021): Found 1 design units, including 1 entities, in source file i2c_wrapper.v
    Info (12023): Found entity 1: wrapper File: C:/Users/Michael Cooke/Desktop/Repos/ESSA/VGASystem/i2c_wrapper.v Line: 1
Info (12127): Elaborating entity "VGASystem" for the top level hierarchy
Warning (275011): Block or symbol "vga_driver" of instance "inst" overlaps another block or symbol
Info (12128): Elaborating entity "vga_driver" for hierarchy "vga_driver:inst"
Warning (10230): Verilog HDL assignment warning at VGADriver.v(35): truncated value with size 32 to match size of target (10) File: C:/Users/Michael Cooke/Desktop/Repos/ESSA/VGASystem/VGADriver.v Line: 35
Warning (10230): Verilog HDL assignment warning at VGADriver.v(49): truncated value with size 32 to match size of target (10) File: C:/Users/Michael Cooke/Desktop/Repos/ESSA/VGASystem/VGADriver.v Line: 49
Info (12128): Elaborating entity "ip" for hierarchy "ip:inst2"
Info (12128): Elaborating entity "altpll" for hierarchy "ip:inst2|altpll:altpll_component" File: C:/Users/Michael Cooke/Desktop/Repos/ESSA/VGASystem/ClkDivider.v Line: 104
Info (12130): Elaborated megafunction instantiation "ip:inst2|altpll:altpll_component" File: C:/Users/Michael Cooke/Desktop/Repos/ESSA/VGASystem/ClkDivider.v Line: 104
Info (12133): Instantiated megafunction "ip:inst2|altpll:altpll_component" with the following parameter: File: C:/Users/Michael Cooke/Desktop/Repos/ESSA/VGASystem/ClkDivider.v Line: 104
    Info (12134): Parameter "bandwidth_type" = "AUTO"
    Info (12134): Parameter "clk0_divide_by" = "2"
    Info (12134): Parameter "clk0_duty_cycle" = "50"
    Info (12134): Parameter "clk0_multiply_by" = "1"
    Info (12134): Parameter "clk0_phase_shift" = "0"
    Info (12134): Parameter "compensate_clock" = "CLK0"
    Info (12134): Parameter "inclk0_input_frequency" = "20000"
    Info (12134): Parameter "intended_device_family" = "MAX 10"
    Info (12134): Parameter "lpm_hint" = "CBX_MODULE_PREFIX=ip"
    Info (12134): Parameter "lpm_type" = "altpll"
    Info (12134): Parameter "operation_mode" = "NORMAL"
    Info (12134): Parameter "pll_type" = "AUTO"
    Info (12134): Parameter "port_activeclock" = "PORT_UNUSED"
    Info (12134): Parameter "port_areset" = "PORT_USED"
    Info (12134): Parameter "port_clkbad0" = "PORT_UNUSED"
    Info (12134): Parameter "port_clkbad1" = "PORT_UNUSED"
    Info (12134): Parameter "port_clkloss" = "PORT_UNUSED"
    Info (12134): Parameter "port_clkswitch" = "PORT_UNUSED"
    Info (12134): Parameter "port_configupdate" = "PORT_UNUSED"
    Info (12134): Parameter "port_fbin" = "PORT_UNUSED"
    Info (12134): Parameter "port_inclk0" = "PORT_USED"
    Info (12134): Parameter "port_inclk1" = "PORT_UNUSED"
    Info (12134): Parameter "port_locked" = "PORT_USED"
    Info (12134): Parameter "port_pfdena" = "PORT_UNUSED"
    Info (12134): Parameter "port_phasecounterselect" = "PORT_UNUSED"
    Info (12134): Parameter "port_phasedone" = "PORT_UNUSED"
    Info (12134): Parameter "port_phasestep" = "PORT_UNUSED"
    Info (12134): Parameter "port_phaseupdown" = "PORT_UNUSED"
    Info (12134): Parameter "port_pllena" = "PORT_UNUSED"
    Info (12134): Parameter "port_scanaclr" = "PORT_UNUSED"
    Info (12134): Parameter "port_scanclk" = "PORT_UNUSED"
    Info (12134): Parameter "port_scanclkena" = "PORT_UNUSED"
    Info (12134): Parameter "port_scandata" = "PORT_UNUSED"
    Info (12134): Parameter "port_scandataout" = "PORT_UNUSED"
    Info (12134): Parameter "port_scandone" = "PORT_UNUSED"
    Info (12134): Parameter "port_scanread" = "PORT_UNUSED"
    Info (12134): Parameter "port_scanwrite" = "PORT_UNUSED"
    Info (12134): Parameter "port_clk0" = "PORT_USED"
    Info (12134): Parameter "port_clk1" = "PORT_UNUSED"
    Info (12134): Parameter "port_clk2" = "PORT_UNUSED"
    Info (12134): Parameter "port_clk3" = "PORT_UNUSED"
    Info (12134): Parameter "port_clk4" = "PORT_UNUSED"
    Info (12134): Parameter "port_clk5" = "PORT_UNUSED"
    Info (12134): Parameter "port_clkena0" = "PORT_UNUSED"
    Info (12134): Parameter "port_clkena1" = "PORT_UNUSED"
    Info (12134): Parameter "port_clkena2" = "PORT_UNUSED"
    Info (12134): Parameter "port_clkena3" = "PORT_UNUSED"
    Info (12134): Parameter "port_clkena4" = "PORT_UNUSED"
    Info (12134): Parameter "port_clkena5" = "PORT_UNUSED"
    Info (12134): Parameter "port_extclk0" = "PORT_UNUSED"
    Info (12134): Parameter "port_extclk1" = "PORT_UNUSED"
    Info (12134): Parameter "port_extclk2" = "PORT_UNUSED"
    Info (12134): Parameter "port_extclk3" = "PORT_UNUSED"
    Info (12134): Parameter "self_reset_on_loss_lock" = "OFF"
    Info (12134): Parameter "width_clock" = "5"
Info (12021): Found 1 design units, including 1 entities, in source file db/ip_altpll.v
    Info (12023): Found entity 1: ip_altpll File: C:/Users/Michael Cooke/Desktop/Repos/ESSA/VGASystem/db/ip_altpll.v Line: 31
Info (12128): Elaborating entity "ip_altpll" for hierarchy "ip:inst2|altpll:altpll_component|ip_altpll:auto_generated" File: c:/users/public/quartus23.1/quartus/libraries/megafunctions/altpll.tdf Line: 898
Info (12128): Elaborating entity "read_mem" for hierarchy "read_mem:inst6"
Info (12128): Elaborating entity "write_mem" for hierarchy "write_mem:inst5"
Warning (10230): Verilog HDL assignment warning at writemem.v(7): truncated value with size 32 to match size of target (10) File: C:/Users/Michael Cooke/Desktop/Repos/ESSA/VGASystem/writemem.v Line: 7
Info (12128): Elaborating entity "color_Thirds" for hierarchy "color_Thirds:inst4"
Info (12128): Elaborating entity "FourDigitSSD" for hierarchy "FourDigitSSD:MUX"
Info (12128): Elaborating entity "Decoder2to4" for hierarchy "FourDigitSSD:MUX|Decoder2to4:inst"
Info (12128): Elaborating entity "Sequencer" for hierarchy "FourDigitSSD:MUX|Sequencer:inst2"
Info (12128): Elaborating entity "LPM_COUNTER" for hierarchy "FourDigitSSD:MUX|LPM_COUNTER:FrequencyDivider"
Info (12130): Elaborated megafunction instantiation "FourDigitSSD:MUX|LPM_COUNTER:FrequencyDivider"
Info (12133): Instantiated megafunction "FourDigitSSD:MUX|LPM_COUNTER:FrequencyDivider" with the following parameter:
    Info (12134): Parameter "LPM_WIDTH" = "32"
Info (12021): Found 1 design units, including 1 entities, in source file db/cntr_c3g.tdf
    Info (12023): Found entity 1: cntr_c3g File: C:/Users/Michael Cooke/Desktop/Repos/ESSA/VGASystem/db/cntr_c3g.tdf Line: 26
Info (12128): Elaborating entity "cntr_c3g" for hierarchy "FourDigitSSD:MUX|LPM_COUNTER:FrequencyDivider|cntr_c3g:auto_generated" File: c:/users/public/quartus23.1/quartus/libraries/megafunctions/lpm_counter.tdf Line: 259
Info (12128): Elaborating entity "Sept4x1Mutiplexer" for hierarchy "FourDigitSSD:MUX|Sept4x1Mutiplexer:inst3"
Info (12128): Elaborating entity "MUX4-1" for hierarchy "FourDigitSSD:MUX|Sept4x1Mutiplexer:inst3|MUX4-1:inst3"
Info (12128): Elaborating entity "Debouncer" for hierarchy "Debouncer:inst8"
Info (12128): Elaborating entity "HexToSSDBus" for hierarchy "HexToSSDBus:Dig0"
Info (12128): Elaborating entity "HexToSSD" for hierarchy "HexToSSDBus:Dig0|HexToSSD:inst"
Info (12128): Elaborating entity "wrapper" for hierarchy "wrapper:I2C_Read"
Warning (10034): Output port "data" at i2c_wrapper.v(8) has no driver File: C:/Users/Michael Cooke/Desktop/Repos/ESSA/VGASystem/i2c_wrapper.v Line: 8
Info (12128): Elaborating entity "i2c_master" for hierarchy "wrapper:I2C_Read|i2c_master:i2c_master" File: C:/Users/Michael Cooke/Desktop/Repos/ESSA/VGASystem/i2c_wrapper.v Line: 50
Warning (10230): Verilog HDL assignment warning at i2c_master.sv(141): truncated value with size 32 to match size of target (16) File: C:/Users/Michael Cooke/Desktop/Repos/ESSA/VGASystem/i2c_master.sv Line: 141
Warning (10230): Verilog HDL assignment warning at i2c_master.sv(216): truncated value with size 32 to match size of target (8) File: C:/Users/Michael Cooke/Desktop/Repos/ESSA/VGASystem/i2c_master.sv Line: 216
Warning (10230): Verilog HDL assignment warning at i2c_master.sv(293): truncated value with size 32 to match size of target (8) File: C:/Users/Michael Cooke/Desktop/Repos/ESSA/VGASystem/i2c_master.sv Line: 293
Warning (10230): Verilog HDL assignment warning at i2c_master.sv(328): truncated value with size 32 to match size of target (8) File: C:/Users/Michael Cooke/Desktop/Repos/ESSA/VGASystem/i2c_master.sv Line: 328
Warning (10230): Verilog HDL assignment warning at i2c_master.sv(375): truncated value with size 32 to match size of target (8) File: C:/Users/Michael Cooke/Desktop/Repos/ESSA/VGASystem/i2c_master.sv Line: 375
Warning (10230): Verilog HDL assignment warning at i2c_master.sv(410): truncated value with size 32 to match size of target (8) File: C:/Users/Michael Cooke/Desktop/Repos/ESSA/VGASystem/i2c_master.sv Line: 410
Warning (10230): Verilog HDL assignment warning at i2c_master.sv(467): truncated value with size 32 to match size of target (8) File: C:/Users/Michael Cooke/Desktop/Repos/ESSA/VGASystem/i2c_master.sv Line: 467
Warning (10230): Verilog HDL assignment warning at i2c_master.sv(509): truncated value with size 32 to match size of target (8) File: C:/Users/Michael Cooke/Desktop/Repos/ESSA/VGASystem/i2c_master.sv Line: 509
Warning (10230): Verilog HDL assignment warning at i2c_master.sv(542): truncated value with size 32 to match size of target (8) File: C:/Users/Michael Cooke/Desktop/Repos/ESSA/VGASystem/i2c_master.sv Line: 542
Warning (13024): Output pins are stuck at VCC or GND
    Warning (13410): Pin "out_R" is stuck at GND
    Warning (13410): Pin "out_G" is stuck at GND
    Warning (13410): Pin "out_B" is stuck at GND
    Warning (13410): Pin "segA" is stuck at GND
    Warning (13410): Pin "segB" is stuck at GND
    Warning (13410): Pin "segC" is stuck at GND
    Warning (13410): Pin "segD" is stuck at GND
    Warning (13410): Pin "segE" is stuck at GND
    Warning (13410): Pin "segF" is stuck at GND
    Warning (13410): Pin "segG" is stuck at VCC
Info (286030): Timing-Driven Synthesis is running
Info (17049): 21 registers lost all their fanouts during netlist optimizations.
Info (16010): Generating hard_block partition "hard_block:auto_generated_inst"
    Info (16011): Adding 1 node(s), including 0 DDIO, 1 PLL, 0 transceiver and 0 LCELL
Warning (21074): Design contains 9 input pin(s) that do not drive logic
    Warning (15610): No output dependent on input pin "VALUE[8]"
    Warning (15610): No output dependent on input pin "VALUE[7]"
    Warning (15610): No output dependent on input pin "VALUE[6]"
    Warning (15610): No output dependent on input pin "VALUE[5]"
    Warning (15610): No output dependent on input pin "VALUE[4]"
    Warning (15610): No output dependent on input pin "VALUE[3]"
    Warning (15610): No output dependent on input pin "VALUE[2]"
    Warning (15610): No output dependent on input pin "VALUE[1]"
    Warning (15610): No output dependent on input pin "VALUE[0]"
Info (21057): Implemented 273 device resources after synthesis - the final resource count might be different
    Info (21058): Implemented 12 input pins
    Info (21059): Implemented 16 output pins
    Info (21060): Implemented 2 bidirectional pins
    Info (21061): Implemented 242 logic cells
    Info (21065): Implemented 1 PLLs
Info: Quartus Prime Analysis & Synthesis was successful. 0 errors, 36 warnings
    Info: Peak virtual memory: 4785 megabytes
    Info: Processing ended: Tue Nov  5 07:08:29 2024
    Info: Elapsed time: 00:00:09
    Info: Total CPU time (on all processors): 00:00:21


