Flow report for VGASystem
Wed Nov  6 08:27:10 2024
Quartus Prime Version 23.1std.1 Build 993 05/14/2024 SC Lite Edition


---------------------
; Table of Contents ;
---------------------
  1. Legal Notice
  2. Flow Summary
  3. Flow Settings
  4. Flow Non-Default Global Settings
  5. Flow Elapsed Time
  6. Flow OS Summary
  7. Flow Log
  8. Flow Messages
  9. Flow Suppressed Messages



----------------
; Legal Notice ;
----------------
Copyright (C) 2024  Intel Corporation. All rights reserved.
Your use of Intel Corporation's design tools, logic functions 
and other software and tools, and any partner logic 
functions, and any output files from any of the foregoing 
(including device programming or simulation files), and any 
associated documentation or information are expressly subject 
to the terms and conditions of the Intel Program License 
Subscription Agreement, the Intel Quartus Prime License Agreement,
the Intel FPGA IP License Agreement, or other applicable license
agreement, including, without limitation, that your use is for
the sole purpose of programming logic devices manufactured by
Intel and sold by Intel or its authorized distributors.  Please
refer to the applicable agreement for further details, at
https://fpgasoftware.intel.com/eula.



+-------------------------------------------------------------------------------------+
; Flow Summary                                                                        ;
+------------------------------------+------------------------------------------------+
; Flow Status                        ; Successful - Wed Nov  6 08:27:10 2024          ;
; Quartus Prime Version              ; 23.1std.1 Build 993 05/14/2024 SC Lite Edition ;
; Revision Name                      ; VGASystem                                      ;
; Top-level Entity Name              ; VGASystem                                      ;
; Family                             ; Cyclone IV E                                   ;
; Device                             ; EP4CE6E22C8                                    ;
; Timing Models                      ; Final                                          ;
; Total logic elements               ; 258 / 6,272 ( 4 % )                            ;
;     Total combinational functions  ; 239 / 6,272 ( 4 % )                            ;
;     Dedicated logic registers      ; 96 / 6,272 ( 2 % )                             ;
; Total registers                    ; 96                                             ;
; Total pins                         ; 63 / 92 ( 68 % )                               ;
; Total virtual pins                 ; 0                                              ;
; Total memory bits                  ; 0 / 276,480 ( 0 % )                            ;
; Embedded Multiplier 9-bit elements ; 0 / 30 ( 0 % )                                 ;
; Total PLLs                         ; 1 / 2 ( 50 % )                                 ;
+------------------------------------+------------------------------------------------+


+-----------------------------------------+
; Flow Settings                           ;
+-------------------+---------------------+
; Option            ; Setting             ;
+-------------------+---------------------+
; Start date & time ; 11/06/2024 07:45:02 ;
; Main task         ; Compilation         ;
; Revision Name     ; VGASystem           ;
+-------------------+---------------------+


+------------------------------------------------------------------------------------------------------------------------------------------------+
; Flow Non-Default Global Settings                                                                                                               ;
+-------------------------------------+----------------------------------------+---------------+-------------+-----------------------------------+
; Assignment Name                     ; Value                                  ; Default Value ; Entity Name ; Section Id                        ;
+-------------------------------------+----------------------------------------+---------------+-------------+-----------------------------------+
; COMPILER_SIGNATURE_ID               ; 963354561847.173087910205408           ; --            ; --          ; --                                ;
; EDA_GENERATE_FUNCTIONAL_NETLIST     ; Off                                    ; --            ; --          ; eda_board_design_timing           ;
; EDA_GENERATE_FUNCTIONAL_NETLIST     ; Off                                    ; --            ; --          ; eda_board_design_boundary_scan    ;
; EDA_GENERATE_FUNCTIONAL_NETLIST     ; Off                                    ; --            ; --          ; eda_board_design_signal_integrity ;
; EDA_GENERATE_FUNCTIONAL_NETLIST     ; Off                                    ; --            ; --          ; eda_board_design_symbol           ;
; EDA_OUTPUT_DATA_FORMAT              ; Verilog Hdl                            ; --            ; --          ; eda_simulation                    ;
; EDA_SIMULATION_TOOL                 ; Questa Intel FPGA (Verilog)            ; <None>        ; --          ; --                                ;
; EDA_TIME_SCALE                      ; 1 ps                                   ; --            ; --          ; eda_simulation                    ;
; MAX_CORE_JUNCTION_TEMP              ; 85                                     ; --            ; --          ; --                                ;
; MIN_CORE_JUNCTION_TEMP              ; 0                                      ; --            ; --          ; --                                ;
; NOMINAL_CORE_SUPPLY_VOLTAGE         ; 1.2V                                   ; --            ; --          ; --                                ;
; OUTPUT_IO_TIMING_FAR_END_VMEAS      ; Half Signal Swing                      ; --            ; --          ; --                                ;
; OUTPUT_IO_TIMING_FAR_END_VMEAS      ; Half Signal Swing                      ; --            ; --          ; --                                ;
; OUTPUT_IO_TIMING_NEAR_END_VMEAS     ; Half Vccio                             ; --            ; --          ; --                                ;
; OUTPUT_IO_TIMING_NEAR_END_VMEAS     ; Half Vccio                             ; --            ; --          ; --                                ;
; PARTITION_COLOR                     ; -- (Not supported for targeted family) ; --            ; --          ; Top                               ;
; PARTITION_FITTER_PRESERVATION_LEVEL ; -- (Not supported for targeted family) ; --            ; --          ; Top                               ;
; PARTITION_NETLIST_TYPE              ; -- (Not supported for targeted family) ; --            ; --          ; Top                               ;
; POWER_BOARD_THERMAL_MODEL           ; None (CONSERVATIVE)                    ; --            ; --          ; --                                ;
; POWER_PRESET_COOLING_SOLUTION       ; 23 MM HEAT SINK WITH 200 LFPM AIRFLOW  ; --            ; --          ; --                                ;
; PROJECT_OUTPUT_DIRECTORY            ; output_files                           ; --            ; --          ; --                                ;
+-------------------------------------+----------------------------------------+---------------+-------------+-----------------------------------+


+--------------------------------------------------------------------------------------------------------------------------+
; Flow Elapsed Time                                                                                                        ;
+----------------------+--------------+-------------------------+---------------------+------------------------------------+
; Module Name          ; Elapsed Time ; Average Processors Used ; Peak Virtual Memory ; Total CPU Time (on all processors) ;
+----------------------+--------------+-------------------------+---------------------+------------------------------------+
; Analysis & Synthesis ; 00:00:08     ; 1.0                     ; 4785 MB             ; 00:00:21                           ;
; Fitter               ; 00:00:06     ; 1.0                     ; 5495 MB             ; 00:00:07                           ;
; Assembler            ; 00:00:00     ; 1.0                     ; 4692 MB             ; 00:00:01                           ;
; Timing Analyzer      ; 00:00:02     ; 1.0                     ; 4759 MB             ; 00:00:02                           ;
; EDA Netlist Writer   ; 00:00:01     ; 1.0                     ; 4634 MB             ; 00:00:01                           ;
; EDA Netlist Writer   ; 00:00:01     ; 1.0                     ; 4634 MB             ; 00:00:01                           ;
; EDA Netlist Writer   ; 00:00:01     ; 1.0                     ; 4634 MB             ; 00:00:01                           ;
; EDA Netlist Writer   ; 00:00:00     ; 1.0                     ; 4634 MB             ; 00:00:01                           ;
; EDA Netlist Writer   ; 00:00:00     ; 1.0                     ; 4634 MB             ; 00:00:01                           ;
; EDA Netlist Writer   ; 00:00:00     ; 1.0                     ; 4634 MB             ; 00:00:00                           ;
; EDA Netlist Writer   ; 00:00:01     ; 1.0                     ; 4634 MB             ; 00:00:01                           ;
; EDA Netlist Writer   ; 00:00:01     ; 1.0                     ; 4634 MB             ; 00:00:01                           ;
; EDA Netlist Writer   ; 00:00:00     ; 1.0                     ; 4634 MB             ; 00:00:00                           ;
; EDA Netlist Writer   ; 00:00:01     ; 1.0                     ; 4634 MB             ; 00:00:01                           ;
; EDA Netlist Writer   ; 00:00:01     ; 1.0                     ; 4634 MB             ; 00:00:01                           ;
; EDA Netlist Writer   ; 00:00:01     ; 1.0                     ; 4646 MB             ; 00:00:01                           ;
; EDA Netlist Writer   ; 00:00:01     ; 1.0                     ; 4634 MB             ; 00:00:01                           ;
; EDA Netlist Writer   ; 00:00:01     ; 1.0                     ; 4634 MB             ; 00:00:01                           ;
; EDA Netlist Writer   ; 00:00:01     ; 1.0                     ; 4634 MB             ; 00:00:01                           ;
; EDA Netlist Writer   ; 00:00:01     ; 1.0                     ; 4634 MB             ; 00:00:01                           ;
; EDA Netlist Writer   ; 00:00:00     ; 1.0                     ; 4634 MB             ; 00:00:01                           ;
; EDA Netlist Writer   ; 00:00:00     ; 1.0                     ; 4634 MB             ; 00:00:01                           ;
; Total                ; 00:00:28     ; --                      ; --                  ; 00:00:47                           ;
+----------------------+--------------+-------------------------+---------------------+------------------------------------+


+------------------------------------------------------------------------------------+
; Flow OS Summary                                                                    ;
+----------------------+------------------+------------+------------+----------------+
; Module Name          ; Machine Hostname ; OS Name    ; OS Version ; Processor type ;
+----------------------+------------------+------------+------------+----------------+
; Analysis & Synthesis ; DESKTOP-2MMFH7K  ; Windows 10 ; 10.0       ; x86_64         ;
; Fitter               ; DESKTOP-2MMFH7K  ; Windows 10 ; 10.0       ; x86_64         ;
; Assembler            ; DESKTOP-2MMFH7K  ; Windows 10 ; 10.0       ; x86_64         ;
; Timing Analyzer      ; DESKTOP-2MMFH7K  ; Windows 10 ; 10.0       ; x86_64         ;
; EDA Netlist Writer   ; DESKTOP-2MMFH7K  ; Windows 10 ; 10.0       ; x86_64         ;
; EDA Netlist Writer   ; DESKTOP-2MMFH7K  ; Windows 10 ; 10.0       ; x86_64         ;
; EDA Netlist Writer   ; DESKTOP-2MMFH7K  ; Windows 10 ; 10.0       ; x86_64         ;
; EDA Netlist Writer   ; DESKTOP-2MMFH7K  ; Windows 10 ; 10.0       ; x86_64         ;
; EDA Netlist Writer   ; DESKTOP-2MMFH7K  ; Windows 10 ; 10.0       ; x86_64         ;
; EDA Netlist Writer   ; DESKTOP-2MMFH7K  ; Windows 10 ; 10.0       ; x86_64         ;
; EDA Netlist Writer   ; DESKTOP-2MMFH7K  ; Windows 10 ; 10.0       ; x86_64         ;
; EDA Netlist Writer   ; DESKTOP-2MMFH7K  ; Windows 10 ; 10.0       ; x86_64         ;
; EDA Netlist Writer   ; DESKTOP-2MMFH7K  ; Windows 10 ; 10.0       ; x86_64         ;
; EDA Netlist Writer   ; DESKTOP-2MMFH7K  ; Windows 10 ; 10.0       ; x86_64         ;
; EDA Netlist Writer   ; DESKTOP-2MMFH7K  ; Windows 10 ; 10.0       ; x86_64         ;
; EDA Netlist Writer   ; DESKTOP-2MMFH7K  ; Windows 10 ; 10.0       ; x86_64         ;
; EDA Netlist Writer   ; DESKTOP-2MMFH7K  ; Windows 10 ; 10.0       ; x86_64         ;
; EDA Netlist Writer   ; DESKTOP-2MMFH7K  ; Windows 10 ; 10.0       ; x86_64         ;
; EDA Netlist Writer   ; DESKTOP-2MMFH7K  ; Windows 10 ; 10.0       ; x86_64         ;
; EDA Netlist Writer   ; DESKTOP-2MMFH7K  ; Windows 10 ; 10.0       ; x86_64         ;
; EDA Netlist Writer   ; DESKTOP-2MMFH7K  ; Windows 10 ; 10.0       ; x86_64         ;
; EDA Netlist Writer   ; DESKTOP-2MMFH7K  ; Windows 10 ; 10.0       ; x86_64         ;
+----------------------+------------------+------------+------------+----------------+


------------
; Flow Log ;
------------
quartus_map --read_settings_files=on --write_settings_files=off VGASystem -c VGASystem
quartus_fit --read_settings_files=off --write_settings_files=off VGASystem -c VGASystem
quartus_asm --read_settings_files=off --write_settings_files=off VGASystem -c VGASystem
quartus_sta VGASystem -c VGASystem
quartus_eda --read_settings_files=off --write_settings_files=off VGASystem -c VGASystem
quartus_eda --gen_testbench --tool=modelsim_oem --format=verilog --write_settings_files=off VGASystem -c VGASystem --vector_source="C:/Users/Michael Cooke/Desktop/Repos/ESSA/VGASystem/Waveform.vwf" --testbench_file="C:/Users/Michael Cooke/Desktop/Repos/ESSA/VGASystem/simulation/qsim/Waveform.vwf.vt"
quartus_eda --write_settings_files=off --simulation=on --functional=on --flatten_buses=off --tool=modelsim_oem --format=verilog --output_directory="C:/Users/Michael Cooke/Desktop/Repos/ESSA/VGASystem/simulation/qsim/" VGASystem -c VGASystem
quartus_eda --gen_testbench --tool=modelsim_oem --format=verilog --write_settings_files=off VGASystem -c VGASystem --vector_source="C:/Users/Michael Cooke/Desktop/Repos/ESSA/VGASystem/Waveform.vwf" --testbench_file="C:/Users/Michael Cooke/Desktop/Repos/ESSA/VGASystem/simulation/qsim/Waveform.vwf.vt"
quartus_eda --write_settings_files=off --simulation=on --functional=on --flatten_buses=off --tool=modelsim_oem --format=verilog --output_directory="C:/Users/Michael Cooke/Desktop/Repos/ESSA/VGASystem/simulation/qsim/" VGASystem -c VGASystem
quartus_eda --gen_testbench --tool=modelsim_oem --format=verilog --write_settings_files=off VGASystem -c VGASystem --vector_source="C:/Users/Michael Cooke/Desktop/Repos/ESSA/VGASystem/Waveform.vwf" --testbench_file="C:/Users/Michael Cooke/Desktop/Repos/ESSA/VGASystem/simulation/qsim/Waveform.vwf.vt"
quartus_eda --write_settings_files=off --simulation=on --functional=on --flatten_buses=off --tool=modelsim_oem --format=verilog --output_directory="C:/Users/Michael Cooke/Desktop/Repos/ESSA/VGASystem/simulation/qsim/" VGASystem -c VGASystem
quartus_eda --gen_testbench --tool=modelsim_oem --format=verilog --write_settings_files=off VGASystem -c VGASystem --vector_source="C:/Users/Michael Cooke/Desktop/Repos/ESSA/VGASystem/Waveform.vwf" --testbench_file="C:/Users/Michael Cooke/Desktop/Repos/ESSA/VGASystem/simulation/modelsim/Waveform.vwf.vt"
quartus_eda --gen_testbench --tool=modelsim_oem --format=verilog --write_settings_files=off VGASystem -c VGASystem --vector_source="C:/Users/Michael Cooke/Desktop/Repos/ESSA/VGASystem/Waveform.vwf" --testbench_file="C:/Users/Michael Cooke/Desktop/Repos/ESSA/VGASystem/simulation/qsim/Waveform.vwf.vt"
quartus_eda --write_settings_files=off --simulation=on --functional=on --flatten_buses=off --tool=modelsim_oem --format=verilog --output_directory="C:/Users/Michael Cooke/Desktop/Repos/ESSA/VGASystem/simulation/qsim/" VGASystem -c VGASystem
quartus_eda --gen_testbench --tool=modelsim_oem --format=verilog --write_settings_files=off VGASystem -c VGASystem --vector_source="C:/Users/Michael Cooke/Desktop/Repos/ESSA/VGASystem/Waveform.vwf" --testbench_file="C:/Users/Michael Cooke/Desktop/Repos/ESSA/VGASystem/simulation/qsim/Waveform.vwf.vt"
quartus_eda --write_settings_files=off --simulation=on --functional=off --flatten_buses=off --timescale=1ps --tool=modelsim_oem --format=verilog --output_directory="C:/Users/Michael Cooke/Desktop/Repos/ESSA/VGASystem/simulation/qsim/" VGASystem -c VGASystem
quartus_eda --gen_testbench --tool=modelsim_oem --format=verilog --write_settings_files=off VGASystem -c VGASystem --vector_source="C:/Users/Michael Cooke/Desktop/Repos/ESSA/VGASystem/Waveform.vwf" --testbench_file="C:/Users/Michael Cooke/Desktop/Repos/ESSA/VGASystem/simulation/qsim/Waveform.vwf.vt"
quartus_eda --write_settings_files=off --simulation=on --functional=on --flatten_buses=off --tool=modelsim_oem --format=verilog --output_directory="C:/Users/Michael Cooke/Desktop/Repos/ESSA/VGASystem/simulation/qsim/" VGASystem -c VGASystem
quartus_eda --gen_testbench --tool=modelsim_oem --format=verilog --write_settings_files=off VGASystem -c VGASystem --vector_source="C:/Users/Michael Cooke/Desktop/Repos/ESSA/VGASystem/Waveform.vwf" --testbench_file="C:/Users/Michael Cooke/Desktop/Repos/ESSA/VGASystem/simulation/qsim/Waveform.vwf.vt"
quartus_eda --write_settings_files=off --simulation=on --functional=on --flatten_buses=off --tool=modelsim_oem --format=verilog --output_directory="C:/Users/Michael Cooke/Desktop/Repos/ESSA/VGASystem/simulation/qsim/" VGASystem -c VGASystem
quartus_eda --gen_testbench --tool=modelsim_oem --format=verilog --write_settings_files=off VGASystem -c VGASystem --vector_source="C:/Users/Michael Cooke/Desktop/Repos/ESSA/VGASystem/Waveform.vwf" --testbench_file="C:/Users/Michael Cooke/Desktop/Repos/ESSA/VGASystem/simulation/qsim/Waveform.vwf.vt"
quartus_eda --write_settings_files=off --simulation=on --functional=on --flatten_buses=off --tool=modelsim_oem --format=verilog --output_directory="C:/Users/Michael Cooke/Desktop/Repos/ESSA/VGASystem/simulation/qsim/" VGASystem -c VGASystem



